#
# There is insufficient memory for the Java Runtime Environment to continue.
# Native memory allocation (mmap) failed to map 15728640 bytes for committing reserved memory.
# Possible reasons:
#   The system is out of physical RAM or swap space
#   In 32 bit mode, the process size limit was hit
# Possible solutions:
#   Reduce memory load on the system
#   Increase physical memory or swap space
#   Check if swap backing store is full
#   Use 64 bit Java on a 64 bit OS
#   Decrease Java heap size (-Xmx/-Xms)
#   Decrease number of Java threads
#   Decrease Java thread stack sizes (-Xss)
#   Set larger code cache with -XX:ReservedCodeCacheSize=
# This output file may be truncated or incomplete.
#
#  Out of Memory Error (os_linux.cpp:2718), pid=11018, tid=139911564859136
#
# JRE version: Java(TM) SE Runtime Environment (8.0_05-b13) (build 1.8.0_05-b13)
# Java VM: Java HotSpot(TM) 64-Bit Server VM (25.5-b02 mixed mode linux-amd64 compressed oops)
# Failed to write core dump. Core dumps have been disabled. To enable core dumping, try "ulimit -c unlimited" before starting Java again
#

---------------  T H R E A D  ---------------

Current thread (0x00007f3fc806f000):  VMThread [stack: 0x00007f3fb30f9000,0x00007f3fb31fa000] [id=11024]

Stack: [0x00007f3fb30f9000,0x00007f3fb31fa000],  sp=0x00007f3fb31f82a0,  free space=1020k
Native frames: (J=compiled Java code, j=interpreted, Vv=VM code, C=native code)
V  [libjvm.so+0xa2f43a]  VMError::report_and_die()+0x2ca
V  [libjvm.so+0x4b2d5b]  report_vm_out_of_memory(char const*, int, unsigned long, VMErrorType, char const*)+0x8b
V  [libjvm.so+0x89e443]  os::Linux::commit_memory_impl(char*, unsigned long, bool)+0x103
V  [libjvm.so+0x89e999]  os::pd_commit_memory(char*, unsigned long, unsigned long, bool)+0x29
V  [libjvm.so+0x89863a]  os::commit_memory(char*, unsigned long, unsigned long, bool)+0x2a
V  [libjvm.so+0x909243]  PSVirtualSpace::expand_by(unsigned long)+0x53
V  [libjvm.so+0x90a648]  PSYoungGen::resize_generation(unsigned long, unsigned long)+0xf8
V  [libjvm.so+0x9097a2]  PSYoungGen::resize(unsigned long, unsigned long)+0x22
V  [libjvm.so+0x906aff]  PSScavenge::invoke_no_policy()+0xf0f
V  [libjvm.so+0x907271]  PSScavenge::invoke()+0x41
V  [libjvm.so+0x8bfed0]  ParallelScavengeHeap::failed_mem_allocate(unsigned long)+0x70
V  [libjvm.so+0xa30af7]  VM_ParallelGCFailedAllocation::doit()+0x97
V  [libjvm.so+0xa38215]  VM_Operation::evaluate()+0x55
V  [libjvm.so+0xa3660a]  VMThread::evaluate_operation(VM_Operation*)+0xba
V  [libjvm.so+0xa3698e]  VMThread::loop()+0x1ce
V  [libjvm.so+0xa36e00]  VMThread::run()+0x70
V  [libjvm.so+0x8a00c8]  java_start(Thread*)+0x108

VM_Operation (0x00007f3fcfcfe970): ParallelGCFailedAllocation, mode: safepoint, requested by thread 0x00007f3fc800a000


---------------  P R O C E S S  ---------------

Java Threads: ( => current thread )
  0x00007f3fc8505000 JavaThread "process reaper" daemon [_thread_blocked, id=11033, stack(0x00007f3fb20b0000,0x00007f3fb20e9000)]
  0x00007f3fc80af800 JavaThread "Service Thread" daemon [_thread_blocked, id=11030, stack(0x00007f3fb2411000,0x00007f3fb2512000)]
  0x00007f3fc80ac800 JavaThread "C1 CompilerThread1" daemon [_thread_blocked, id=11029, stack(0x00007f3fb2512000,0x00007f3fb2613000)]
  0x00007f3fc80aa000 JavaThread "C2 CompilerThread0" daemon [_thread_blocked, id=11028, stack(0x00007f3fb2613000,0x00007f3fb2714000)]
  0x00007f3fc80a8000 JavaThread "Signal Dispatcher" daemon [_thread_blocked, id=11027, stack(0x00007f3fb2714000,0x00007f3fb2815000)]
  0x00007f3fc8078800 JavaThread "Finalizer" daemon [_thread_blocked, id=11026, stack(0x00007f3fb2ef7000,0x00007f3fb2ff8000)]
  0x00007f3fc8074800 JavaThread "Reference Handler" daemon [_thread_blocked, id=11025, stack(0x00007f3fb2ff8000,0x00007f3fb30f9000)]
  0x00007f3fc800a000 JavaThread "main" [_thread_blocked, id=11021, stack(0x00007f3fcfc04000,0x00007f3fcfd05000)]

Other Threads:
=>0x00007f3fc806f000 VMThread [stack: 0x00007f3fb30f9000,0x00007f3fb31fa000] [id=11024]
  0x00007f3fc80dc800 WatcherThread [stack: 0x00007f3fb2310000,0x00007f3fb2411000] [id=11031]

VM state:at safepoint (normal execution)

VM Mutex/Monitor currently owned by a thread:  ([mutex/lock_event])
[0x00007f3fc80063d0] Threads_lock - owner thread: 0x00007f3fc806f000
[0x00007f3fc80068d0] Heap_lock - owner thread: 0x00007f3fc800a000

Heap:
 PSYoungGen      total 23552K, used 2034K [0x00000000f5980000, 0x00000000f7280000, 0x0000000100000000)
  eden space 21504K, 0% used [0x00000000f5980000,0x00000000f5980000,0x00000000f6e80000)
  from space 2048K, 99% used [0x00000000f6e80000,0x00000000f707cbb8,0x00000000f7080000)
  to   space 2048K, 0% used [0x00000000f7080000,0x00000000f7080000,0x00000000f7280000)
 ParOldGen       total 31232K, used 4284K [0x00000000e0c00000, 0x00000000e2a80000, 0x00000000f5980000)
  object space 31232K, 13% used [0x00000000e0c00000,0x00000000e102f338,0x00000000e2a80000)
 Metaspace       used 12443K, capacity 12794K, committed 13056K, reserved 1060864K
  class space    used 1570K, capacity 1686K, committed 1792K, reserved 1048576K

Card table byte_map: [0x00007f3fcc980000,0x00007f3fcca7b000] byte_map_base: 0x00007f3fcc27a000

Marking Bits: (ParMarkBitMap*) 0x00007f3fcf0d4cc0
 Begin Bits: [0x00007f3fb8060000, 0x00007f3fb8830000)
 End Bits:   [0x00007f3fb8830000, 0x00007f3fb9000000)

Polling page: 0x00007f3fcfd1d000

CodeCache: size=245760Kb used=5204Kb max_used=5214Kb free=240555Kb
 bounds [0x00007f3fb9000000, 0x00007f3fb9520000, 0x00007f3fc8000000]
 total_blobs=1968 nmethods=1651 adapters=231
 compilation: enabled

Compilation events (10 events):
Event: 5.611 Thread 0x00007f3fc80ac800 nmethod 1655 0x00007f3fb95043d0 code [0x00007f3fb9504520, 0x00007f3fb9504630]
Event: 5.612 Thread 0x00007f3fc80ac800 1652       3       com.google.common.collect.SingletonImmutableList::size (2 bytes)
Event: 5.612 Thread 0x00007f3fc80ac800 nmethod 1652 0x00007f3fb9517050 code [0x00007f3fb95171a0, 0x00007f3fb95172f0]
Event: 5.612 Thread 0x00007f3fc80ac800 1656       1       com.google.inject.spi.InjectionPoint::getDependencies (5 bytes)
Event: 5.613 Thread 0x00007f3fc80aa000 1657       4       java.lang.ClassNotFoundException::<init> (7 bytes)
Event: 5.615 Thread 0x00007f3fc80aa000 nmethod 1657 0x00007f3fb951a350 code [0x00007f3fb951a4a0, 0x00007f3fb951a868]
Event: 5.615 Thread 0x00007f3fc80ac800 nmethod 1656 0x00007f3fb951a090 code [0x00007f3fb951a1e0, 0x00007f3fb951a2f0]
Event: 5.615 Thread 0x00007f3fc80ac800 1658       1       com.google.inject.Key$AnnotationInstanceStrategy::getAnnotation (5 bytes)
Event: 5.615 Thread 0x00007f3fc80ac800 nmethod 1658 0x00007f3fb9519dd0 code [0x00007f3fb9519f20, 0x00007f3fb951a030]
Event: 5.671 Thread 0x00007f3fc80aa000 1659       4       java.lang.CharacterDataLatin1::toUpperCase (53 bytes)

GC Heap History (10 events):
Event: 1.315 GC heap after
Heap after GC invocations=8 (full 0):
 PSYoungGen      total 9728K, used 771K [0x00000000f5980000, 0x00000000f6480000, 0x0000000100000000)
  eden space 8192K, 0% used [0x00000000f5980000,0x00000000f5980000,0x00000000f6180000)
  from space 1536K, 50% used [0x00000000f6300000,0x00000000f63c0cb8,0x00000000f6480000)
  to   space 1536K, 0% used [0x00000000f6180000,0x00000000f6180000,0x00000000f6300000)
 ParOldGen       total 31232K, used 1431K [0x00000000e0c00000, 0x00000000e2a80000, 0x00000000f5980000)
  object space 31232K, 4% used [0x00000000e0c00000,0x00000000e0d65d58,0x00000000e2a80000)
 Metaspace       used 6540K, capacity 6668K, committed 6784K, reserved 1056768K
  class space    used 807K, capacity 888K, committed 896K, reserved 1048576K
}
Event: 1.597 GC heap before
{Heap before GC invocations=9 (full 0):
 PSYoungGen      total 9728K, used 8963K [0x00000000f5980000, 0x00000000f6480000, 0x0000000100000000)
  eden space 8192K, 100% used [0x00000000f5980000,0x00000000f6180000,0x00000000f6180000)
  from space 1536K, 50% used [0x00000000f6300000,0x00000000f63c0cb8,0x00000000f6480000)
  to   space 1536K, 0% used [0x00000000f6180000,0x00000000f6180000,0x00000000f6300000)
 ParOldGen       total 31232K, used 1431K [0x00000000e0c00000, 0x00000000e2a80000, 0x00000000f5980000)
  object space 31232K, 4% used [0x00000000e0c00000,0x00000000e0d65d58,0x00000000e2a80000)
 Metaspace       used 6745K, capacity 6956K, committed 7168K, reserved 1056768K
  class space    used 844K, capacity 920K, committed 1024K, reserved 1048576K
Event: 1.602 GC heap after
Heap after GC invocations=9 (full 0):
 PSYoungGen      total 9728K, used 816K [0x00000000f5980000, 0x00000000f6980000, 0x0000000100000000)
  eden space 8192K, 0% used [0x00000000f5980000,0x00000000f5980000,0x00000000f6180000)
  from space 1536K, 53% used [0x00000000f6180000,0x00000000f624c010,0x00000000f6300000)
  to   space 1536K, 0% used [0x00000000f6800000,0x00000000f6800000,0x00000000f6980000)
 ParOldGen       total 31232K, used 1543K [0x00000000e0c00000, 0x00000000e2a80000, 0x00000000f5980000)
  object space 31232K, 4% used [0x00000000e0c00000,0x00000000e0d81d58,0x00000000e2a80000)
 Metaspace       used 6745K, capacity 6956K, committed 7168K, reserved 1056768K
  class space    used 844K, capacity 920K, committed 1024K, reserved 1048576K
}
Event: 1.967 GC heap before
{Heap before GC invocations=10 (full 0):
 PSYoungGen      total 9728K, used 9008K [0x00000000f5980000, 0x00000000f6980000, 0x0000000100000000)
  eden space 8192K, 100% used [0x00000000f5980000,0x00000000f6180000,0x00000000f6180000)
  from space 1536K, 53% used [0x00000000f6180000,0x00000000f624c010,0x00000000f6300000)
  to   space 1536K, 0% used [0x00000000f6800000,0x00000000f6800000,0x00000000f6980000)
 ParOldGen       total 31232K, used 1543K [0x00000000e0c00000, 0x00000000e2a80000, 0x00000000f5980000)
  object space 31232K, 4% used [0x00000000e0c00000,0x00000000e0d81d58,0x00000000e2a80000)
 Metaspace       used 7414K, capacity 7576K, committed 7680K, reserved 1056768K
  class space    used 940K, capacity 1018K, committed 1024K, reserved 1048576K
Event: 1.973 GC heap after
Heap after GC invocations=10 (full 0):
 PSYoungGen      total 14848K, used 1006K [0x00000000f5980000, 0x00000000f6980000, 0x0000000100000000)
  eden space 13312K, 0% used [0x00000000f5980000,0x00000000f5980000,0x00000000f6680000)
  from space 1536K, 65% used [0x00000000f6800000,0x00000000f68fba80,0x00000000f6980000)
  to   space 1536K, 0% used [0x00000000f6680000,0x00000000f6680000,0x00000000f6800000)
 ParOldGen       total 31232K, used 1799K [0x00000000e0c00000, 0x00000000e2a80000, 0x00000000f5980000)
  object space 31232K, 5% used [0x00000000e0c00000,0x00000000e0dc1d58,0x00000000e2a80000)
 Metaspace       used 7414K, capacity 7576K, committed 7680K, reserved 1056768K
  class space    used 940K, capacity 1018K, committed 1024K, reserved 1048576K
}
Event: 2.698 GC heap before
{Heap before GC invocations=11 (full 0):
 PSYoungGen      total 14848K, used 14318K [0x00000000f5980000, 0x00000000f6980000, 0x0000000100000000)
  eden space 13312K, 100% used [0x00000000f5980000,0x00000000f6680000,0x00000000f6680000)
  from space 1536K, 65% used [0x00000000f6800000,0x00000000f68fba80,0x00000000f6980000)
  to   space 1536K, 0% used [0x00000000f6680000,0x00000000f6680000,0x00000000f6800000)
 ParOldGen       total 31232K, used 1799K [0x00000000e0c00000, 0x00000000e2a80000, 0x00000000f5980000)
  object space 31232K, 5% used [0x00000000e0c00000,0x00000000e0dc1d58,0x00000000e2a80000)
 Metaspace       used 8964K, capacity 9106K, committed 9216K, reserved 1056768K
  class space    used 1166K, capacity 1246K, committed 1280K, reserved 1048576K
Event: 2.767 GC heap after
Heap after GC invocations=11 (full 0):
 PSYoungGen      total 14848K, used 1527K [0x00000000f5980000, 0x00000000f7280000, 0x0000000100000000)
  eden space 13312K, 0% used [0x00000000f5980000,0x00000000f5980000,0x00000000f6680000)
  from space 1536K, 99% used [0x00000000f6680000,0x00000000f67fde28,0x00000000f6800000)
  to   space 2048K, 0% used [0x00000000f7080000,0x00000000f7080000,0x00000000f7280000)
 ParOldGen       total 31232K, used 2718K [0x00000000e0c00000, 0x00000000e2a80000, 0x00000000f5980000)
  object space 31232K, 8% used [0x00000000e0c00000,0x00000000e0ea7b30,0x00000000e2a80000)
 Metaspace       used 8964K, capacity 9106K, committed 9216K, reserved 1056768K
  class space    used 1166K, capacity 1246K, committed 1280K, reserved 1048576K
}
Event: 3.563 GC heap before
{Heap before GC invocations=12 (full 0):
 PSYoungGen      total 14848K, used 14839K [0x00000000f5980000, 0x00000000f7280000, 0x0000000100000000)
  eden space 13312K, 100% used [0x00000000f5980000,0x00000000f6680000,0x00000000f6680000)
  from space 1536K, 99% used [0x00000000f6680000,0x00000000f67fde28,0x00000000f6800000)
  to   space 2048K, 0% used [0x00000000f7080000,0x00000000f7080000,0x00000000f7280000)
 ParOldGen       total 31232K, used 2718K [0x00000000e0c00000, 0x00000000e2a80000, 0x00000000f5980000)
  object space 31232K, 8% used [0x00000000e0c00000,0x00000000e0ea7b30,0x00000000e2a80000)
 Metaspace       used 10429K, capacity 10616K, committed 10624K, reserved 1058816K
  class space    used 1330K, capacity 1408K, committed 1408K, reserved 1048576K
Event: 3.582 GC heap after
Heap after GC invocations=12 (full 0):
 PSYoungGen      total 23552K, used 1829K [0x00000000f5980000, 0x00000000f7280000, 0x0000000100000000)
  eden space 21504K, 0% used [0x00000000f5980000,0x00000000f5980000,0x00000000f6e80000)
  from space 2048K, 89% used [0x00000000f7080000,0x00000000f72495d8,0x00000000f7280000)
  to   space 2048K, 0% used [0x00000000f6e80000,0x00000000f6e80000,0x00000000f7080000)
 ParOldGen       total 31232K, used 3326K [0x00000000e0c00000, 0x00000000e2a80000, 0x00000000f5980000)
  object space 31232K, 10% used [0x00000000e0c00000,0x00000000e0f3fb30,0x00000000e2a80000)
 Metaspace       used 10429K, capacity 10616K, committed 10624K, reserved 1058816K
  class space    used 1330K, capacity 1408K, committed 1408K, reserved 1048576K
}
Event: 5.673 GC heap before
{Heap before GC invocations=13 (full 0):
 PSYoungGen      total 23552K, used 23333K [0x00000000f5980000, 0x00000000f7280000, 0x0000000100000000)
  eden space 21504K, 100% used [0x00000000f5980000,0x00000000f6e80000,0x00000000f6e80000)
  from space 2048K, 89% used [0x00000000f7080000,0x00000000f72495d8,0x00000000f7280000)
  to   space 2048K, 0% used [0x00000000f6e80000,0x00000000f6e80000,0x00000000f7080000)
 ParOldGen       total 31232K, used 3326K [0x00000000e0c00000, 0x00000000e2a80000, 0x00000000f5980000)
  object space 31232K, 10% used [0x00000000e0c00000,0x00000000e0f3fb30,0x00000000e2a80000)
 Metaspace       used 12443K, capacity 12794K, committed 13056K, reserved 1060864K
  class space    used 1570K, capacity 1686K, committed 1792K, reserved 1048576K

Deoptimization events (7 events):
Event: 2.211 Thread 0x00007f3fc800a000 Uncommon trap: reason=bimorphic action=maybe_recompile pc=0x00007f3fb9319ec0 method=java.util.HashMap.putVal(ILjava/lang/Object;Ljava/lang/Object;ZZ)Ljava/lang/Object; @ 203
Event: 2.212 Thread 0x00007f3fc800a000 Uncommon trap: reason=bimorphic action=maybe_recompile pc=0x00007f3fb9319ec0 method=java.util.HashMap.putVal(ILjava/lang/Object;Ljava/lang/Object;ZZ)Ljava/lang/Object; @ 203
Event: 2.212 Thread 0x00007f3fc800a000 Uncommon trap: reason=bimorphic action=maybe_recompile pc=0x00007f3fb9319ec0 method=java.util.HashMap.putVal(ILjava/lang/Object;Ljava/lang/Object;ZZ)Ljava/lang/Object; @ 203
Event: 2.212 Thread 0x00007f3fc800a000 Uncommon trap: reason=bimorphic action=maybe_recompile pc=0x00007f3fb9319ec0 method=java.util.HashMap.putVal(ILjava/lang/Object;Ljava/lang/Object;ZZ)Ljava/lang/Object; @ 203
Event: 4.173 Thread 0x00007f3fc800a000 Uncommon trap: reason=unreached action=reinterpret pc=0x00007f3fb93f97ac method=java.lang.reflect.AccessibleObject.setAccessible0(Ljava/lang/reflect/AccessibleObject;Z)V @ 4
Event: 4.865 Thread 0x00007f3fc800a000 Uncommon trap: reason=unreached action=reinterpret pc=0x00007f3fb92fc9f8 method=java.util.HashMap.hash(Ljava/lang/Object;)I @ 1
Event: 4.867 Thread 0x00007f3fc800a000 Uncommon trap: reason=unreached action=reinterpret pc=0x00007f3fb93170e8 method=java.util.HashMap.hash(Ljava/lang/Object;)I @ 1

Internal exceptions (10 events):
Event: 5.670 Thread 0x00007f3fc800a000 Exception <a 'java/security/PrivilegedActionException'> (0x00000000f6e62128) thrown at [/HUDSON/workspace/8-2-build-linux-amd64/jdk8u5/2488/hotspot/src/share/vm/prims/jvm.cpp, line 1248]
Event: 5.670 Thread 0x00007f3fc800a000 Exception <a 'java/security/PrivilegedActionException'> (0x00000000f6e62e88) thrown at [/HUDSON/workspace/8-2-build-linux-amd64/jdk8u5/2488/hotspot/src/share/vm/prims/jvm.cpp, line 1248]
Event: 5.670 Thread 0x00007f3fc800a000 Exception <a 'java/security/PrivilegedActionException'> (0x00000000f6e68088) thrown at [/HUDSON/workspace/8-2-build-linux-amd64/jdk8u5/2488/hotspot/src/share/vm/prims/jvm.cpp, line 1248]
Event: 5.670 Thread 0x00007f3fc800a000 Exception <a 'java/security/PrivilegedActionException'> (0x00000000f6e68de0) thrown at [/HUDSON/workspace/8-2-build-linux-amd64/jdk8u5/2488/hotspot/src/share/vm/prims/jvm.cpp, line 1248]
Event: 5.671 Thread 0x00007f3fc800a000 Exception <a 'java/security/PrivilegedActionException'> (0x00000000f6e6d908) thrown at [/HUDSON/workspace/8-2-build-linux-amd64/jdk8u5/2488/hotspot/src/share/vm/prims/jvm.cpp, line 1248]
Event: 5.671 Thread 0x00007f3fc800a000 Exception <a 'java/security/PrivilegedActionException'> (0x00000000f6e6e660) thrown at [/HUDSON/workspace/8-2-build-linux-amd64/jdk8u5/2488/hotspot/src/share/vm/prims/jvm.cpp, line 1248]
Event: 5.672 Thread 0x00007f3fc800a000 Exception <a 'java/security/PrivilegedActionException'> (0x00000000f6e73640) thrown at [/HUDSON/workspace/8-2-build-linux-amd64/jdk8u5/2488/hotspot/src/share/vm/prims/jvm.cpp, line 1248]
Event: 5.672 Thread 0x00007f3fc800a000 Exception <a 'java/security/PrivilegedActionException'> (0x00000000f6e743a0) thrown at [/HUDSON/workspace/8-2-build-linux-amd64/jdk8u5/2488/hotspot/src/share/vm/prims/jvm.cpp, line 1248]
Event: 5.672 Thread 0x00007f3fc800a000 Exception <a 'java/security/PrivilegedActionException'> (0x00000000f6e79b18) thrown at [/HUDSON/workspace/8-2-build-linux-amd64/jdk8u5/2488/hotspot/src/share/vm/prims/jvm.cpp, line 1248]
Event: 5.672 Thread 0x00007f3fc800a000 Exception <a 'java/security/PrivilegedActionException'> (0x00000000f6e7a898) thrown at [/HUDSON/workspace/8-2-build-linux-amd64/jdk8u5/2488/hotspot/src/share/vm/prims/jvm.cpp, line 1248]

Events (10 events):
Event: 5.670 loading class org/codehaus/plexus/component/configurator/converters/basic/UrlConverter done
Event: 5.671 loading class org/codehaus/plexus/component/configurator/converters/basic/UriConverter
Event: 5.671 loading class org/codehaus/plexus/component/configurator/converters/basic/UriConverter done
Event: 5.671 loading class java/net/URISyntaxException
Event: 5.672 loading class java/net/URISyntaxException done
Event: 5.672 loading class org/codehaus/plexus/component/configurator/converters/basic/EnumConverter
Event: 5.672 loading class org/codehaus/plexus/component/configurator/converters/basic/EnumConverter done
Event: 5.672 loading class org/codehaus/plexus/component/configurator/converters/composite/MapConverter
Event: 5.672 loading class org/codehaus/plexus/component/configurator/converters/composite/MapConverter done
Event: 5.673 Executing VM operation: ParallelGCFailedAllocation


Dynamic libraries:
00400000-00401000 r-xp 00000000 08:01 418586                             /usr/lib/jvm/java-8-oracle/bin/java
00600000-00601000 rw-p 00000000 08:01 418586                             /usr/lib/jvm/java-8-oracle/bin/java
00d01000-00d22000 rw-p 00000000 00:00 0                                  [heap]
e0c00000-e2a80000 rw-p 00000000 00:00 0 
e2a80000-f5980000 ---p 00000000 00:00 0 
f5980000-f7280000 rw-p 00000000 00:00 0 
f8180000-100000000 ---p 00000000 00:00 0 
100000000-1001c0000 rw-p 00000000 00:00 0 
1001c0000-140000000 ---p 00000000 00:00 0 
7f3f84000000-7f3f84021000 rw-p 00000000 00:00 0 
7f3f84021000-7f3f88000000 ---p 00000000 00:00 0 
7f3f8c000000-7f3f8c422000 rw-p 00000000 00:00 0 
7f3f8c422000-7f3f90000000 ---p 00000000 00:00 0 
7f3f90000000-7f3f90021000 rw-p 00000000 00:00 0 
7f3f90021000-7f3f94000000 ---p 00000000 00:00 0 
7f3f94000000-7f3f944b1000 rw-p 00000000 00:00 0 
7f3f944b1000-7f3f98000000 ---p 00000000 00:00 0 
7f3f98000000-7f3f98021000 rw-p 00000000 00:00 0 
7f3f98021000-7f3f9c000000 ---p 00000000 00:00 0 
7f3f9c000000-7f3f9c021000 rw-p 00000000 00:00 0 
7f3f9c021000-7f3fa0000000 ---p 00000000 00:00 0 
7f3fa0000000-7f3fa0021000 rw-p 00000000 00:00 0 
7f3fa0021000-7f3fa4000000 ---p 00000000 00:00 0 
7f3fa4000000-7f3fa426e000 rw-p 00000000 00:00 0 
7f3fa426e000-7f3fa8000000 ---p 00000000 00:00 0 
7f3fa8000000-7f3fa8021000 rw-p 00000000 00:00 0 
7f3fa8021000-7f3fac000000 ---p 00000000 00:00 0 
7f3fac000000-7f3fac021000 rw-p 00000000 00:00 0 
7f3fac021000-7f3fb0000000 ---p 00000000 00:00 0 
7f3fb1a80000-7f3fb1a81000 rw-p 00000000 00:00 0 
7f3fb1a81000-7f3fb1a82000 r--s 00002000 08:01 925300                     /home/pingeso/.m2/repository/org/codehaus/plexus/plexus-digest/1.0/plexus-digest-1.0.jar
7f3fb1a82000-7f3fb1a86000 r--s 00033000 08:01 925129                     /home/pingeso/.m2/repository/org/codehaus/plexus/plexus-utils/2.0.5/plexus-utils-2.0.5.jar
7f3fb1a86000-7f3fb1a89000 r--s 0001b000 08:01 795209                     /home/pingeso/.m2/repository/junit/junit/3.8.1/junit-3.8.1.jar
7f3fb1a89000-7f3fb1a99000 r-xp 00000000 08:01 418378                     /usr/lib/jvm/java-8-oracle/jre/lib/amd64/libnio.so
7f3fb1a99000-7f3fb1c99000 ---p 00010000 08:01 418378                     /usr/lib/jvm/java-8-oracle/jre/lib/amd64/libnio.so
7f3fb1c99000-7f3fb1c9a000 rw-p 00010000 08:01 418378                     /usr/lib/jvm/java-8-oracle/jre/lib/amd64/libnio.so
7f3fb1c9a000-7f3fb1cb0000 r-xp 00000000 08:01 418358                     /usr/lib/jvm/java-8-oracle/jre/lib/amd64/libnet.so
7f3fb1cb0000-7f3fb1eaf000 ---p 00016000 08:01 418358                     /usr/lib/jvm/java-8-oracle/jre/lib/amd64/libnet.so
7f3fb1eaf000-7f3fb1eb0000 rw-p 00015000 08:01 418358                     /usr/lib/jvm/java-8-oracle/jre/lib/amd64/libnet.so
7f3fb1eb0000-7f3fb1fb0000 rw-p 00000000 00:00 0 
7f3fb1fb0000-7f3fb20b0000 ---p 00000000 00:00 0 
7f3fb20b0000-7f3fb20b3000 ---p 00000000 00:00 0 
7f3fb20b3000-7f3fb22e9000 rw-p 00000000 00:00 0                          [stack:11033]
7f3fb22e9000-7f3fb2305000 r--s 00393000 08:01 418517                     /usr/lib/jvm/java-8-oracle/jre/lib/ext/cldrdata.jar
7f3fb2305000-7f3fb2310000 r--s 0021a000 08:01 418516                     /usr/lib/jvm/java-8-oracle/jre/lib/ext/localedata.jar
7f3fb2310000-7f3fb2311000 ---p 00000000 00:00 0 
7f3fb2311000-7f3fb2411000 rw-p 00000000 00:00 0                          [stack:11031]
7f3fb2411000-7f3fb2414000 ---p 00000000 00:00 0 
7f3fb2414000-7f3fb2512000 rw-p 00000000 00:00 0                          [stack:11030]
7f3fb2512000-7f3fb2515000 ---p 00000000 00:00 0 
7f3fb2515000-7f3fb2613000 rw-p 00000000 00:00 0                          [stack:11029]
7f3fb2613000-7f3fb2616000 ---p 00000000 00:00 0 
7f3fb2616000-7f3fb2714000 rw-p 00000000 00:00 0                          [stack:11028]
7f3fb2714000-7f3fb2717000 ---p 00000000 00:00 0 
7f3fb2717000-7f3fb2815000 rw-p 00000000 00:00 0                          [stack:11027]
7f3fb2815000-7f3fb2ef7000 r--p 00000000 08:01 6941                       /usr/lib/locale/locale-archive
7f3fb2ef7000-7f3fb2efa000 ---p 00000000 00:00 0 
7f3fb2efa000-7f3fb2ff8000 rw-p 00000000 00:00 0                          [stack:11026]
7f3fb2ff8000-7f3fb2ffb000 ---p 00000000 00:00 0 
7f3fb2ffb000-7f3fb30f9000 rw-p 00000000 00:00 0                          [stack:11025]
7f3fb30f9000-7f3fb30fa000 ---p 00000000 00:00 0 
7f3fb30fa000-7f3fb4000000 rw-p 00000000 00:00 0                          [stack:11024]
7f3fb4000000-7f3fb4021000 rw-p 00000000 00:00 0 
7f3fb4021000-7f3fb8000000 ---p 00000000 00:00 0 
7f3fb8000000-7f3fb8001000 r--s 00005000 08:01 793992                     /home/pingeso/.m2/repository/org/apache/maven/plugins/maven-install-plugin/2.3.1/maven-install-plugin-2.3.1.jar
7f3fb8001000-7f3fb8002000 r--p 00000000 00:00 0 
7f3fb8002000-7f3fb8007000 r--s 00092000 08:01 418249                     /usr/lib/jvm/java-8-oracle/jre/lib/jsse.jar
7f3fb8007000-7f3fb8009000 r--s 0000c000 08:01 927990                     /home/pingeso/netbeans-8.0/java/maven-nblib/netbeans-eventspy.jar
7f3fb8009000-7f3fb800b000 r--s 00009000 08:01 927982                     /home/pingeso/netbeans-8.0/java/maven/lib/maven-embedder-3.0.5.jar
7f3fb800b000-7f3fb800f000 r--s 00012000 08:01 928001                     /home/pingeso/netbeans-8.0/java/maven/lib/aether-api-1.13.1.jar
7f3fb800f000-7f3fb8012000 r--s 0001d000 08:01 927994                     /home/pingeso/netbeans-8.0/java/maven/lib/aether-impl-1.13.1.jar
7f3fb8012000-7f3fb8014000 r--s 0000b000 08:01 927981                     /home/pingeso/netbeans-8.0/java/maven/lib/maven-artifact-3.0.5.jar
7f3fb8014000-7f3fb801b000 r--s 0003e000 08:01 927970                     /home/pingeso/netbeans-8.0/java/maven/lib/sisu-inject-bean-2.3.0.jar
7f3fb801b000-7f3fb801c000 r--s 00009000 08:01 928010                     /home/pingeso/netbeans-8.0/java/maven/lib/commons-cli-1.2.jar
7f3fb801c000-7f3fb8021000 r--s 00020000 08:01 927920                     /home/pingeso/netbeans-8.0/java/maven/lib/maven-model-builder-3.0.5.jar
7f3fb8021000-7f3fb8022000 r--s 00003000 08:01 928002                     /home/pingeso/netbeans-8.0/java/maven/lib/aether-spi-1.13.1.jar
7f3fb8022000-7f3fb8026000 r--s 0001c000 08:01 927995                     /home/pingeso/netbeans-8.0/java/maven/lib/aether-util-1.13.1.jar
7f3fb8026000-7f3fb8028000 r--s 00006000 08:01 927848                     /home/pingeso/netbeans-8.0/java/maven/lib/aether-connector-wagon-1.13.1.jar
7f3fb8028000-7f3fb8030000 r--s 0004e000 08:01 927953                     /home/pingeso/netbeans-8.0/java/maven/lib/sisu-guice-3.1.0-no_aop.jar
7f3fb8030000-7f3fb804e000 r--s 0014f000 08:01 928008                     /home/pingeso/netbeans-8.0/java/maven/lib/sisu-guava-0.9.9.jar
7f3fb804e000-7f3fb805a000 r--s 0007b000 08:01 928007                     /home/pingeso/netbeans-8.0/java/maven/lib/maven-core-3.0.5.jar
7f3fb805a000-7f3fb8060000 r--s 0003e000 08:01 927996                     /home/pingeso/netbeans-8.0/java/maven/lib/maven-compat-3.0.5.jar
7f3fb8060000-7f3fb9000000 rw-p 00000000 00:00 0 
7f3fb9000000-7f3fb9520000 rwxp 00000000 00:00 0 
7f3fb9520000-7f3fc8000000 ---p 00000000 00:00 0 
7f3fc8000000-7f3fc863d000 rw-p 00000000 00:00 0 
7f3fc863d000-7f3fcc000000 ---p 00000000 00:00 0 
7f3fcc000000-7f3fcc002000 r--s 00002000 08:01 928000                     /home/pingeso/netbeans-8.0/java/maven/lib/plexus-cipher-1.7.jar
7f3fcc002000-7f3fcc004000 r--s 00000000 08:01 927683                     /home/pingeso/netbeans-8.0/java/maven/lib/plexus-component-annotations-1.5.5.jar
7f3fcc004000-7f3fcc006000 r--s 0000b000 08:01 927967                     /home/pingeso/netbeans-8.0/java/maven/lib/wagon-provider-api-2.4.jar
7f3fcc006000-7f3fcc007000 r--s 00006000 08:01 927921                     /home/pingeso/netbeans-8.0/java/maven/lib/plexus-sec-dispatcher-1.3.jar
7f3fcc007000-7f3fcc009000 r--s 0000d000 08:01 927922                     /home/pingeso/netbeans-8.0/java/maven/lib/plexus-interpolation-1.14.jar
7f3fcc009000-7f3fcc00b000 r--s 0000c000 08:01 927889                     /home/pingeso/netbeans-8.0/java/maven/lib/maven-aether-provider-3.0.5.jar
7f3fcc00b000-7f3fcc026000 r--s 000e0000 08:01 927978                     /home/pingeso/netbeans-8.0/java/maven/lib/wagon-http-2.4-shaded.jar
7f3fcc026000-7f3fcc029000 r--s 00008000 08:01 927873                     /home/pingeso/netbeans-8.0/java/maven/lib/maven-settings-builder-3.0.5.jar
7f3fcc029000-7f3fcc3de000 rw-p 00000000 00:00 0 
7f3fcc3de000-7f3fcc5b3000 r--s 03c4d000 08:01 418246                     /usr/lib/jvm/java-8-oracle/jre/lib/rt.jar
7f3fcc5b3000-7f3fcc77e000 rw-p 00000000 00:00 0 
7f3fcc77e000-7f3fcc77f000 ---p 00000000 00:00 0 
7f3fcc77f000-7f3fcc87f000 rw-p 00000000 00:00 0                          [stack:11023]
7f3fcc87f000-7f3fcc880000 ---p 00000000 00:00 0 
7f3fcc880000-7f3fcc990000 rw-p 00000000 00:00 0                          [stack:11022]
7f3fcc990000-7f3fcca26000 ---p 00000000 00:00 0 
7f3fcca26000-7f3fcca34000 rw-p 00000000 00:00 0 
7f3fcca34000-7f3fcca7a000 ---p 00000000 00:00 0 
7f3fcca7a000-7f3fcca90000 rw-p 00000000 00:00 0 
7f3fcca90000-7f3fcce3b000 ---p 00000000 00:00 0 
7f3fcce3b000-7f3fcce57000 r-xp 00000000 08:01 418399                     /usr/lib/jvm/java-8-oracle/jre/lib/amd64/libzip.so
7f3fcce57000-7f3fcd056000 ---p 0001c000 08:01 418399                     /usr/lib/jvm/java-8-oracle/jre/lib/amd64/libzip.so
7f3fcd056000-7f3fcd057000 rw-p 0001b000 08:01 418399                     /usr/lib/jvm/java-8-oracle/jre/lib/amd64/libzip.so
7f3fcd057000-7f3fcd062000 r-xp 00000000 08:01 921993                     /lib/x86_64-linux-gnu/libnss_files-2.19.so
7f3fcd062000-7f3fcd261000 ---p 0000b000 08:01 921993                     /lib/x86_64-linux-gnu/libnss_files-2.19.so
7f3fcd261000-7f3fcd262000 r--p 0000a000 08:01 921993                     /lib/x86_64-linux-gnu/libnss_files-2.19.so
7f3fcd262000-7f3fcd263000 rw-p 0000b000 08:01 921993                     /lib/x86_64-linux-gnu/libnss_files-2.19.so
7f3fcd263000-7f3fcd26e000 r-xp 00000000 08:01 922003                     /lib/x86_64-linux-gnu/libnss_nis-2.19.so
7f3fcd26e000-7f3fcd46d000 ---p 0000b000 08:01 922003                     /lib/x86_64-linux-gnu/libnss_nis-2.19.so
7f3fcd46d000-7f3fcd46e000 r--p 0000a000 08:01 922003                     /lib/x86_64-linux-gnu/libnss_nis-2.19.so
7f3fcd46e000-7f3fcd46f000 rw-p 0000b000 08:01 922003                     /lib/x86_64-linux-gnu/libnss_nis-2.19.so
7f3fcd46f000-7f3fcd486000 r-xp 00000000 08:01 921987                     /lib/x86_64-linux-gnu/libnsl-2.19.so
7f3fcd486000-7f3fcd685000 ---p 00017000 08:01 921987                     /lib/x86_64-linux-gnu/libnsl-2.19.so
7f3fcd685000-7f3fcd686000 r--p 00016000 08:01 921987                     /lib/x86_64-linux-gnu/libnsl-2.19.so
7f3fcd686000-7f3fcd687000 rw-p 00017000 08:01 921987                     /lib/x86_64-linux-gnu/libnsl-2.19.so
7f3fcd687000-7f3fcd689000 rw-p 00000000 00:00 0 
7f3fcd689000-7f3fcd692000 r-xp 00000000 08:01 921989                     /lib/x86_64-linux-gnu/libnss_compat-2.19.so
7f3fcd692000-7f3fcd891000 ---p 00009000 08:01 921989                     /lib/x86_64-linux-gnu/libnss_compat-2.19.so
7f3fcd891000-7f3fcd892000 r--p 00008000 08:01 921989                     /lib/x86_64-linux-gnu/libnss_compat-2.19.so
7f3fcd892000-7f3fcd893000 rw-p 00009000 08:01 921989                     /lib/x86_64-linux-gnu/libnss_compat-2.19.so
7f3fcd893000-7f3fcd8bd000 r-xp 00000000 08:01 418394                     /usr/lib/jvm/java-8-oracle/jre/lib/amd64/libjava.so
7f3fcd8bd000-7f3fcdabd000 ---p 0002a000 08:01 418394                     /usr/lib/jvm/java-8-oracle/jre/lib/amd64/libjava.so
7f3fcdabd000-7f3fcdabf000 rw-p 0002a000 08:01 418394                     /usr/lib/jvm/java-8-oracle/jre/lib/amd64/libjava.so
7f3fcdabf000-7f3fcdacc000 r-xp 00000000 08:01 418385                     /usr/lib/jvm/java-8-oracle/jre/lib/amd64/libverify.so
7f3fcdacc000-7f3fcdccc000 ---p 0000d000 08:01 418385                     /usr/lib/jvm/java-8-oracle/jre/lib/amd64/libverify.so
7f3fcdccc000-7f3fcdcce000 rw-p 0000d000 08:01 418385                     /usr/lib/jvm/java-8-oracle/jre/lib/amd64/libverify.so
7f3fcdcce000-7f3fcdcd5000 r-xp 00000000 08:01 922046                     /lib/x86_64-linux-gnu/librt-2.19.so
7f3fcdcd5000-7f3fcded4000 ---p 00007000 08:01 922046                     /lib/x86_64-linux-gnu/librt-2.19.so
7f3fcded4000-7f3fcded5000 r--p 00006000 08:01 922046                     /lib/x86_64-linux-gnu/librt-2.19.so
7f3fcded5000-7f3fcded6000 rw-p 00007000 08:01 922046                     /lib/x86_64-linux-gnu/librt-2.19.so
7f3fcded6000-7f3fcdfdb000 r-xp 00000000 08:01 921968                     /lib/x86_64-linux-gnu/libm-2.19.so
7f3fcdfdb000-7f3fce1da000 ---p 00105000 08:01 921968                     /lib/x86_64-linux-gnu/libm-2.19.so
7f3fce1da000-7f3fce1db000 r--p 00104000 08:01 921968                     /lib/x86_64-linux-gnu/libm-2.19.so
7f3fce1db000-7f3fce1dc000 rw-p 00105000 08:01 921968                     /lib/x86_64-linux-gnu/libm-2.19.so
7f3fce1dc000-7f3fcedf6000 r-xp 00000000 08:01 418372                     /usr/lib/jvm/java-8-oracle/jre/lib/amd64/server/libjvm.so
7f3fcedf6000-7f3fceff5000 ---p 00c1a000 08:01 418372                     /usr/lib/jvm/java-8-oracle/jre/lib/amd64/server/libjvm.so
7f3fceff5000-7f3fcf0be000 rw-p 00c19000 08:01 418372                     /usr/lib/jvm/java-8-oracle/jre/lib/amd64/server/libjvm.so
7f3fcf0be000-7f3fcf0ff000 rw-p 00000000 00:00 0 
7f3fcf0ff000-7f3fcf2bb000 r-xp 00000000 08:01 921918                     /lib/x86_64-linux-gnu/libc-2.19.so
7f3fcf2bb000-7f3fcf4ba000 ---p 001bc000 08:01 921918                     /lib/x86_64-linux-gnu/libc-2.19.so
7f3fcf4ba000-7f3fcf4be000 r--p 001bb000 08:01 921918                     /lib/x86_64-linux-gnu/libc-2.19.so
7f3fcf4be000-7f3fcf4c0000 rw-p 001bf000 08:01 921918                     /lib/x86_64-linux-gnu/libc-2.19.so
7f3fcf4c0000-7f3fcf4c5000 rw-p 00000000 00:00 0 
7f3fcf4c5000-7f3fcf4c8000 r-xp 00000000 08:01 921935                     /lib/x86_64-linux-gnu/libdl-2.19.so
7f3fcf4c8000-7f3fcf6c7000 ---p 00003000 08:01 921935                     /lib/x86_64-linux-gnu/libdl-2.19.so
7f3fcf6c7000-7f3fcf6c8000 r--p 00002000 08:01 921935                     /lib/x86_64-linux-gnu/libdl-2.19.so
7f3fcf6c8000-7f3fcf6c9000 rw-p 00003000 08:01 921935                     /lib/x86_64-linux-gnu/libdl-2.19.so
7f3fcf6c9000-7f3fcf6e0000 r-xp 00000000 08:01 288793                     /usr/lib/jvm/java-8-oracle/lib/amd64/jli/libjli.so
7f3fcf6e0000-7f3fcf8df000 ---p 00017000 08:01 288793                     /usr/lib/jvm/java-8-oracle/lib/amd64/jli/libjli.so
7f3fcf8df000-7f3fcf8e0000 rw-p 00016000 08:01 288793                     /usr/lib/jvm/java-8-oracle/lib/amd64/jli/libjli.so
7f3fcf8e0000-7f3fcf8f9000 r-xp 00000000 08:01 922038                     /lib/x86_64-linux-gnu/libpthread-2.19.so
7f3fcf8f9000-7f3fcfaf8000 ---p 00019000 08:01 922038                     /lib/x86_64-linux-gnu/libpthread-2.19.so
7f3fcfaf8000-7f3fcfaf9000 r--p 00018000 08:01 922038                     /lib/x86_64-linux-gnu/libpthread-2.19.so
7f3fcfaf9000-7f3fcfafa000 rw-p 00019000 08:01 922038                     /lib/x86_64-linux-gnu/libpthread-2.19.so
7f3fcfafa000-7f3fcfafe000 rw-p 00000000 00:00 0 
7f3fcfafe000-7f3fcfb21000 r-xp 00000000 08:01 921894                     /lib/x86_64-linux-gnu/ld-2.19.so
7f3fcfb21000-7f3fcfb27000 r--s 0002b000 08:01 927941                     /home/pingeso/netbeans-8.0/java/maven/lib/sisu-inject-plexus-2.3.0.jar
7f3fcfb27000-7f3fcfb29000 r--s 0000a000 08:01 927969                     /home/pingeso/netbeans-8.0/java/maven/lib/maven-plugin-api-3.0.5.jar
7f3fcfb29000-7f3fcfb2c000 r--s 00033000 08:01 927993                     /home/pingeso/netbeans-8.0/java/maven/lib/plexus-utils-2.0.6.jar
7f3fcfb2c000-7f3fcfb2e000 r--s 0000a000 08:01 927983                     /home/pingeso/netbeans-8.0/java/maven/lib/maven-settings-3.0.5.jar
7f3fcfb2e000-7f3fcfb30000 r--s 00006000 08:01 927785                     /home/pingeso/netbeans-8.0/java/maven/lib/maven-repository-metadata-3.0.5.jar
7f3fcfb30000-7f3fcfb33000 r--s 00025000 08:01 927999                     /home/pingeso/netbeans-8.0/java/maven/lib/maven-model-3.0.5.jar
7f3fcfb33000-7f3fcfb35000 r--s 0000a000 08:01 927955                     /home/pingeso/netbeans-8.0/java/maven/boot/plexus-classworlds-2.4.jar
7f3fcfb35000-7f3fcfb6d000 rw-p 00000000 00:00 0 
7f3fcfb6d000-7f3fcfc04000 ---p 00000000 00:00 0 
7f3fcfc04000-7f3fcfc07000 ---p 00000000 00:00 0 
7f3fcfc07000-7f3fcfd09000 rw-p 00000000 00:00 0                          [stack:11021]
7f3fcfd09000-7f3fcfd0a000 r--s 00002000 08:01 928012                     /home/pingeso/netbeans-8.0/java/maven/lib/wagon-file-2.4.jar
7f3fcfd0a000-7f3fcfd14000 rw-p 00000000 00:00 0 
7f3fcfd14000-7f3fcfd1c000 rw-s 00000000 08:01 264520                     /tmp/hsperfdata_pingeso/11018
7f3fcfd1c000-7f3fcfd1d000 rw-p 00000000 00:00 0 
7f3fcfd1d000-7f3fcfd1e000 ---p 00000000 00:00 0 
7f3fcfd1e000-7f3fcfd20000 rw-p 00000000 00:00 0 
7f3fcfd20000-7f3fcfd21000 r--p 00022000 08:01 921894                     /lib/x86_64-linux-gnu/ld-2.19.so
7f3fcfd21000-7f3fcfd22000 rw-p 00023000 08:01 921894                     /lib/x86_64-linux-gnu/ld-2.19.so
7f3fcfd22000-7f3fcfd23000 rw-p 00000000 00:00 0 
7fffe09a8000-7fffe09c9000 rw-p 00000000 00:00 0                          [stack]
7fffe09fe000-7fffe0a00000 r-xp 00000000 00:00 0                          [vdso]
ffffffffff600000-ffffffffff601000 r-xp 00000000 00:00 0                  [vsyscall]

VM Arguments:
jvm_args: -Dclassworlds.conf=/home/pingeso/netbeans-8.0/java/maven/bin/m2.conf -Dmaven.home=/home/pingeso/netbeans-8.0/java/maven 
java_command: org.codehaus.plexus.classworlds.launcher.Launcher -Dmaven.ext.class.path=/home/pingeso/netbeans-8.0/java/maven-nblib/netbeans-eventspy.jar --also-make --projects newborns-ear install
java_class_path (initial): /home/pingeso/netbeans-8.0/java/maven/boot/plexus-classworlds-2.4.jar
Launcher Type: SUN_STANDARD

Environment Variables:
JAVA_HOME=/usr/lib/jvm/java-8-oracle
PATH=/usr/local/sbin:/usr/local/bin:/usr/sbin:/usr/bin:/sbin:/bin:/usr/games:/usr/local/games
LD_LIBRARY_PATH=/usr/lib/jvm/java-8-oracle/jre/lib/amd64:/usr/lib/jvm/java-8-oracle/jre/lib/i386:
SHELL=/bin/bash
DISPLAY=:0

Signal Handlers:
SIGSEGV: [libjvm.so+0xa2fc90], sa_mask[0]=0x7ffbfeff, sa_flags=0x10000004
SIGBUS: [libjvm.so+0xa2fc90], sa_mask[0]=0x7ffbfeff, sa_flags=0x10000004
SIGFPE: [libjvm.so+0x89b4b0], sa_mask[0]=0x7ffbfeff, sa_flags=0x10000004
SIGPIPE: [libjvm.so+0x89b4b0], sa_mask[0]=0x7ffbfeff, sa_flags=0x10000004
SIGXFSZ: [libjvm.so+0x89b4b0], sa_mask[0]=0x7ffbfeff, sa_flags=0x10000004
SIGILL: [libjvm.so+0x89b4b0], sa_mask[0]=0x7ffbfeff, sa_flags=0x10000004
SIGUSR1: SIG_DFL, sa_mask[0]=0x00000000, sa_flags=0x00000000
SIGUSR2: [libjvm.so+0x89cc50], sa_mask[0]=0x00000004, sa_flags=0x10000004
SIGHUP: [libjvm.so+0x89df00], sa_mask[0]=0x7ffbfeff, sa_flags=0x10000004
SIGINT: SIG_IGN, sa_mask[0]=0x00000000, sa_flags=0x00000000
SIGTERM: [libjvm.so+0x89df00], sa_mask[0]=0x7ffbfeff, sa_flags=0x10000004
SIGQUIT: [libjvm.so+0x89df00], sa_mask[0]=0x7ffbfeff, sa_flags=0x10000004


---------------  S Y S T E M  ---------------

OS:DISTRIB_ID=Ubuntu
DISTRIB_RELEASE=14.04
DISTRIB_CODENAME=trusty
DISTRIB_DESCRIPTION="Ubuntu 14.04 LTS"

uname:Linux 3.13.0-29-generic #53-Ubuntu SMP Wed Jun 4 21:00:20 UTC 2014 x86_64
libc:glibc 2.19 NPTL 2.19 
rlimit: STACK 8192k, CORE 0k, NPROC 15790, NOFILE 4096, AS infinity
load average:2.41 1.32 0.78

/proc/meminfo:
MemTotal:        2042696 kB
MemFree:           57480 kB
Buffers:             372 kB
Cached:            12956 kB
SwapCached:         1396 kB
Active:          1337988 kB
Inactive:         455768 kB
Active(anon):    1337124 kB
Inactive(anon):   447068 kB
Active(file):        864 kB
Inactive(file):     8700 kB
Unevictable:          48 kB
Mlocked:              48 kB
SwapTotal:       1046524 kB
SwapFree:             12 kB
Dirty:                 8 kB
Writeback:            16 kB
AnonPages:       1779248 kB
Mapped:             2680 kB
Shmem:              3660 kB
Slab:              61164 kB
SReclaimable:      23700 kB
SUnreclaim:        37464 kB
KernelStack:        6624 kB
PageTables:        36832 kB
NFS_Unstable:          0 kB
Bounce:                0 kB
WritebackTmp:          0 kB
CommitLimit:     2067872 kB
Committed_AS:    5411692 kB
VmallocTotal:   34359738367 kB
VmallocUsed:      165432 kB
VmallocChunk:   34359509820 kB
HardwareCorrupted:     0 kB
AnonHugePages:    364544 kB
HugePages_Total:       0
HugePages_Free:        0
HugePages_Rsvd:        0
HugePages_Surp:        0
Hugepagesize:       2048 kB
DirectMap4k:       51072 kB
DirectMap2M:     2045952 kB
DirectMap1G:           0 kB


CPU:total 2 (1 cores per cpu, 1 threads per core) family 6 model 69 stepping 1, cmov, cx8, fxsr, mmx, sse, sse2, sse3, ssse3, sse4.1, sse4.2, popcnt, avx, aes, clmul, erms, tsc, tscinvbit

/proc/cpuinfo:
processor	: 0
vendor_id	: GenuineIntel
cpu family	: 6
model		: 69
model name	: Intel(R) Core(TM) i5-4258U CPU @ 2.40GHz
stepping	: 1
microcode	: 0x17
cpu MHz		: 2399.595
cache size	: 3072 KB
physical id	: 0
siblings	: 1
core id		: 0
cpu cores	: 1
apicid		: 0
initial apicid	: 0
fpu		: yes
fpu_exception	: yes
cpuid level	: 13
wp		: yes
flags		: fpu vme de pse tsc msr pae mce cx8 apic sep mtrr pge mca cmov pat pse36 clflush dts mmx fxsr sse sse2 ss syscall nx pdpe1gb rdtscp lm constant_tsc arch_perfmon pebs bts nopl xtopology tsc_reliable nonstop_tsc aperfmperf eagerfpu pni pclmulqdq ssse3 fma cx16 pcid sse4_1 sse4_2 x2apic movbe popcnt aes xsave avx f16c rdrand hypervisor lahf_lm ida arat epb xsaveopt pln pts dtherm fsgsbase smep
bogomips	: 4799.19
clflush size	: 64
cache_alignment	: 64
address sizes	: 40 bits physical, 48 bits virtual
power management:

processor	: 1
vendor_id	: GenuineIntel
cpu family	: 6
model		: 69
model name	: Intel(R) Core(TM) i5-4258U CPU @ 2.40GHz
stepping	: 1
microcode	: 0x17
cpu MHz		: 2399.595
cache size	: 3072 KB
physical id	: 2
siblings	: 1
core id		: 0
cpu cores	: 1
apicid		: 2
initial apicid	: 2
fpu		: yes
fpu_exception	: yes
cpuid level	: 13
wp		: yes
flags		: fpu vme de pse tsc msr pae mce cx8 apic sep mtrr pge mca cmov pat pse36 clflush dts mmx fxsr sse sse2 ss syscall nx pdpe1gb rdtscp lm constant_tsc arch_perfmon pebs bts nopl xtopology tsc_reliable nonstop_tsc aperfmperf eagerfpu pni pclmulqdq ssse3 fma cx16 pcid sse4_1 sse4_2 x2apic movbe popcnt aes xsave avx f16c rdrand hypervisor lahf_lm ida arat epb xsaveopt pln pts dtherm fsgsbase smep
bogomips	: 4799.19
clflush size	: 64
cache_alignment	: 64
address sizes	: 40 bits physical, 48 bits virtual
power management:



Memory: 4k page, physical 2042696k(57480k free), swap 1046524k(12k free)

vm_info: Java HotSpot(TM) 64-Bit Server VM (25.5-b02) for linux-amd64 JRE (1.8.0_05-b13), built on Mar 18 2014 00:29:27 by "java_re" with gcc 4.3.0 20080428 (Red Hat 4.3.0-8)

time: Sat Jun 21 23:37:26 2014
elapsed time: 5 seconds

