#
# There is insufficient memory for the Java Runtime Environment to continue.
# Native memory allocation (mmap) failed to map 15728640 bytes for committing reserved memory.
# Possible reasons:
#   The system is out of physical RAM or swap space
#   In 32 bit mode, the process size limit was hit
# Possible solutions:
#   Reduce memory load on the system
#   Increase physical memory or swap space
#   Check if swap backing store is full
#   Use 64 bit Java on a 64 bit OS
#   Decrease Java heap size (-Xmx/-Xms)
#   Decrease number of Java threads
#   Decrease Java thread stack sizes (-Xss)
#   Set larger code cache with -XX:ReservedCodeCacheSize=
# This output file may be truncated or incomplete.
#
#  Out of Memory Error (os_linux.cpp:2718), pid=11066, tid=140647777421056
#
# JRE version: Java(TM) SE Runtime Environment (8.0_05-b13) (build 1.8.0_05-b13)
# Java VM: Java HotSpot(TM) 64-Bit Server VM (25.5-b02 mixed mode linux-amd64 compressed oops)
# Failed to write core dump. Core dumps have been disabled. To enable core dumping, try "ulimit -c unlimited" before starting Java again
#

---------------  T H R E A D  ---------------

Current thread (0x00007feb2c06f000):  VMThread [stack: 0x00007feb1cbfc000,0x00007feb1ccfd000] [id=11071]

Stack: [0x00007feb1cbfc000,0x00007feb1ccfd000],  sp=0x00007feb1ccfb2a0,  free space=1020k
Native frames: (J=compiled Java code, j=interpreted, Vv=VM code, C=native code)
V  [libjvm.so+0xa2f43a]  VMError::report_and_die()+0x2ca
V  [libjvm.so+0x4b2d5b]  report_vm_out_of_memory(char const*, int, unsigned long, VMErrorType, char const*)+0x8b
V  [libjvm.so+0x89e443]  os::Linux::commit_memory_impl(char*, unsigned long, bool)+0x103
V  [libjvm.so+0x89e999]  os::pd_commit_memory(char*, unsigned long, unsigned long, bool)+0x29
V  [libjvm.so+0x89863a]  os::commit_memory(char*, unsigned long, unsigned long, bool)+0x2a
V  [libjvm.so+0x909243]  PSVirtualSpace::expand_by(unsigned long)+0x53
V  [libjvm.so+0x90a648]  PSYoungGen::resize_generation(unsigned long, unsigned long)+0xf8
V  [libjvm.so+0x9097a2]  PSYoungGen::resize(unsigned long, unsigned long)+0x22
V  [libjvm.so+0x906aff]  PSScavenge::invoke_no_policy()+0xf0f
V  [libjvm.so+0x907271]  PSScavenge::invoke()+0x41
V  [libjvm.so+0x8bfed0]  ParallelScavengeHeap::failed_mem_allocate(unsigned long)+0x70
V  [libjvm.so+0xa30af7]  VM_ParallelGCFailedAllocation::doit()+0x97
V  [libjvm.so+0xa38215]  VM_Operation::evaluate()+0x55
V  [libjvm.so+0xa3660a]  VMThread::evaluate_operation(VM_Operation*)+0xba
V  [libjvm.so+0xa3698e]  VMThread::loop()+0x1ce
V  [libjvm.so+0xa36e00]  VMThread::run()+0x70
V  [libjvm.so+0x8a00c8]  java_start(Thread*)+0x108

VM_Operation (0x00007feb357a1990): ParallelGCFailedAllocation, mode: safepoint, requested by thread 0x00007feb2c00a000


---------------  P R O C E S S  ---------------

Java Threads: ( => current thread )
  0x00007feb2c500800 JavaThread "process reaper" daemon [_thread_blocked, id=11080, stack(0x00007feaffb54000,0x00007feaffb8d000)]
  0x00007feb2c0ad800 JavaThread "Service Thread" daemon [_thread_blocked, id=11077, stack(0x00007feaffeff000,0x00007feb00000000)]
  0x00007feb2c0aa800 JavaThread "C1 CompilerThread1" daemon [_thread_blocked, id=11076, stack(0x00007feb1c015000,0x00007feb1c116000)]
  0x00007feb2c0a7800 JavaThread "C2 CompilerThread0" daemon [_thread_in_native, id=11075, stack(0x00007feb1c116000,0x00007feb1c217000)]
  0x00007feb2c0a5800 JavaThread "Signal Dispatcher" daemon [_thread_blocked, id=11074, stack(0x00007feb1c217000,0x00007feb1c318000)]
  0x00007feb2c078800 JavaThread "Finalizer" daemon [_thread_blocked, id=11073, stack(0x00007feb1c9fa000,0x00007feb1cafb000)]
  0x00007feb2c074800 JavaThread "Reference Handler" daemon [_thread_blocked, id=11072, stack(0x00007feb1cafb000,0x00007feb1cbfc000)]
  0x00007feb2c00a000 JavaThread "main" [_thread_blocked, id=11068, stack(0x00007feb356a7000,0x00007feb357a8000)]

Other Threads:
=>0x00007feb2c06f000 VMThread [stack: 0x00007feb1cbfc000,0x00007feb1ccfd000] [id=11071]
  0x00007feb2c0da800 WatcherThread [stack: 0x00007feaffdfe000,0x00007feaffeff000] [id=11078]

VM state:at safepoint (normal execution)

VM Mutex/Monitor currently owned by a thread:  ([mutex/lock_event])
[0x00007feb2c0063d0] Threads_lock - owner thread: 0x00007feb2c06f000
[0x00007feb2c0068d0] Heap_lock - owner thread: 0x00007feb2c00a000

Heap:
 PSYoungGen      total 23552K, used 2029K [0x00000000f5980000, 0x00000000f7280000, 0x0000000100000000)
  eden space 21504K, 0% used [0x00000000f5980000,0x00000000f5980000,0x00000000f6e80000)
  from space 2048K, 99% used [0x00000000f6e80000,0x00000000f707b590,0x00000000f7080000)
  to   space 2048K, 0% used [0x00000000f7080000,0x00000000f7080000,0x00000000f7280000)
 ParOldGen       total 31232K, used 4165K [0x00000000e0c00000, 0x00000000e2a80000, 0x00000000f5980000)
  object space 31232K, 13% used [0x00000000e0c00000,0x00000000e1011748,0x00000000e2a80000)
 Metaspace       used 12404K, capacity 12698K, committed 12928K, reserved 1060864K
  class space    used 1563K, capacity 1654K, committed 1664K, reserved 1048576K

Card table byte_map: [0x00007feb32423000,0x00007feb3251e000] byte_map_base: 0x00007feb31d1d000

Marking Bits: (ParMarkBitMap*) 0x00007feb34b77cc0
 Begin Bits: [0x00007feb31281000, 0x00007feb31a51000)
 End Bits:   [0x00007feb31a51000, 0x00007feb32221000)

Polling page: 0x00007feb357c0000

CodeCache: size=245760Kb used=5295Kb max_used=5314Kb free=240464Kb
 bounds [0x00007feb1d000000, 0x00007feb1d540000, 0x00007feb2c000000]
 total_blobs=1930 nmethods=1613 adapters=231
 compilation: enabled

Compilation events (10 events):
Event: 4.030 Thread 0x00007feb2c0aa800 1622       3       com.google.inject.spi.InjectionPoint$InjectableMembers::add (42 bytes)
Event: 4.030 Thread 0x00007feb2c0aa800 nmethod 1622 0x00007feb1d518f90 code [0x00007feb1d519100, 0x00007feb1d519310]
Event: 4.030 Thread 0x00007feb2c0aa800 1623       1       org.codehaus.plexus.classworlds.realm.Entry::getClassLoader (5 bytes)
Event: 4.030 Thread 0x00007feb2c0aa800 nmethod 1623 0x00007feb1d529590 code [0x00007feb1d5296e0, 0x00007feb1d5297f0]
Event: 4.044 Thread 0x00007feb2c0aa800 1624       1       com.google.inject.spi.InjectionPoint::getDependencies (5 bytes)
Event: 4.044 Thread 0x00007feb2c0aa800 nmethod 1624 0x00007feb1d529850 code [0x00007feb1d5299a0, 0x00007feb1d529ab0]
Event: 4.047 Thread 0x00007feb2c0aa800 1625       1       com.google.inject.Key$AnnotationInstanceStrategy::getAnnotation (5 bytes)
Event: 4.047 Thread 0x00007feb2c0aa800 nmethod 1625 0x00007feb1d529b10 code [0x00007feb1d529c60, 0x00007feb1d529d70]
Event: 4.068 Thread 0x00007feb2c0a7800 nmethod 1602 0x00007feb1d52ea50 code [0x00007feb1d52ee60, 0x00007feb1d530e60]
Event: 4.068 Thread 0x00007feb2c0a7800 1611   !   4       sun.nio.cs.StreamDecoder::read (196 bytes)

GC Heap History (10 events):
Event: 0.999 GC heap after
Heap after GC invocations=8 (full 0):
 PSYoungGen      total 9728K, used 779K [0x00000000f5980000, 0x00000000f6480000, 0x0000000100000000)
  eden space 8192K, 0% used [0x00000000f5980000,0x00000000f5980000,0x00000000f6180000)
  from space 1536K, 50% used [0x00000000f6300000,0x00000000f63c2e28,0x00000000f6480000)
  to   space 1536K, 0% used [0x00000000f6180000,0x00000000f6180000,0x00000000f6300000)
 ParOldGen       total 31232K, used 1425K [0x00000000e0c00000, 0x00000000e2a80000, 0x00000000f5980000)
  object space 31232K, 4% used [0x00000000e0c00000,0x00000000e0d64638,0x00000000e2a80000)
 Metaspace       used 6505K, capacity 6668K, committed 6784K, reserved 1056768K
  class space    used 806K, capacity 888K, committed 896K, reserved 1048576K
}
Event: 1.300 GC heap before
{Heap before GC invocations=9 (full 0):
 PSYoungGen      total 9728K, used 8971K [0x00000000f5980000, 0x00000000f6480000, 0x0000000100000000)
  eden space 8192K, 100% used [0x00000000f5980000,0x00000000f6180000,0x00000000f6180000)
  from space 1536K, 50% used [0x00000000f6300000,0x00000000f63c2e28,0x00000000f6480000)
  to   space 1536K, 0% used [0x00000000f6180000,0x00000000f6180000,0x00000000f6300000)
 ParOldGen       total 31232K, used 1425K [0x00000000e0c00000, 0x00000000e2a80000, 0x00000000f5980000)
  object space 31232K, 4% used [0x00000000e0c00000,0x00000000e0d64638,0x00000000e2a80000)
 Metaspace       used 6742K, capacity 6956K, committed 7168K, reserved 1056768K
  class space    used 844K, capacity 920K, committed 1024K, reserved 1048576K
Event: 1.334 GC heap after
Heap after GC invocations=9 (full 0):
 PSYoungGen      total 9728K, used 832K [0x00000000f5980000, 0x00000000f6980000, 0x0000000100000000)
  eden space 8192K, 0% used [0x00000000f5980000,0x00000000f5980000,0x00000000f6180000)
  from space 1536K, 54% used [0x00000000f6180000,0x00000000f6250020,0x00000000f6300000)
  to   space 1536K, 0% used [0x00000000f6800000,0x00000000f6800000,0x00000000f6980000)
 ParOldGen       total 31232K, used 1545K [0x00000000e0c00000, 0x00000000e2a80000, 0x00000000f5980000)
  object space 31232K, 4% used [0x00000000e0c00000,0x00000000e0d82638,0x00000000e2a80000)
 Metaspace       used 6742K, capacity 6956K, committed 7168K, reserved 1056768K
  class space    used 844K, capacity 920K, committed 1024K, reserved 1048576K
}
Event: 1.802 GC heap before
{Heap before GC invocations=10 (full 0):
 PSYoungGen      total 9728K, used 9024K [0x00000000f5980000, 0x00000000f6980000, 0x0000000100000000)
  eden space 8192K, 100% used [0x00000000f5980000,0x00000000f6180000,0x00000000f6180000)
  from space 1536K, 54% used [0x00000000f6180000,0x00000000f6250020,0x00000000f6300000)
  to   space 1536K, 0% used [0x00000000f6800000,0x00000000f6800000,0x00000000f6980000)
 ParOldGen       total 31232K, used 1545K [0x00000000e0c00000, 0x00000000e2a80000, 0x00000000f5980000)
  object space 31232K, 4% used [0x00000000e0c00000,0x00000000e0d82638,0x00000000e2a80000)
 Metaspace       used 7395K, capacity 7544K, committed 7680K, reserved 1056768K
  class space    used 939K, capacity 986K, committed 1024K, reserved 1048576K
Event: 1.808 GC heap after
Heap after GC invocations=10 (full 0):
 PSYoungGen      total 14848K, used 1038K [0x00000000f5980000, 0x00000000f6980000, 0x0000000100000000)
  eden space 13312K, 0% used [0x00000000f5980000,0x00000000f5980000,0x00000000f6680000)
  from space 1536K, 67% used [0x00000000f6800000,0x00000000f6903a80,0x00000000f6980000)
  to   space 1536K, 0% used [0x00000000f6680000,0x00000000f6680000,0x00000000f6800000)
 ParOldGen       total 31232K, used 1801K [0x00000000e0c00000, 0x00000000e2a80000, 0x00000000f5980000)
  object space 31232K, 5% used [0x00000000e0c00000,0x00000000e0dc2638,0x00000000e2a80000)
 Metaspace       used 7395K, capacity 7544K, committed 7680K, reserved 1056768K
  class space    used 939K, capacity 986K, committed 1024K, reserved 1048576K
}
Event: 2.323 GC heap before
{Heap before GC invocations=11 (full 0):
 PSYoungGen      total 14848K, used 14350K [0x00000000f5980000, 0x00000000f6980000, 0x0000000100000000)
  eden space 13312K, 100% used [0x00000000f5980000,0x00000000f6680000,0x00000000f6680000)
  from space 1536K, 67% used [0x00000000f6800000,0x00000000f6903a80,0x00000000f6980000)
  to   space 1536K, 0% used [0x00000000f6680000,0x00000000f6680000,0x00000000f6800000)
 ParOldGen       total 31232K, used 1801K [0x00000000e0c00000, 0x00000000e2a80000, 0x00000000f5980000)
  object space 31232K, 5% used [0x00000000e0c00000,0x00000000e0dc2638,0x00000000e2a80000)
 Metaspace       used 8958K, capacity 9106K, committed 9216K, reserved 1056768K
  class space    used 1166K, capacity 1246K, committed 1280K, reserved 1048576K
Event: 2.329 GC heap after
Heap after GC invocations=11 (full 0):
 PSYoungGen      total 14848K, used 1526K [0x00000000f5980000, 0x00000000f7280000, 0x0000000100000000)
  eden space 13312K, 0% used [0x00000000f5980000,0x00000000f5980000,0x00000000f6680000)
  from space 1536K, 99% used [0x00000000f6680000,0x00000000f67fd810,0x00000000f6800000)
  to   space 2048K, 0% used [0x00000000f7080000,0x00000000f7080000,0x00000000f7280000)
 ParOldGen       total 31232K, used 2645K [0x00000000e0c00000, 0x00000000e2a80000, 0x00000000f5980000)
  object space 31232K, 8% used [0x00000000e0c00000,0x00000000e0e954a8,0x00000000e2a80000)
 Metaspace       used 8958K, capacity 9106K, committed 9216K, reserved 1056768K
  class space    used 1166K, capacity 1246K, committed 1280K, reserved 1048576K
}
Event: 2.640 GC heap before
{Heap before GC invocations=12 (full 0):
 PSYoungGen      total 14848K, used 14838K [0x00000000f5980000, 0x00000000f7280000, 0x0000000100000000)
  eden space 13312K, 100% used [0x00000000f5980000,0x00000000f6680000,0x00000000f6680000)
  from space 1536K, 99% used [0x00000000f6680000,0x00000000f67fd810,0x00000000f6800000)
  to   space 2048K, 0% used [0x00000000f7080000,0x00000000f7080000,0x00000000f7280000)
 ParOldGen       total 31232K, used 2645K [0x00000000e0c00000, 0x00000000e2a80000, 0x00000000f5980000)
  object space 31232K, 8% used [0x00000000e0c00000,0x00000000e0e954a8,0x00000000e2a80000)
 Metaspace       used 10413K, capacity 10616K, committed 10624K, reserved 1058816K
  class space    used 1329K, capacity 1408K, committed 1408K, reserved 1048576K
Event: 2.645 GC heap after
Heap after GC invocations=12 (full 0):
 PSYoungGen      total 23552K, used 1809K [0x00000000f5980000, 0x00000000f7280000, 0x0000000100000000)
  eden space 21504K, 0% used [0x00000000f5980000,0x00000000f5980000,0x00000000f6e80000)
  from space 2048K, 88% used [0x00000000f7080000,0x00000000f7244678,0x00000000f7280000)
  to   space 2048K, 0% used [0x00000000f6e80000,0x00000000f6e80000,0x00000000f7080000)
 ParOldGen       total 31232K, used 3241K [0x00000000e0c00000, 0x00000000e2a80000, 0x00000000f5980000)
  object space 31232K, 10% used [0x00000000e0c00000,0x00000000e0f2a4b8,0x00000000e2a80000)
 Metaspace       used 10413K, capacity 10616K, committed 10624K, reserved 1058816K
  class space    used 1329K, capacity 1408K, committed 1408K, reserved 1048576K
}
Event: 4.088 GC heap before
{Heap before GC invocations=13 (full 0):
 PSYoungGen      total 23552K, used 23313K [0x00000000f5980000, 0x00000000f7280000, 0x0000000100000000)
  eden space 21504K, 100% used [0x00000000f5980000,0x00000000f6e80000,0x00000000f6e80000)
  from space 2048K, 88% used [0x00000000f7080000,0x00000000f7244678,0x00000000f7280000)
  to   space 2048K, 0% used [0x00000000f6e80000,0x00000000f6e80000,0x00000000f7080000)
 ParOldGen       total 31232K, used 3241K [0x00000000e0c00000, 0x00000000e2a80000, 0x00000000f5980000)
  object space 31232K, 10% used [0x00000000e0c00000,0x00000000e0f2a4b8,0x00000000e2a80000)
 Metaspace       used 12404K, capacity 12698K, committed 12928K, reserved 1060864K
  class space    used 1563K, capacity 1654K, committed 1664K, reserved 1048576K

Deoptimization events (8 events):
Event: 2.079 Thread 0x00007feb2c00a000 Uncommon trap: reason=class_check action=maybe_recompile pc=0x00007feb1d335ab0 method=java.lang.reflect.Executable.getAnnotation(Ljava/lang/Class;)Ljava/lang/annotation/Annotation; @ 19
Event: 2.088 Thread 0x00007feb2c00a000 Uncommon trap: reason=class_check action=maybe_recompile pc=0x00007feb1d335ab0 method=java.lang.reflect.Executable.getAnnotation(Ljava/lang/Class;)Ljava/lang/annotation/Annotation; @ 19
Event: 2.192 Thread 0x00007feb2c00a000 Uncommon trap: reason=bimorphic action=maybe_recompile pc=0x00007feb1d350a3c method=java.util.HashMap.putVal(ILjava/lang/Object;Ljava/lang/Object;ZZ)Ljava/lang/Object; @ 203
Event: 2.192 Thread 0x00007feb2c00a000 Uncommon trap: reason=bimorphic action=maybe_recompile pc=0x00007feb1d350a3c method=java.util.HashMap.putVal(ILjava/lang/Object;Ljava/lang/Object;ZZ)Ljava/lang/Object; @ 203
Event: 2.192 Thread 0x00007feb2c00a000 Uncommon trap: reason=bimorphic action=maybe_recompile pc=0x00007feb1d350a3c method=java.util.HashMap.putVal(ILjava/lang/Object;Ljava/lang/Object;ZZ)Ljava/lang/Object; @ 203
Event: 2.192 Thread 0x00007feb2c00a000 Uncommon trap: reason=bimorphic action=maybe_recompile pc=0x00007feb1d350a3c method=java.util.HashMap.putVal(ILjava/lang/Object;Ljava/lang/Object;ZZ)Ljava/lang/Object; @ 203
Event: 3.285 Thread 0x00007feb2c00a000 Uncommon trap: reason=unreached action=reinterpret pc=0x00007feb1d2ac82c method=java.util.HashMap.hash(Ljava/lang/Object;)I @ 1
Event: 3.961 Thread 0x00007feb2c00a000 Uncommon trap: reason=class_check action=maybe_recompile pc=0x00007feb1d335ab0 method=java.lang.reflect.Executable.getAnnotation(Ljava/lang/Class;)Ljava/lang/annotation/Annotation; @ 19

Internal exceptions (10 events):
Event: 4.086 Thread 0x00007feb2c00a000 Exception <a 'java/security/PrivilegedActionException'> (0x00000000f6e681d0) thrown at [/HUDSON/workspace/8-2-build-linux-amd64/jdk8u5/2488/hotspot/src/share/vm/prims/jvm.cpp, line 1248]
Event: 4.086 Thread 0x00007feb2c00a000 Exception <a 'java/security/PrivilegedActionException'> (0x00000000f6e68f30) thrown at [/HUDSON/workspace/8-2-build-linux-amd64/jdk8u5/2488/hotspot/src/share/vm/prims/jvm.cpp, line 1248]
Event: 4.086 Thread 0x00007feb2c00a000 Exception <a 'java/security/PrivilegedActionException'> (0x00000000f6e6d360) thrown at [/HUDSON/workspace/8-2-build-linux-amd64/jdk8u5/2488/hotspot/src/share/vm/prims/jvm.cpp, line 1248]
Event: 4.086 Thread 0x00007feb2c00a000 Exception <a 'java/security/PrivilegedActionException'> (0x00000000f6e6e0e0) thrown at [/HUDSON/workspace/8-2-build-linux-amd64/jdk8u5/2488/hotspot/src/share/vm/prims/jvm.cpp, line 1248]
Event: 4.087 Thread 0x00007feb2c00a000 Exception <a 'java/security/PrivilegedActionException'> (0x00000000f6e725f8) thrown at [/HUDSON/workspace/8-2-build-linux-amd64/jdk8u5/2488/hotspot/src/share/vm/prims/jvm.cpp, line 1248]
Event: 4.087 Thread 0x00007feb2c00a000 Exception <a 'java/security/PrivilegedActionException'> (0x00000000f6e73358) thrown at [/HUDSON/workspace/8-2-build-linux-amd64/jdk8u5/2488/hotspot/src/share/vm/prims/jvm.cpp, line 1248]
Event: 4.087 Thread 0x00007feb2c00a000 Exception <a 'java/security/PrivilegedActionException'> (0x00000000f6e77758) thrown at [/HUDSON/workspace/8-2-build-linux-amd64/jdk8u5/2488/hotspot/src/share/vm/prims/jvm.cpp, line 1248]
Event: 4.087 Thread 0x00007feb2c00a000 Exception <a 'java/security/PrivilegedActionException'> (0x00000000f6e784b0) thrown at [/HUDSON/workspace/8-2-build-linux-amd64/jdk8u5/2488/hotspot/src/share/vm/prims/jvm.cpp, line 1248]
Event: 4.087 Thread 0x00007feb2c00a000 Exception <a 'java/security/PrivilegedActionException'> (0x00000000f6e7d068) thrown at [/HUDSON/workspace/8-2-build-linux-amd64/jdk8u5/2488/hotspot/src/share/vm/prims/jvm.cpp, line 1248]
Event: 4.087 Thread 0x00007feb2c00a000 Exception <a 'java/security/PrivilegedActionException'> (0x00000000f6e7ddc8) thrown at [/HUDSON/workspace/8-2-build-linux-amd64/jdk8u5/2488/hotspot/src/share/vm/prims/jvm.cpp, line 1248]

Events (10 events):
Event: 4.086 loading class org/codehaus/plexus/component/configurator/converters/basic/CharConverter done
Event: 4.086 loading class org/codehaus/plexus/component/configurator/converters/basic/DoubleConverter
Event: 4.086 loading class org/codehaus/plexus/component/configurator/converters/basic/DoubleConverter done
Event: 4.086 loading class org/codehaus/plexus/component/configurator/converters/basic/FloatConverter
Event: 4.086 loading class org/codehaus/plexus/component/configurator/converters/basic/FloatConverter done
Event: 4.087 loading class org/codehaus/plexus/component/configurator/converters/basic/IntConverter
Event: 4.087 loading class org/codehaus/plexus/component/configurator/converters/basic/IntConverter done
Event: 4.087 loading class org/codehaus/plexus/component/configurator/converters/basic/LongConverter
Event: 4.087 loading class org/codehaus/plexus/component/configurator/converters/basic/LongConverter done
Event: 4.088 Executing VM operation: ParallelGCFailedAllocation


Dynamic libraries:
00400000-00401000 r-xp 00000000 08:01 418586                             /usr/lib/jvm/java-8-oracle/bin/java
00600000-00601000 rw-p 00000000 08:01 418586                             /usr/lib/jvm/java-8-oracle/bin/java
00b28000-00b49000 rw-p 00000000 00:00 0                                  [heap]
e0c00000-e2a80000 rw-p 00000000 00:00 0 
e2a80000-f5980000 ---p 00000000 00:00 0 
f5980000-f7280000 rw-p 00000000 00:00 0 
f8180000-100000000 ---p 00000000 00:00 0 
100000000-1001a0000 rw-p 00000000 00:00 0 
1001a0000-140000000 ---p 00000000 00:00 0 
7feae8000000-7feae8021000 rw-p 00000000 00:00 0 
7feae8021000-7feaec000000 ---p 00000000 00:00 0 
7feaec000000-7feaec021000 rw-p 00000000 00:00 0 
7feaec021000-7feaf0000000 ---p 00000000 00:00 0 
7feaf0000000-7feaf0021000 rw-p 00000000 00:00 0 
7feaf0021000-7feaf4000000 ---p 00000000 00:00 0 
7feaf8000000-7feaf8531000 rw-p 00000000 00:00 0 
7feaf8531000-7feafc000000 ---p 00000000 00:00 0 
7feaff523000-7feaff524000 rw-p 00000000 00:00 0 
7feaff524000-7feaff525000 r--s 00002000 08:01 925300                     /home/pingeso/.m2/repository/org/codehaus/plexus/plexus-digest/1.0/plexus-digest-1.0.jar
7feaff525000-7feaff529000 r--s 00033000 08:01 925129                     /home/pingeso/.m2/repository/org/codehaus/plexus/plexus-utils/2.0.5/plexus-utils-2.0.5.jar
7feaff529000-7feaff52c000 r--s 0001b000 08:01 795209                     /home/pingeso/.m2/repository/junit/junit/3.8.1/junit-3.8.1.jar
7feaff52c000-7feaff52d000 r--s 00005000 08:01 793992                     /home/pingeso/.m2/repository/org/apache/maven/plugins/maven-install-plugin/2.3.1/maven-install-plugin-2.3.1.jar
7feaff52d000-7feaff53d000 r-xp 00000000 08:01 418378                     /usr/lib/jvm/java-8-oracle/jre/lib/amd64/libnio.so
7feaff53d000-7feaff73d000 ---p 00010000 08:01 418378                     /usr/lib/jvm/java-8-oracle/jre/lib/amd64/libnio.so
7feaff73d000-7feaff73e000 rw-p 00010000 08:01 418378                     /usr/lib/jvm/java-8-oracle/jre/lib/amd64/libnio.so
7feaff73e000-7feaff754000 r-xp 00000000 08:01 418358                     /usr/lib/jvm/java-8-oracle/jre/lib/amd64/libnet.so
7feaff754000-7feaff953000 ---p 00016000 08:01 418358                     /usr/lib/jvm/java-8-oracle/jre/lib/amd64/libnet.so
7feaff953000-7feaff954000 rw-p 00015000 08:01 418358                     /usr/lib/jvm/java-8-oracle/jre/lib/amd64/libnet.so
7feaff954000-7feaffa54000 rw-p 00000000 00:00 0 
7feaffa54000-7feaffb54000 ---p 00000000 00:00 0 
7feaffb54000-7feaffb57000 ---p 00000000 00:00 0 
7feaffb57000-7feaffb8d000 rw-p 00000000 00:00 0                          [stack:11080]
7feaffb8d000-7feaffb8e000 r--p 00000000 00:00 0 
7feaffb8e000-7feaffb93000 r--s 00092000 08:01 418249                     /usr/lib/jvm/java-8-oracle/jre/lib/jsse.jar
7feaffb93000-7feaffd93000 rw-p 00000000 00:00 0 
7feaffd93000-7feaffd95000 r--s 0000c000 08:01 927990                     /home/pingeso/netbeans-8.0/java/maven-nblib/netbeans-eventspy.jar
7feaffd95000-7feaffdb1000 r--s 00393000 08:01 418517                     /usr/lib/jvm/java-8-oracle/jre/lib/ext/cldrdata.jar
7feaffdb1000-7feaffdbc000 r--s 0021a000 08:01 418516                     /usr/lib/jvm/java-8-oracle/jre/lib/ext/localedata.jar
7feaffdbc000-7feaffdbe000 r--s 00009000 08:01 927982                     /home/pingeso/netbeans-8.0/java/maven/lib/maven-embedder-3.0.5.jar
7feaffdbe000-7feaffdc2000 r--s 00012000 08:01 928001                     /home/pingeso/netbeans-8.0/java/maven/lib/aether-api-1.13.1.jar
7feaffdc2000-7feaffdc5000 r--s 0001d000 08:01 927994                     /home/pingeso/netbeans-8.0/java/maven/lib/aether-impl-1.13.1.jar
7feaffdc5000-7feaffdc7000 r--s 0000b000 08:01 927981                     /home/pingeso/netbeans-8.0/java/maven/lib/maven-artifact-3.0.5.jar
7feaffdc7000-7feaffdce000 r--s 0003e000 08:01 927970                     /home/pingeso/netbeans-8.0/java/maven/lib/sisu-inject-bean-2.3.0.jar
7feaffdce000-7feaffdcf000 r--s 00009000 08:01 928010                     /home/pingeso/netbeans-8.0/java/maven/lib/commons-cli-1.2.jar
7feaffdcf000-7feaffdd4000 r--s 00020000 08:01 927920                     /home/pingeso/netbeans-8.0/java/maven/lib/maven-model-builder-3.0.5.jar
7feaffdd4000-7feaffdd8000 r--s 0001c000 08:01 927995                     /home/pingeso/netbeans-8.0/java/maven/lib/aether-util-1.13.1.jar
7feaffdd8000-7feaffde0000 r--s 0004e000 08:01 927953                     /home/pingeso/netbeans-8.0/java/maven/lib/sisu-guice-3.1.0-no_aop.jar
7feaffde0000-7feaffdfe000 r--s 0014f000 08:01 928008                     /home/pingeso/netbeans-8.0/java/maven/lib/sisu-guava-0.9.9.jar
7feaffdfe000-7feaffdff000 ---p 00000000 00:00 0 
7feaffdff000-7feaffeff000 rw-p 00000000 00:00 0                          [stack:11078]
7feaffeff000-7feafff02000 ---p 00000000 00:00 0 
7feafff02000-7feb00000000 rw-p 00000000 00:00 0                          [stack:11077]
7feb00000000-7feb00021000 rw-p 00000000 00:00 0 
7feb00021000-7feb04000000 ---p 00000000 00:00 0 
7feb04000000-7feb04464000 rw-p 00000000 00:00 0 
7feb04464000-7feb08000000 ---p 00000000 00:00 0 
7feb08000000-7feb08021000 rw-p 00000000 00:00 0 
7feb08021000-7feb0c000000 ---p 00000000 00:00 0 
7feb0c000000-7feb0c021000 rw-p 00000000 00:00 0 
7feb0c021000-7feb10000000 ---p 00000000 00:00 0 
7feb10000000-7feb10021000 rw-p 00000000 00:00 0 
7feb10021000-7feb14000000 ---p 00000000 00:00 0 
7feb14000000-7feb1426e000 rw-p 00000000 00:00 0 
7feb1426e000-7feb18000000 ---p 00000000 00:00 0 
7feb18000000-7feb18021000 rw-p 00000000 00:00 0 
7feb18021000-7feb1c000000 ---p 00000000 00:00 0 
7feb1c000000-7feb1c001000 r--s 00003000 08:01 928002                     /home/pingeso/netbeans-8.0/java/maven/lib/aether-spi-1.13.1.jar
7feb1c001000-7feb1c003000 r--s 00006000 08:01 927848                     /home/pingeso/netbeans-8.0/java/maven/lib/aether-connector-wagon-1.13.1.jar
7feb1c003000-7feb1c00f000 r--s 0007b000 08:01 928007                     /home/pingeso/netbeans-8.0/java/maven/lib/maven-core-3.0.5.jar
7feb1c00f000-7feb1c015000 r--s 0003e000 08:01 927996                     /home/pingeso/netbeans-8.0/java/maven/lib/maven-compat-3.0.5.jar
7feb1c015000-7feb1c018000 ---p 00000000 00:00 0 
7feb1c018000-7feb1c116000 rw-p 00000000 00:00 0                          [stack:11076]
7feb1c116000-7feb1c119000 ---p 00000000 00:00 0 
7feb1c119000-7feb1c217000 rw-p 00000000 00:00 0                          [stack:11075]
7feb1c217000-7feb1c21a000 ---p 00000000 00:00 0 
7feb1c21a000-7feb1c318000 rw-p 00000000 00:00 0                          [stack:11074]
7feb1c318000-7feb1c9fa000 r--p 00000000 08:01 6941                       /usr/lib/locale/locale-archive
7feb1c9fa000-7feb1c9fd000 ---p 00000000 00:00 0 
7feb1c9fd000-7feb1cafb000 rw-p 00000000 00:00 0                          [stack:11073]
7feb1cafb000-7feb1cafe000 ---p 00000000 00:00 0 
7feb1cafe000-7feb1cbfc000 rw-p 00000000 00:00 0                          [stack:11072]
7feb1cbfc000-7feb1cbfd000 ---p 00000000 00:00 0 
7feb1cbfd000-7feb1d000000 rw-p 00000000 00:00 0                          [stack:11071]
7feb1d000000-7feb1d540000 rwxp 00000000 00:00 0 
7feb1d540000-7feb2c000000 ---p 00000000 00:00 0 
7feb2c000000-7feb2c633000 rw-p 00000000 00:00 0 
7feb2c633000-7feb30000000 ---p 00000000 00:00 0 
7feb30000000-7feb30002000 r--s 00002000 08:01 928000                     /home/pingeso/netbeans-8.0/java/maven/lib/plexus-cipher-1.7.jar
7feb30002000-7feb30004000 r--s 00000000 08:01 927683                     /home/pingeso/netbeans-8.0/java/maven/lib/plexus-component-annotations-1.5.5.jar
7feb30004000-7feb30006000 r--s 0000b000 08:01 927967                     /home/pingeso/netbeans-8.0/java/maven/lib/wagon-provider-api-2.4.jar
7feb30006000-7feb30007000 r--s 00006000 08:01 927921                     /home/pingeso/netbeans-8.0/java/maven/lib/plexus-sec-dispatcher-1.3.jar
7feb30007000-7feb30009000 r--s 0000d000 08:01 927922                     /home/pingeso/netbeans-8.0/java/maven/lib/plexus-interpolation-1.14.jar
7feb30009000-7feb3000b000 r--s 0000c000 08:01 927889                     /home/pingeso/netbeans-8.0/java/maven/lib/maven-aether-provider-3.0.5.jar
7feb3000b000-7feb30026000 r--s 000e0000 08:01 927978                     /home/pingeso/netbeans-8.0/java/maven/lib/wagon-http-2.4-shaded.jar
7feb30026000-7feb30029000 r--s 00008000 08:01 927873                     /home/pingeso/netbeans-8.0/java/maven/lib/maven-settings-builder-3.0.5.jar
7feb30029000-7feb306e1000 rw-p 00000000 00:00 0 
7feb306e1000-7feb308b6000 r--s 03c4d000 08:01 418246                     /usr/lib/jvm/java-8-oracle/jre/lib/rt.jar
7feb308b6000-7feb32221000 rw-p 00000000 00:00 0 
7feb32221000-7feb32222000 ---p 00000000 00:00 0 
7feb32222000-7feb32322000 rw-p 00000000 00:00 0                          [stack:11070]
7feb32322000-7feb32323000 ---p 00000000 00:00 0 
7feb32323000-7feb32433000 rw-p 00000000 00:00 0                          [stack:11069]
7feb32433000-7feb324c9000 ---p 00000000 00:00 0 
7feb324c9000-7feb324d7000 rw-p 00000000 00:00 0 
7feb324d7000-7feb3251d000 ---p 00000000 00:00 0 
7feb3251d000-7feb32533000 rw-p 00000000 00:00 0 
7feb32533000-7feb328de000 ---p 00000000 00:00 0 
7feb328de000-7feb328fa000 r-xp 00000000 08:01 418399                     /usr/lib/jvm/java-8-oracle/jre/lib/amd64/libzip.so
7feb328fa000-7feb32af9000 ---p 0001c000 08:01 418399                     /usr/lib/jvm/java-8-oracle/jre/lib/amd64/libzip.so
7feb32af9000-7feb32afa000 rw-p 0001b000 08:01 418399                     /usr/lib/jvm/java-8-oracle/jre/lib/amd64/libzip.so
7feb32afa000-7feb32b05000 r-xp 00000000 08:01 921993                     /lib/x86_64-linux-gnu/libnss_files-2.19.so
7feb32b05000-7feb32d04000 ---p 0000b000 08:01 921993                     /lib/x86_64-linux-gnu/libnss_files-2.19.so
7feb32d04000-7feb32d05000 r--p 0000a000 08:01 921993                     /lib/x86_64-linux-gnu/libnss_files-2.19.so
7feb32d05000-7feb32d06000 rw-p 0000b000 08:01 921993                     /lib/x86_64-linux-gnu/libnss_files-2.19.so
7feb32d06000-7feb32d11000 r-xp 00000000 08:01 922003                     /lib/x86_64-linux-gnu/libnss_nis-2.19.so
7feb32d11000-7feb32f10000 ---p 0000b000 08:01 922003                     /lib/x86_64-linux-gnu/libnss_nis-2.19.so
7feb32f10000-7feb32f11000 r--p 0000a000 08:01 922003                     /lib/x86_64-linux-gnu/libnss_nis-2.19.so
7feb32f11000-7feb32f12000 rw-p 0000b000 08:01 922003                     /lib/x86_64-linux-gnu/libnss_nis-2.19.so
7feb32f12000-7feb32f29000 r-xp 00000000 08:01 921987                     /lib/x86_64-linux-gnu/libnsl-2.19.so
7feb32f29000-7feb33128000 ---p 00017000 08:01 921987                     /lib/x86_64-linux-gnu/libnsl-2.19.so
7feb33128000-7feb33129000 r--p 00016000 08:01 921987                     /lib/x86_64-linux-gnu/libnsl-2.19.so
7feb33129000-7feb3312a000 rw-p 00017000 08:01 921987                     /lib/x86_64-linux-gnu/libnsl-2.19.so
7feb3312a000-7feb3312c000 rw-p 00000000 00:00 0 
7feb3312c000-7feb33135000 r-xp 00000000 08:01 921989                     /lib/x86_64-linux-gnu/libnss_compat-2.19.so
7feb33135000-7feb33334000 ---p 00009000 08:01 921989                     /lib/x86_64-linux-gnu/libnss_compat-2.19.so
7feb33334000-7feb33335000 r--p 00008000 08:01 921989                     /lib/x86_64-linux-gnu/libnss_compat-2.19.so
7feb33335000-7feb33336000 rw-p 00009000 08:01 921989                     /lib/x86_64-linux-gnu/libnss_compat-2.19.so
7feb33336000-7feb33360000 r-xp 00000000 08:01 418394                     /usr/lib/jvm/java-8-oracle/jre/lib/amd64/libjava.so
7feb33360000-7feb33560000 ---p 0002a000 08:01 418394                     /usr/lib/jvm/java-8-oracle/jre/lib/amd64/libjava.so
7feb33560000-7feb33562000 rw-p 0002a000 08:01 418394                     /usr/lib/jvm/java-8-oracle/jre/lib/amd64/libjava.so
7feb33562000-7feb3356f000 r-xp 00000000 08:01 418385                     /usr/lib/jvm/java-8-oracle/jre/lib/amd64/libverify.so
7feb3356f000-7feb3376f000 ---p 0000d000 08:01 418385                     /usr/lib/jvm/java-8-oracle/jre/lib/amd64/libverify.so
7feb3376f000-7feb33771000 rw-p 0000d000 08:01 418385                     /usr/lib/jvm/java-8-oracle/jre/lib/amd64/libverify.so
7feb33771000-7feb33778000 r-xp 00000000 08:01 922046                     /lib/x86_64-linux-gnu/librt-2.19.so
7feb33778000-7feb33977000 ---p 00007000 08:01 922046                     /lib/x86_64-linux-gnu/librt-2.19.so
7feb33977000-7feb33978000 r--p 00006000 08:01 922046                     /lib/x86_64-linux-gnu/librt-2.19.so
7feb33978000-7feb33979000 rw-p 00007000 08:01 922046                     /lib/x86_64-linux-gnu/librt-2.19.so
7feb33979000-7feb33a7e000 r-xp 00000000 08:01 921968                     /lib/x86_64-linux-gnu/libm-2.19.so
7feb33a7e000-7feb33c7d000 ---p 00105000 08:01 921968                     /lib/x86_64-linux-gnu/libm-2.19.so
7feb33c7d000-7feb33c7e000 r--p 00104000 08:01 921968                     /lib/x86_64-linux-gnu/libm-2.19.so
7feb33c7e000-7feb33c7f000 rw-p 00105000 08:01 921968                     /lib/x86_64-linux-gnu/libm-2.19.so
7feb33c7f000-7feb34899000 r-xp 00000000 08:01 418372                     /usr/lib/jvm/java-8-oracle/jre/lib/amd64/server/libjvm.so
7feb34899000-7feb34a98000 ---p 00c1a000 08:01 418372                     /usr/lib/jvm/java-8-oracle/jre/lib/amd64/server/libjvm.so
7feb34a98000-7feb34b61000 rw-p 00c19000 08:01 418372                     /usr/lib/jvm/java-8-oracle/jre/lib/amd64/server/libjvm.so
7feb34b61000-7feb34ba2000 rw-p 00000000 00:00 0 
7feb34ba2000-7feb34d5e000 r-xp 00000000 08:01 921918                     /lib/x86_64-linux-gnu/libc-2.19.so
7feb34d5e000-7feb34f5d000 ---p 001bc000 08:01 921918                     /lib/x86_64-linux-gnu/libc-2.19.so
7feb34f5d000-7feb34f61000 r--p 001bb000 08:01 921918                     /lib/x86_64-linux-gnu/libc-2.19.so
7feb34f61000-7feb34f63000 rw-p 001bf000 08:01 921918                     /lib/x86_64-linux-gnu/libc-2.19.so
7feb34f63000-7feb34f68000 rw-p 00000000 00:00 0 
7feb34f68000-7feb34f6b000 r-xp 00000000 08:01 921935                     /lib/x86_64-linux-gnu/libdl-2.19.so
7feb34f6b000-7feb3516a000 ---p 00003000 08:01 921935                     /lib/x86_64-linux-gnu/libdl-2.19.so
7feb3516a000-7feb3516b000 r--p 00002000 08:01 921935                     /lib/x86_64-linux-gnu/libdl-2.19.so
7feb3516b000-7feb3516c000 rw-p 00003000 08:01 921935                     /lib/x86_64-linux-gnu/libdl-2.19.so
7feb3516c000-7feb35183000 r-xp 00000000 08:01 288793                     /usr/lib/jvm/java-8-oracle/lib/amd64/jli/libjli.so
7feb35183000-7feb35382000 ---p 00017000 08:01 288793                     /usr/lib/jvm/java-8-oracle/lib/amd64/jli/libjli.so
7feb35382000-7feb35383000 rw-p 00016000 08:01 288793                     /usr/lib/jvm/java-8-oracle/lib/amd64/jli/libjli.so
7feb35383000-7feb3539c000 r-xp 00000000 08:01 922038                     /lib/x86_64-linux-gnu/libpthread-2.19.so
7feb3539c000-7feb3559b000 ---p 00019000 08:01 922038                     /lib/x86_64-linux-gnu/libpthread-2.19.so
7feb3559b000-7feb3559c000 r--p 00018000 08:01 922038                     /lib/x86_64-linux-gnu/libpthread-2.19.so
7feb3559c000-7feb3559d000 rw-p 00019000 08:01 922038                     /lib/x86_64-linux-gnu/libpthread-2.19.so
7feb3559d000-7feb355a1000 rw-p 00000000 00:00 0 
7feb355a1000-7feb355c4000 r-xp 00000000 08:01 921894                     /lib/x86_64-linux-gnu/ld-2.19.so
7feb355c4000-7feb355ca000 r--s 0002b000 08:01 927941                     /home/pingeso/netbeans-8.0/java/maven/lib/sisu-inject-plexus-2.3.0.jar
7feb355ca000-7feb355cc000 r--s 0000a000 08:01 927969                     /home/pingeso/netbeans-8.0/java/maven/lib/maven-plugin-api-3.0.5.jar
7feb355cc000-7feb355cf000 r--s 00033000 08:01 927993                     /home/pingeso/netbeans-8.0/java/maven/lib/plexus-utils-2.0.6.jar
7feb355cf000-7feb355d1000 r--s 0000a000 08:01 927983                     /home/pingeso/netbeans-8.0/java/maven/lib/maven-settings-3.0.5.jar
7feb355d1000-7feb355d3000 r--s 00006000 08:01 927785                     /home/pingeso/netbeans-8.0/java/maven/lib/maven-repository-metadata-3.0.5.jar
7feb355d3000-7feb355d6000 r--s 00025000 08:01 927999                     /home/pingeso/netbeans-8.0/java/maven/lib/maven-model-3.0.5.jar
7feb355d6000-7feb355d8000 r--s 0000a000 08:01 927955                     /home/pingeso/netbeans-8.0/java/maven/boot/plexus-classworlds-2.4.jar
7feb355d8000-7feb35610000 rw-p 00000000 00:00 0 
7feb35610000-7feb356a7000 ---p 00000000 00:00 0 
7feb356a7000-7feb356aa000 ---p 00000000 00:00 0 
7feb356aa000-7feb357ac000 rw-p 00000000 00:00 0                          [stack:11068]
7feb357ac000-7feb357ad000 r--s 00002000 08:01 928012                     /home/pingeso/netbeans-8.0/java/maven/lib/wagon-file-2.4.jar
7feb357ad000-7feb357b7000 rw-p 00000000 00:00 0 
7feb357b7000-7feb357bf000 rw-s 00000000 08:01 264520                     /tmp/hsperfdata_pingeso/11066
7feb357bf000-7feb357c0000 rw-p 00000000 00:00 0 
7feb357c0000-7feb357c1000 ---p 00000000 00:00 0 
7feb357c1000-7feb357c3000 rw-p 00000000 00:00 0 
7feb357c3000-7feb357c4000 r--p 00022000 08:01 921894                     /lib/x86_64-linux-gnu/ld-2.19.so
7feb357c4000-7feb357c5000 rw-p 00023000 08:01 921894                     /lib/x86_64-linux-gnu/ld-2.19.so
7feb357c5000-7feb357c6000 rw-p 00000000 00:00 0 
7fff2f3ae000-7fff2f3cf000 rw-p 00000000 00:00 0                          [stack]
7fff2f3fe000-7fff2f400000 r-xp 00000000 00:00 0                          [vdso]
ffffffffff600000-ffffffffff601000 r-xp 00000000 00:00 0                  [vsyscall]

VM Arguments:
jvm_args: -Dclassworlds.conf=/home/pingeso/netbeans-8.0/java/maven/bin/m2.conf -Dmaven.home=/home/pingeso/netbeans-8.0/java/maven 
java_command: org.codehaus.plexus.classworlds.launcher.Launcher -Dmaven.ext.class.path=/home/pingeso/netbeans-8.0/java/maven-nblib/netbeans-eventspy.jar --also-make --projects newborns-ear install
java_class_path (initial): /home/pingeso/netbeans-8.0/java/maven/boot/plexus-classworlds-2.4.jar
Launcher Type: SUN_STANDARD

Environment Variables:
JAVA_HOME=/usr/lib/jvm/java-8-oracle
PATH=/usr/local/sbin:/usr/local/bin:/usr/sbin:/usr/bin:/sbin:/bin:/usr/games:/usr/local/games
LD_LIBRARY_PATH=/usr/lib/jvm/java-8-oracle/jre/lib/amd64:/usr/lib/jvm/java-8-oracle/jre/lib/i386:
SHELL=/bin/bash
DISPLAY=:0

Signal Handlers:
SIGSEGV: [libjvm.so+0xa2fc90], sa_mask[0]=0x7ffbfeff, sa_flags=0x10000004
SIGBUS: [libjvm.so+0xa2fc90], sa_mask[0]=0x7ffbfeff, sa_flags=0x10000004
SIGFPE: [libjvm.so+0x89b4b0], sa_mask[0]=0x7ffbfeff, sa_flags=0x10000004
SIGPIPE: [libjvm.so+0x89b4b0], sa_mask[0]=0x7ffbfeff, sa_flags=0x10000004
SIGXFSZ: [libjvm.so+0x89b4b0], sa_mask[0]=0x7ffbfeff, sa_flags=0x10000004
SIGILL: [libjvm.so+0x89b4b0], sa_mask[0]=0x7ffbfeff, sa_flags=0x10000004
SIGUSR1: SIG_DFL, sa_mask[0]=0x00000000, sa_flags=0x00000000
SIGUSR2: [libjvm.so+0x89cc50], sa_mask[0]=0x00000004, sa_flags=0x10000004
SIGHUP: [libjvm.so+0x89df00], sa_mask[0]=0x7ffbfeff, sa_flags=0x10000004
SIGINT: SIG_IGN, sa_mask[0]=0x00000000, sa_flags=0x00000000
SIGTERM: [libjvm.so+0x89df00], sa_mask[0]=0x7ffbfeff, sa_flags=0x10000004
SIGQUIT: [libjvm.so+0x89df00], sa_mask[0]=0x7ffbfeff, sa_flags=0x10000004


---------------  S Y S T E M  ---------------

OS:DISTRIB_ID=Ubuntu
DISTRIB_RELEASE=14.04
DISTRIB_CODENAME=trusty
DISTRIB_DESCRIPTION="Ubuntu 14.04 LTS"

uname:Linux 3.13.0-29-generic #53-Ubuntu SMP Wed Jun 4 21:00:20 UTC 2014 x86_64
libc:glibc 2.19 NPTL 2.19 
rlimit: STACK 8192k, CORE 0k, NPROC 15790, NOFILE 4096, AS infinity
load average:1.52 1.25 0.80

/proc/meminfo:
MemTotal:        2042696 kB
MemFree:           59288 kB
Buffers:             120 kB
Cached:            10864 kB
SwapCached:         1176 kB
Active:          1334468 kB
Inactive:         457792 kB
Active(anon):    1333828 kB
Inactive(anon):   451236 kB
Active(file):        640 kB
Inactive(file):     6556 kB
Unevictable:          48 kB
Mlocked:              48 kB
SwapTotal:       1046524 kB
SwapFree:              0 kB
Dirty:                32 kB
Writeback:             0 kB
AnonPages:       1780428 kB
Mapped:             2872 kB
Shmem:              3572 kB
Slab:              61020 kB
SReclaimable:      23596 kB
SUnreclaim:        37424 kB
KernelStack:        6472 kB
PageTables:        36824 kB
NFS_Unstable:          0 kB
Bounce:                0 kB
WritebackTmp:          0 kB
CommitLimit:     2067872 kB
Committed_AS:    5410828 kB
VmallocTotal:   34359738367 kB
VmallocUsed:      165432 kB
VmallocChunk:   34359509820 kB
HardwareCorrupted:     0 kB
AnonHugePages:    366592 kB
HugePages_Total:       0
HugePages_Free:        0
HugePages_Rsvd:        0
HugePages_Surp:        0
Hugepagesize:       2048 kB
DirectMap4k:       51072 kB
DirectMap2M:     2045952 kB
DirectMap1G:           0 kB


CPU:total 2 (1 cores per cpu, 1 threads per core) family 6 model 69 stepping 1, cmov, cx8, fxsr, mmx, sse, sse2, sse3, ssse3, sse4.1, sse4.2, popcnt, avx, aes, clmul, erms, tsc, tscinvbit

/proc/cpuinfo:
processor	: 0
vendor_id	: GenuineIntel
cpu family	: 6
model		: 69
model name	: Intel(R) Core(TM) i5-4258U CPU @ 2.40GHz
stepping	: 1
microcode	: 0x17
cpu MHz		: 2399.595
cache size	: 3072 KB
physical id	: 0
siblings	: 1
core id		: 0
cpu cores	: 1
apicid		: 0
initial apicid	: 0
fpu		: yes
fpu_exception	: yes
cpuid level	: 13
wp		: yes
flags		: fpu vme de pse tsc msr pae mce cx8 apic sep mtrr pge mca cmov pat pse36 clflush dts mmx fxsr sse sse2 ss syscall nx pdpe1gb rdtscp lm constant_tsc arch_perfmon pebs bts nopl xtopology tsc_reliable nonstop_tsc aperfmperf eagerfpu pni pclmulqdq ssse3 fma cx16 pcid sse4_1 sse4_2 x2apic movbe popcnt aes xsave avx f16c rdrand hypervisor lahf_lm ida arat epb xsaveopt pln pts dtherm fsgsbase smep
bogomips	: 4799.19
clflush size	: 64
cache_alignment	: 64
address sizes	: 40 bits physical, 48 bits virtual
power management:

processor	: 1
vendor_id	: GenuineIntel
cpu family	: 6
model		: 69
model name	: Intel(R) Core(TM) i5-4258U CPU @ 2.40GHz
stepping	: 1
microcode	: 0x17
cpu MHz		: 2399.595
cache size	: 3072 KB
physical id	: 2
siblings	: 1
core id		: 0
cpu cores	: 1
apicid		: 2
initial apicid	: 2
fpu		: yes
fpu_exception	: yes
cpuid level	: 13
wp		: yes
flags		: fpu vme de pse tsc msr pae mce cx8 apic sep mtrr pge mca cmov pat pse36 clflush dts mmx fxsr sse sse2 ss syscall nx pdpe1gb rdtscp lm constant_tsc arch_perfmon pebs bts nopl xtopology tsc_reliable nonstop_tsc aperfmperf eagerfpu pni pclmulqdq ssse3 fma cx16 pcid sse4_1 sse4_2 x2apic movbe popcnt aes xsave avx f16c rdrand hypervisor lahf_lm ida arat epb xsaveopt pln pts dtherm fsgsbase smep
bogomips	: 4799.19
clflush size	: 64
cache_alignment	: 64
address sizes	: 40 bits physical, 48 bits virtual
power management:



Memory: 4k page, physical 2042696k(58916k free), swap 1046524k(0k free)

vm_info: Java HotSpot(TM) 64-Bit Server VM (25.5-b02) for linux-amd64 JRE (1.8.0_05-b13), built on Mar 18 2014 00:29:27 by "java_re" with gcc 4.3.0 20080428 (Red Hat 4.3.0-8)

time: Sat Jun 21 23:38:42 2014
elapsed time: 4 seconds

