#
# There is insufficient memory for the Java Runtime Environment to continue.
# Native memory allocation (mmap) failed to map 23068672 bytes for committing reserved memory.
# Possible reasons:
#   The system is out of physical RAM or swap space
#   In 32 bit mode, the process size limit was hit
# Possible solutions:
#   Reduce memory load on the system
#   Increase physical memory or swap space
#   Check if swap backing store is full
#   Use 64 bit Java on a 64 bit OS
#   Decrease Java heap size (-Xmx/-Xms)
#   Decrease number of Java threads
#   Decrease Java thread stack sizes (-Xss)
#   Set larger code cache with -XX:ReservedCodeCacheSize=
# This output file may be truncated or incomplete.
#
#  Out of Memory Error (os_linux.cpp:2718), pid=18823, tid=140682346661632
#
# JRE version: Java(TM) SE Runtime Environment (8.0_05-b13) (build 1.8.0_05-b13)
# Java VM: Java HotSpot(TM) 64-Bit Server VM (25.5-b02 mixed mode linux-amd64 compressed oops)
# Failed to write core dump. Core dumps have been disabled. To enable core dumping, try "ulimit -c unlimited" before starting Java again
#

---------------  T H R E A D  ---------------

Current thread (0x00007ff33c06f000):  VMThread [stack: 0x00007ff3293c8000,0x00007ff3294c9000] [id=18829]

Stack: [0x00007ff3293c8000,0x00007ff3294c9000],  sp=0x00007ff3294c7020,  free space=1020k
Native frames: (J=compiled Java code, j=interpreted, Vv=VM code, C=native code)
V  [libjvm.so+0xa2f43a]  VMError::report_and_die()+0x2ca
V  [libjvm.so+0x4b2d5b]  report_vm_out_of_memory(char const*, int, unsigned long, VMErrorType, char const*)+0x8b
V  [libjvm.so+0x89e443]  os::Linux::commit_memory_impl(char*, unsigned long, bool)+0x103
V  [libjvm.so+0x89e999]  os::pd_commit_memory(char*, unsigned long, unsigned long, bool)+0x29
V  [libjvm.so+0x89863a]  os::commit_memory(char*, unsigned long, unsigned long, bool)+0x2a
V  [libjvm.so+0x909243]  PSVirtualSpace::expand_by(unsigned long)+0x53
V  [libjvm.so+0x90a648]  PSYoungGen::resize_generation(unsigned long, unsigned long)+0xf8
V  [libjvm.so+0x9097a2]  PSYoungGen::resize(unsigned long, unsigned long)+0x22
V  [libjvm.so+0x906aff]  PSScavenge::invoke_no_policy()+0xf0f
V  [libjvm.so+0x907271]  PSScavenge::invoke()+0x41
V  [libjvm.so+0x8bfed0]  ParallelScavengeHeap::failed_mem_allocate(unsigned long)+0x70
V  [libjvm.so+0xa30af7]  VM_ParallelGCFailedAllocation::doit()+0x97
V  [libjvm.so+0xa38215]  VM_Operation::evaluate()+0x55
V  [libjvm.so+0xa3660a]  VMThread::evaluate_operation(VM_Operation*)+0xba
V  [libjvm.so+0xa3698e]  VMThread::loop()+0x1ce
V  [libjvm.so+0xa36e00]  VMThread::run()+0x70
V  [libjvm.so+0x8a00c8]  java_start(Thread*)+0x108

VM_Operation (0x00007ff341f529e0): ParallelGCFailedAllocation, mode: safepoint, requested by thread 0x00007ff33c00a000


---------------  P R O C E S S  ---------------

Java Threads: ( => current thread )
  0x00007ff33c821000 JavaThread "resolver-5" daemon [_thread_blocked, id=18886, stack(0x00007ff2fb3d3000,0x00007ff2fb4d4000)]
  0x00007ff33c621000 JavaThread "resolver-4" daemon [_thread_blocked, id=18844, stack(0x00007ff2fb5d5000,0x00007ff2fb6d6000)]
  0x00007ff33c5ec000 JavaThread "resolver-3" daemon [_thread_blocked, id=18843, stack(0x00007ff2fb6d6000,0x00007ff2fb7d7000)]
  0x00007ff33c22d800 JavaThread "resolver-2" daemon [_thread_blocked, id=18842, stack(0x00007ff2fb7d7000,0x00007ff2fb8d8000)]
  0x00007ff33c23d000 JavaThread "resolver-1" daemon [_thread_blocked, id=18841, stack(0x00007ff2fb8d8000,0x00007ff2fb9d9000)]
  0x00007ff33c4d0800 JavaThread "process reaper" daemon [_thread_blocked, id=18840, stack(0x00007ff328305000,0x00007ff32833e000)]
  0x00007ff33c0af800 JavaThread "Service Thread" daemon [_thread_blocked, id=18836, stack(0x00007ff3286e0000,0x00007ff3287e1000)]
  0x00007ff33c0ac800 JavaThread "C1 CompilerThread1" daemon [_thread_blocked, id=18835, stack(0x00007ff3287e1000,0x00007ff3288e2000)]
  0x00007ff33c0a9800 JavaThread "C2 CompilerThread0" daemon [_thread_in_native, id=18834, stack(0x00007ff3288e2000,0x00007ff3289e3000)]
  0x00007ff33c0a7800 JavaThread "Signal Dispatcher" daemon [_thread_blocked, id=18833, stack(0x00007ff3289e3000,0x00007ff328ae4000)]
  0x00007ff33c078800 JavaThread "Finalizer" daemon [_thread_blocked, id=18831, stack(0x00007ff3291c6000,0x00007ff3292c7000)]
  0x00007ff33c074800 JavaThread "Reference Handler" daemon [_thread_blocked, id=18830, stack(0x00007ff3292c7000,0x00007ff3293c8000)]
  0x00007ff33c00a000 JavaThread "main" [_thread_blocked, id=18826, stack(0x00007ff341e58000,0x00007ff341f59000)]

Other Threads:
=>0x00007ff33c06f000 VMThread [stack: 0x00007ff3293c8000,0x00007ff3294c9000] [id=18829]
  0x00007ff33c0bc800 WatcherThread [stack: 0x00007ff3285df000,0x00007ff3286e0000] [id=18837]

VM state:at safepoint (normal execution)

VM Mutex/Monitor currently owned by a thread:  ([mutex/lock_event])
[0x00007ff33c0063d0] Threads_lock - owner thread: 0x00007ff33c06f000
[0x00007ff33c0068d0] Heap_lock - owner thread: 0x00007ff33c00a000

Heap:
 PSYoungGen      total 57344K, used 2815K [0x00000000f5980000, 0x00000000f9500000, 0x0000000100000000)
  eden space 53760K, 0% used [0x00000000f5980000,0x00000000f5980000,0x00000000f8e00000)
  from space 3584K, 78% used [0x00000000f8e00000,0x00000000f90bfe10,0x00000000f9180000)
  to   space 3584K, 0% used [0x00000000f9180000,0x00000000f9180000,0x00000000f9500000)
 ParOldGen       total 31232K, used 12768K [0x00000000e0c00000, 0x00000000e2a80000, 0x00000000f5980000)
  object space 31232K, 40% used [0x00000000e0c00000,0x00000000e1878310,0x00000000e2a80000)
 Metaspace       used 17006K, capacity 17662K, committed 17920K, reserved 1064960K
  class space    used 2019K, capacity 2275K, committed 2304K, reserved 1048576K

Card table byte_map: [0x00007ff34002f000,0x00007ff34012a000] byte_map_base: 0x00007ff33f929000

Marking Bits: (ParMarkBitMap*) 0x00007ff341328cc0
 Begin Bits: [0x00007ff32aa03000, 0x00007ff32b1d3000)
 End Bits:   [0x00007ff32b1d3000, 0x00007ff32b9a3000)

Polling page: 0x00007ff341f71000

CodeCache: size=245760Kb used=11017Kb max_used=11017Kb free=234742Kb
 bounds [0x00007ff32bf65000, 0x00007ff32ca35000, 0x00007ff33af65000]
 total_blobs=3795 nmethods=3446 adapters=263
 compilation: enabled

Compilation events (10 events):
Event: 7.825 Thread 0x00007ff33c0ac800 3468       2       sun.util.resources.TimeZoneNamesBundle::handleGetObject (7 bytes)
Event: 7.826 Thread 0x00007ff33c0ac800 nmethod 3468 0x00007ff32ca29950 code [0x00007ff32ca29ac0, 0x00007ff32ca29c28]
Event: 7.826 Thread 0x00007ff33c0ac800 3469       2       java.util.ResourceBundle::getStringArray (12 bytes)
Event: 7.826 Thread 0x00007ff33c0ac800 nmethod 3469 0x00007ff32ca29cd0 code [0x00007ff32ca29e40, 0x00007ff32ca29fe8]
Event: 7.826 Thread 0x00007ff33c0ac800 3470       2       java.text.SimpleDateFormat::matchZoneString (43 bytes)
Event: 7.826 Thread 0x00007ff33c0ac800 nmethod 3470 0x00007ff32ca2a090 code [0x00007ff32ca2a200, 0x00007ff32ca2a468]
Event: 7.905 Thread 0x00007ff33c0ac800 3471       2       sun.util.calendar.BaseCalendar$Date::setNormalizedDate (17 bytes)
Event: 7.907 Thread 0x00007ff33c0ac800 nmethod 3471 0x00007ff32ca2aa90 code [0x00007ff32ca2ac00, 0x00007ff32ca2ade8]
Event: 7.942 Thread 0x00007ff33c0ac800 3472  s!   2       sun.misc.URLClassPath::getLoader (154 bytes)
Event: 7.944 Thread 0x00007ff33c0ac800 nmethod 3472 0x00007ff32ca2c510 code [0x00007ff32ca2c7e0, 0x00007ff32ca2ddb8]

GC Heap History (10 events):
Event: 2.622 GC heap after
Heap after GC invocations=16 (full 0):
 PSYoungGen      total 29696K, used 2560K [0x00000000f5980000, 0x00000000f7c00000, 0x0000000100000000)
  eden space 27136K, 0% used [0x00000000f5980000,0x00000000f5980000,0x00000000f7400000)
  from space 2560K, 100% used [0x00000000f7780000,0x00000000f7a00000,0x00000000f7a00000)
  to   space 3584K, 0% used [0x00000000f7400000,0x00000000f7400000,0x00000000f7780000)
 ParOldGen       total 31232K, used 6687K [0x00000000e0c00000, 0x00000000e2a80000, 0x00000000f5980000)
  object space 31232K, 21% used [0x00000000e0c00000,0x00000000e1287fa8,0x00000000e2a80000)
 Metaspace       used 12770K, capacity 13002K, committed 13312K, reserved 1060864K
  class space    used 1601K, capacity 1686K, committed 1792K, reserved 1048576K
}
Event: 3.172 GC heap before
{Heap before GC invocations=17 (full 0):
 PSYoungGen      total 29696K, used 29696K [0x00000000f5980000, 0x00000000f7c00000, 0x0000000100000000)
  eden space 27136K, 100% used [0x00000000f5980000,0x00000000f7400000,0x00000000f7400000)
  from space 2560K, 100% used [0x00000000f7780000,0x00000000f7a00000,0x00000000f7a00000)
  to   space 3584K, 0% used [0x00000000f7400000,0x00000000f7400000,0x00000000f7780000)
 ParOldGen       total 31232K, used 6687K [0x00000000e0c00000, 0x00000000e2a80000, 0x00000000f5980000)
  object space 31232K, 21% used [0x00000000e0c00000,0x00000000e1287fa8,0x00000000e2a80000)
 Metaspace       used 12935K, capacity 13226K, committed 13568K, reserved 1060864K
  class space    used 1606K, capacity 1718K, committed 1792K, reserved 1048576K
Event: 3.182 GC heap after
Heap after GC invocations=17 (full 0):
 PSYoungGen      total 30720K, used 1755K [0x00000000f5980000, 0x00000000f8600000, 0x0000000100000000)
  eden space 27136K, 0% used [0x00000000f5980000,0x00000000f5980000,0x00000000f7400000)
  from space 3584K, 48% used [0x00000000f7400000,0x00000000f75b6fc8,0x00000000f7780000)
  to   space 3584K, 0% used [0x00000000f8280000,0x00000000f8280000,0x00000000f8600000)
 ParOldGen       total 31232K, used 7888K [0x00000000e0c00000, 0x00000000e2a80000, 0x00000000f5980000)
  object space 31232K, 25% used [0x00000000e0c00000,0x00000000e13b4310,0x00000000e2a80000)
 Metaspace       used 12935K, capacity 13226K, committed 13568K, reserved 1060864K
  class space    used 1606K, capacity 1718K, committed 1792K, reserved 1048576K
}
Event: 4.029 GC heap before
{Heap before GC invocations=18 (full 0):
 PSYoungGen      total 30720K, used 28891K [0x00000000f5980000, 0x00000000f8600000, 0x0000000100000000)
  eden space 27136K, 100% used [0x00000000f5980000,0x00000000f7400000,0x00000000f7400000)
  from space 3584K, 48% used [0x00000000f7400000,0x00000000f75b6fc8,0x00000000f7780000)
  to   space 3584K, 0% used [0x00000000f8280000,0x00000000f8280000,0x00000000f8600000)
 ParOldGen       total 31232K, used 7888K [0x00000000e0c00000, 0x00000000e2a80000, 0x00000000f5980000)
  object space 31232K, 25% used [0x00000000e0c00000,0x00000000e13b4310,0x00000000e2a80000)
 Metaspace       used 13135K, capacity 13418K, committed 13568K, reserved 1060864K
  class space    used 1608K, capacity 1718K, committed 1792K, reserved 1048576K
Event: 4.043 GC heap after
Heap after GC invocations=18 (full 0):
 PSYoungGen      total 41984K, used 1184K [0x00000000f5980000, 0x00000000f8600000, 0x0000000100000000)
  eden space 38400K, 0% used [0x00000000f5980000,0x00000000f5980000,0x00000000f7f00000)
  from space 3584K, 33% used [0x00000000f8280000,0x00000000f83a8000,0x00000000f8600000)
  to   space 3584K, 0% used [0x00000000f7f00000,0x00000000f7f00000,0x00000000f8280000)
 ParOldGen       total 31232K, used 9336K [0x00000000e0c00000, 0x00000000e2a80000, 0x00000000f5980000)
  object space 31232K, 29% used [0x00000000e0c00000,0x00000000e151e310,0x00000000e2a80000)
 Metaspace       used 13135K, capacity 13418K, committed 13568K, reserved 1060864K
  class space    used 1608K, capacity 1718K, committed 1792K, reserved 1048576K
}
Event: 4.712 GC heap before
{Heap before GC invocations=19 (full 0):
 PSYoungGen      total 41984K, used 39584K [0x00000000f5980000, 0x00000000f8600000, 0x0000000100000000)
  eden space 38400K, 100% used [0x00000000f5980000,0x00000000f7f00000,0x00000000f7f00000)
  from space 3584K, 33% used [0x00000000f8280000,0x00000000f83a8000,0x00000000f8600000)
  to   space 3584K, 0% used [0x00000000f7f00000,0x00000000f7f00000,0x00000000f8280000)
 ParOldGen       total 31232K, used 9336K [0x00000000e0c00000, 0x00000000e2a80000, 0x00000000f5980000)
  object space 31232K, 29% used [0x00000000e0c00000,0x00000000e151e310,0x00000000e2a80000)
 Metaspace       used 13770K, capacity 14138K, committed 14464K, reserved 1062912K
  class space    used 1670K, capacity 1830K, committed 1920K, reserved 1048576K
Event: 4.725 GC heap after
Heap after GC invocations=19 (full 0):
 PSYoungGen      total 41984K, used 2420K [0x00000000f5980000, 0x00000000f9500000, 0x0000000100000000)
  eden space 38400K, 0% used [0x00000000f5980000,0x00000000f5980000,0x00000000f7f00000)
  from space 3584K, 67% used [0x00000000f7f00000,0x00000000f815d2a0,0x00000000f8280000)
  to   space 3584K, 0% used [0x00000000f9180000,0x00000000f9180000,0x00000000f9500000)
 ParOldGen       total 31232K, used 10352K [0x00000000e0c00000, 0x00000000e2a80000, 0x00000000f5980000)
  object space 31232K, 33% used [0x00000000e0c00000,0x00000000e161c310,0x00000000e2a80000)
 Metaspace       used 13770K, capacity 14138K, committed 14464K, reserved 1062912K
  class space    used 1670K, capacity 1830K, committed 1920K, reserved 1048576K
}
Event: 5.615 GC heap before
{Heap before GC invocations=20 (full 0):
 PSYoungGen      total 41984K, used 40820K [0x00000000f5980000, 0x00000000f9500000, 0x0000000100000000)
  eden space 38400K, 100% used [0x00000000f5980000,0x00000000f7f00000,0x00000000f7f00000)
  from space 3584K, 67% used [0x00000000f7f00000,0x00000000f815d2a0,0x00000000f8280000)
  to   space 3584K, 0% used [0x00000000f9180000,0x00000000f9180000,0x00000000f9500000)
 ParOldGen       total 31232K, used 10352K [0x00000000e0c00000, 0x00000000e2a80000, 0x00000000f5980000)
  object space 31232K, 33% used [0x00000000e0c00000,0x00000000e161c310,0x00000000e2a80000)
 Metaspace       used 14728K, capacity 15240K, committed 15616K, reserved 1062912K
  class space    used 1744K, capacity 1938K, committed 2048K, reserved 1048576K
Event: 5.638 GC heap after
Heap after GC invocations=20 (full 0):
 PSYoungGen      total 57344K, used 1891K [0x00000000f5980000, 0x00000000f9500000, 0x0000000100000000)
  eden space 53760K, 0% used [0x00000000f5980000,0x00000000f5980000,0x00000000f8e00000)
  from space 3584K, 52% used [0x00000000f9180000,0x00000000f9358ed8,0x00000000f9500000)
  to   space 3584K, 0% used [0x00000000f8e00000,0x00000000f8e00000,0x00000000f9180000)
 ParOldGen       total 31232K, used 11792K [0x00000000e0c00000, 0x00000000e2a80000, 0x00000000f5980000)
  object space 31232K, 37% used [0x00000000e0c00000,0x00000000e1784310,0x00000000e2a80000)
 Metaspace       used 14728K, capacity 15240K, committed 15616K, reserved 1062912K
  class space    used 1744K, capacity 1938K, committed 2048K, reserved 1048576K
}
Event: 7.962 GC heap before
{Heap before GC invocations=21 (full 0):
 PSYoungGen      total 57344K, used 55651K [0x00000000f5980000, 0x00000000f9500000, 0x0000000100000000)
  eden space 53760K, 100% used [0x00000000f5980000,0x00000000f8e00000,0x00000000f8e00000)
  from space 3584K, 52% used [0x00000000f9180000,0x00000000f9358ed8,0x00000000f9500000)
  to   space 3584K, 0% used [0x00000000f8e00000,0x00000000f8e00000,0x00000000f9180000)
 ParOldGen       total 31232K, used 11792K [0x00000000e0c00000, 0x00000000e2a80000, 0x00000000f5980000)
  object space 31232K, 37% used [0x00000000e0c00000,0x00000000e1784310,0x00000000e2a80000)
 Metaspace       used 17006K, capacity 17662K, committed 17920K, reserved 1064960K
  class space    used 2019K, capacity 2275K, committed 2304K, reserved 1048576K

Deoptimization events (10 events):
Event: 7.675 Thread 0x00007ff33c00a000 Uncommon trap: reason=class_check action=maybe_recompile pc=0x00007ff32c6d8674 method=java.util.regex.Pattern$CharProperty$1.isSatisfiedBy(I)Z @ 5
Event: 7.675 Thread 0x00007ff33c00a000 Uncommon trap: reason=class_check action=maybe_recompile pc=0x00007ff32c6d8660 method=java.util.regex.Pattern$7.isSatisfiedBy(I)Z @ 16
Event: 7.675 Thread 0x00007ff33c00a000 Uncommon trap: reason=class_check action=maybe_recompile pc=0x00007ff32c6d8660 method=java.util.regex.Pattern$7.isSatisfiedBy(I)Z @ 16
Event: 7.675 Thread 0x00007ff33c00a000 Uncommon trap: reason=class_check action=maybe_recompile pc=0x00007ff32c6ce0c0 method=java.util.regex.Pattern$CharProperty$1.isSatisfiedBy(I)Z @ 5
Event: 7.675 Thread 0x00007ff33c00a000 Uncommon trap: reason=class_check action=maybe_recompile pc=0x00007ff32c6ce0c0 method=java.util.regex.Pattern$CharProperty$1.isSatisfiedBy(I)Z @ 5
Event: 7.675 Thread 0x00007ff33c00a000 Uncommon trap: reason=class_check action=maybe_recompile pc=0x00007ff32c6ce0c0 method=java.util.regex.Pattern$CharProperty$1.isSatisfiedBy(I)Z @ 5
Event: 7.675 Thread 0x00007ff33c00a000 Uncommon trap: reason=bimorphic action=maybe_recompile pc=0x00007ff32c69fda8 method=java.util.regex.Pattern$BmpCharProperty.match(Ljava/util/regex/Matcher;ILjava/lang/CharSequence;)Z @ 16
Event: 7.675 Thread 0x00007ff33c00a000 Uncommon trap: reason=bimorphic action=maybe_recompile pc=0x00007ff32c69fda8 method=java.util.regex.Pattern$BmpCharProperty.match(Ljava/util/regex/Matcher;ILjava/lang/CharSequence;)Z @ 16
Event: 7.675 Thread 0x00007ff33c00a000 Uncommon trap: reason=bimorphic action=maybe_recompile pc=0x00007ff32c69fda8 method=java.util.regex.Pattern$BmpCharProperty.match(Ljava/util/regex/Matcher;ILjava/lang/CharSequence;)Z @ 16
Event: 7.675 Thread 0x00007ff33c00a000 Uncommon trap: reason=bimorphic action=maybe_recompile pc=0x00007ff32c69fda8 method=java.util.regex.Pattern$BmpCharProperty.match(Ljava/util/regex/Matcher;ILjava/lang/CharSequence;)Z @ 16

Internal exceptions (10 events):
Event: 7.957 Thread 0x00007ff33c00a000 Exception <a 'java/security/PrivilegedActionException'> (0x00000000f8dc73c0) thrown at [/HUDSON/workspace/8-2-build-linux-amd64/jdk8u5/2488/hotspot/src/share/vm/prims/jvm.cpp, line 1248]
Event: 7.957 Thread 0x00007ff33c00a000 Exception <a 'java/security/PrivilegedActionException'> (0x00000000f8dcc510) thrown at [/HUDSON/workspace/8-2-build-linux-amd64/jdk8u5/2488/hotspot/src/share/vm/prims/jvm.cpp, line 1248]
Event: 7.958 Thread 0x00007ff33c00a000 Exception <a 'java/security/PrivilegedActionException'> (0x00000000f8dd1e78) thrown at [/HUDSON/workspace/8-2-build-linux-amd64/jdk8u5/2488/hotspot/src/share/vm/prims/jvm.cpp, line 1248]
Event: 7.958 Thread 0x00007ff33c00a000 Exception <a 'java/security/PrivilegedActionException'> (0x00000000f8dd7fa8) thrown at [/HUDSON/workspace/8-2-build-linux-amd64/jdk8u5/2488/hotspot/src/share/vm/prims/jvm.cpp, line 1248]
Event: 7.959 Thread 0x00007ff33c00a000 Exception <a 'java/security/PrivilegedActionException'> (0x00000000f8ddde20) thrown at [/HUDSON/workspace/8-2-build-linux-amd64/jdk8u5/2488/hotspot/src/share/vm/prims/jvm.cpp, line 1248]
Event: 7.959 Thread 0x00007ff33c00a000 Exception <a 'java/security/PrivilegedActionException'> (0x00000000f8de3748) thrown at [/HUDSON/workspace/8-2-build-linux-amd64/jdk8u5/2488/hotspot/src/share/vm/prims/jvm.cpp, line 1248]
Event: 7.960 Thread 0x00007ff33c00a000 Exception <a 'java/security/PrivilegedActionException'> (0x00000000f8de94e8) thrown at [/HUDSON/workspace/8-2-build-linux-amd64/jdk8u5/2488/hotspot/src/share/vm/prims/jvm.cpp, line 1248]
Event: 7.960 Thread 0x00007ff33c00a000 Exception <a 'java/security/PrivilegedActionException'> (0x00000000f8dee8e8) thrown at [/HUDSON/workspace/8-2-build-linux-amd64/jdk8u5/2488/hotspot/src/share/vm/prims/jvm.cpp, line 1248]
Event: 7.961 Thread 0x00007ff33c00a000 Exception <a 'java/security/PrivilegedActionException'> (0x00000000f8df6840) thrown at [/HUDSON/workspace/8-2-build-linux-amd64/jdk8u5/2488/hotspot/src/share/vm/prims/jvm.cpp, line 1248]
Event: 7.962 Thread 0x00007ff33c00a000 Exception <a 'java/security/PrivilegedActionException'> (0x00000000f8dfc9f8) thrown at [/HUDSON/workspace/8-2-build-linux-amd64/jdk8u5/2488/hotspot/src/share/vm/prims/jvm.cpp, line 1248]

Events (10 events):
Event: 7.961 loading class com/thoughtworks/xstream/core/util/ThreadSafeSimpleDateFormat done
Event: 7.961 loading class com/thoughtworks/xstream/core/util/ThreadSafeSimpleDateFormat
Event: 7.961 loading class com/thoughtworks/xstream/core/util/ThreadSafeSimpleDateFormat done
Event: 7.962 loading class com/thoughtworks/xstream/core/util/Pool$Factory
Event: 7.962 loading class com/thoughtworks/xstream/core/util/Pool$Factory done
Event: 7.962 loading class com/thoughtworks/xstream/core/util/Pool$Factory
Event: 7.962 loading class com/thoughtworks/xstream/core/util/Pool$Factory done
Event: 7.962 loading class com/thoughtworks/xstream/core/util/Pool
Event: 7.962 loading class com/thoughtworks/xstream/core/util/Pool done
Event: 7.962 Executing VM operation: ParallelGCFailedAllocation


Dynamic libraries:
00400000-00401000 r-xp 00000000 08:01 418586                             /usr/lib/jvm/java-8-oracle/bin/java
00600000-00601000 rw-p 00000000 08:01 418586                             /usr/lib/jvm/java-8-oracle/bin/java
00df1000-00e12000 rw-p 00000000 00:00 0                                  [heap]
e0c00000-e2a80000 rw-p 00000000 00:00 0 
e2a80000-f5980000 ---p 00000000 00:00 0 
f5980000-f9500000 rw-p 00000000 00:00 0 
fab00000-100000000 ---p 00000000 00:00 0 
100000000-100240000 rw-p 00000000 00:00 0 
100240000-140000000 ---p 00000000 00:00 0 
7ff2ec000000-7ff2ec021000 rw-p 00000000 00:00 0 
7ff2ec021000-7ff2f0000000 ---p 00000000 00:00 0 
7ff2f0000000-7ff2f0021000 rw-p 00000000 00:00 0 
7ff2f0021000-7ff2f4000000 ---p 00000000 00:00 0 
7ff2f4000000-7ff2f4021000 rw-p 00000000 00:00 0 
7ff2f4021000-7ff2f8000000 ---p 00000000 00:00 0 
7ff2f991a000-7ff2f991f000 r-xp 00000000 08:01 9170                       /usr/lib/x86_64-linux-gnu/libXdmcp.so.6.0.0
7ff2f991f000-7ff2f9b1e000 ---p 00005000 08:01 9170                       /usr/lib/x86_64-linux-gnu/libXdmcp.so.6.0.0
7ff2f9b1e000-7ff2f9b1f000 r--p 00004000 08:01 9170                       /usr/lib/x86_64-linux-gnu/libXdmcp.so.6.0.0
7ff2f9b1f000-7ff2f9b20000 rw-p 00005000 08:01 9170                       /usr/lib/x86_64-linux-gnu/libXdmcp.so.6.0.0
7ff2f9b20000-7ff2f9b22000 r-xp 00000000 08:01 9159                       /usr/lib/x86_64-linux-gnu/libXau.so.6.0.0
7ff2f9b22000-7ff2f9d22000 ---p 00002000 08:01 9159                       /usr/lib/x86_64-linux-gnu/libXau.so.6.0.0
7ff2f9d22000-7ff2f9d23000 r--p 00002000 08:01 9159                       /usr/lib/x86_64-linux-gnu/libXau.so.6.0.0
7ff2f9d23000-7ff2f9d24000 rw-p 00003000 08:01 9159                       /usr/lib/x86_64-linux-gnu/libXau.so.6.0.0
7ff2f9d24000-7ff2f9d41000 r-xp 00000000 08:01 10227                      /usr/lib/x86_64-linux-gnu/libxcb.so.1.1.0
7ff2f9d41000-7ff2f9f41000 ---p 0001d000 08:01 10227                      /usr/lib/x86_64-linux-gnu/libxcb.so.1.1.0
7ff2f9f41000-7ff2f9f42000 r--p 0001d000 08:01 10227                      /usr/lib/x86_64-linux-gnu/libxcb.so.1.1.0
7ff2f9f42000-7ff2f9f43000 rw-p 0001e000 08:01 10227                      /usr/lib/x86_64-linux-gnu/libxcb.so.1.1.0
7ff2f9f43000-7ff2f9f52000 r-xp 00000000 08:01 9180                       /usr/lib/x86_64-linux-gnu/libXi.so.6.1.0
7ff2f9f52000-7ff2fa151000 ---p 0000f000 08:01 9180                       /usr/lib/x86_64-linux-gnu/libXi.so.6.1.0
7ff2fa151000-7ff2fa152000 r--p 0000e000 08:01 9180                       /usr/lib/x86_64-linux-gnu/libXi.so.6.1.0
7ff2fa152000-7ff2fa153000 rw-p 0000f000 08:01 9180                       /usr/lib/x86_64-linux-gnu/libXi.so.6.1.0
7ff2fa153000-7ff2fa158000 r-xp 00000000 08:01 9200                       /usr/lib/x86_64-linux-gnu/libXtst.so.6.1.0
7ff2fa158000-7ff2fa357000 ---p 00005000 08:01 9200                       /usr/lib/x86_64-linux-gnu/libXtst.so.6.1.0
7ff2fa357000-7ff2fa358000 r--p 00004000 08:01 9200                       /usr/lib/x86_64-linux-gnu/libXtst.so.6.1.0
7ff2fa358000-7ff2fa359000 rw-p 00005000 08:01 9200                       /usr/lib/x86_64-linux-gnu/libXtst.so.6.1.0
7ff2fa359000-7ff2fa362000 r-xp 00000000 08:01 9194                       /usr/lib/x86_64-linux-gnu/libXrender.so.1.3.0
7ff2fa362000-7ff2fa561000 ---p 00009000 08:01 9194                       /usr/lib/x86_64-linux-gnu/libXrender.so.1.3.0
7ff2fa561000-7ff2fa562000 r--p 00008000 08:01 9194                       /usr/lib/x86_64-linux-gnu/libXrender.so.1.3.0
7ff2fa562000-7ff2fa563000 rw-p 00009000 08:01 9194                       /usr/lib/x86_64-linux-gnu/libXrender.so.1.3.0
7ff2fa563000-7ff2fa693000 r-xp 00000000 08:01 9155                       /usr/lib/x86_64-linux-gnu/libX11.so.6.3.0
7ff2fa693000-7ff2fa893000 ---p 00130000 08:01 9155                       /usr/lib/x86_64-linux-gnu/libX11.so.6.3.0
7ff2fa893000-7ff2fa894000 r--p 00130000 08:01 9155                       /usr/lib/x86_64-linux-gnu/libX11.so.6.3.0
7ff2fa894000-7ff2fa898000 rw-p 00131000 08:01 9155                       /usr/lib/x86_64-linux-gnu/libX11.so.6.3.0
7ff2fa898000-7ff2fa8a9000 r-xp 00000000 08:01 9172                       /usr/lib/x86_64-linux-gnu/libXext.so.6.4.0
7ff2fa8a9000-7ff2faaa8000 ---p 00011000 08:01 9172                       /usr/lib/x86_64-linux-gnu/libXext.so.6.4.0
7ff2faaa8000-7ff2faaa9000 r--p 00010000 08:01 9172                       /usr/lib/x86_64-linux-gnu/libXext.so.6.4.0
7ff2faaa9000-7ff2faaaa000 rw-p 00011000 08:01 9172                       /usr/lib/x86_64-linux-gnu/libXext.so.6.4.0
7ff2faaaa000-7ff2faafb000 r-xp 00000000 08:01 418381                     /usr/lib/jvm/java-8-oracle/jre/lib/amd64/libawt_xawt.so
7ff2faafb000-7ff2facfa000 ---p 00051000 08:01 418381                     /usr/lib/jvm/java-8-oracle/jre/lib/amd64/libawt_xawt.so
7ff2facfa000-7ff2facfe000 rw-p 00050000 08:01 418381                     /usr/lib/jvm/java-8-oracle/jre/lib/amd64/libawt_xawt.so
7ff2facfe000-7ff2facff000 rw-p 00000000 00:00 0 
7ff2facff000-7ff2fada2000 r-xp 00000000 08:01 418390                     /usr/lib/jvm/java-8-oracle/jre/lib/amd64/libawt.so
7ff2fada2000-7ff2fafa1000 ---p 000a3000 08:01 418390                     /usr/lib/jvm/java-8-oracle/jre/lib/amd64/libawt.so
7ff2fafa1000-7ff2fafad000 rw-p 000a2000 08:01 418390                     /usr/lib/jvm/java-8-oracle/jre/lib/amd64/libawt.so
7ff2fafad000-7ff2fafd1000 rw-p 00000000 00:00 0 
7ff2fafd1000-7ff2fafd4000 ---p 00000000 00:00 0 
7ff2fafd4000-7ff2fb212000 rw-p 00000000 00:00 0 
7ff2fb212000-7ff2fb2d5000 ---p 00000000 00:00 0 
7ff2fb2d5000-7ff2fb3d3000 rw-p 00000000 00:00 0 
7ff2fb3d3000-7ff2fb3d6000 ---p 00000000 00:00 0 
7ff2fb3d6000-7ff2fb4d4000 rw-p 00000000 00:00 0                          [stack:18886]
7ff2fb4d4000-7ff2fb4d7000 ---p 00000000 00:00 0 
7ff2fb4d7000-7ff2fb5d5000 rw-p 00000000 00:00 0 
7ff2fb5d5000-7ff2fb5d8000 ---p 00000000 00:00 0 
7ff2fb5d8000-7ff2fb6d6000 rw-p 00000000 00:00 0                          [stack:18844]
7ff2fb6d6000-7ff2fb6d9000 ---p 00000000 00:00 0 
7ff2fb6d9000-7ff2fb7d7000 rw-p 00000000 00:00 0                          [stack:18843]
7ff2fb7d7000-7ff2fb7da000 ---p 00000000 00:00 0 
7ff2fb7da000-7ff2fb8d8000 rw-p 00000000 00:00 0                          [stack:18842]
7ff2fb8d8000-7ff2fb8db000 ---p 00000000 00:00 0 
7ff2fb8db000-7ff2fbbd9000 rw-p 00000000 00:00 0                          [stack:18841]
7ff2fbbd9000-7ff2fbbe9000 r-xp 00000000 08:01 418378                     /usr/lib/jvm/java-8-oracle/jre/lib/amd64/libnio.so
7ff2fbbe9000-7ff2fbde9000 ---p 00010000 08:01 418378                     /usr/lib/jvm/java-8-oracle/jre/lib/amd64/libnio.so
7ff2fbde9000-7ff2fbdea000 rw-p 00010000 08:01 418378                     /usr/lib/jvm/java-8-oracle/jre/lib/amd64/libnio.so
7ff2fbdea000-7ff2fbe00000 r-xp 00000000 08:01 418358                     /usr/lib/jvm/java-8-oracle/jre/lib/amd64/libnet.so
7ff2fbe00000-7ff2fbfff000 ---p 00016000 08:01 418358                     /usr/lib/jvm/java-8-oracle/jre/lib/amd64/libnet.so
7ff2fbfff000-7ff2fc000000 rw-p 00015000 08:01 418358                     /usr/lib/jvm/java-8-oracle/jre/lib/amd64/libnet.so
7ff2fc000000-7ff2fc021000 rw-p 00000000 00:00 0 
7ff2fc021000-7ff300000000 ---p 00000000 00:00 0 
7ff300000000-7ff300021000 rw-p 00000000 00:00 0 
7ff300021000-7ff304000000 ---p 00000000 00:00 0 
7ff304000000-7ff304aa5000 rw-p 00000000 00:00 0 
7ff304aa5000-7ff308000000 ---p 00000000 00:00 0 
7ff308000000-7ff308021000 rw-p 00000000 00:00 0 
7ff308021000-7ff30c000000 ---p 00000000 00:00 0 
7ff30c000000-7ff30c021000 rw-p 00000000 00:00 0 
7ff30c021000-7ff310000000 ---p 00000000 00:00 0 
7ff310000000-7ff310d15000 rw-p 00000000 00:00 0 
7ff310d15000-7ff314000000 ---p 00000000 00:00 0 
7ff314000000-7ff314021000 rw-p 00000000 00:00 0 
7ff314021000-7ff318000000 ---p 00000000 00:00 0 
7ff318000000-7ff318021000 rw-p 00000000 00:00 0 
7ff318021000-7ff31c000000 ---p 00000000 00:00 0 
7ff31c000000-7ff31c021000 rw-p 00000000 00:00 0 
7ff31c021000-7ff320000000 ---p 00000000 00:00 0 
7ff320000000-7ff320275000 rw-p 00000000 00:00 0 
7ff320275000-7ff324000000 ---p 00000000 00:00 0 
7ff324000000-7ff324030000 rw-p 00000000 00:00 0 
7ff324030000-7ff328000000 ---p 00000000 00:00 0 
7ff328022000-7ff328023000 rw-p 00000000 00:00 0 
7ff328023000-7ff328027000 r--s 00035000 08:01 925344                     /home/pingeso/.m2/repository/org/codehaus/plexus/plexus-utils/3.0.8/plexus-utils-3.0.8.jar
7ff328027000-7ff328029000 r--s 00005000 08:01 698217                     /home/pingeso/.m2/repository/xpp3/xpp3_min/1.1.4c/xpp3_min-1.1.4c.jar
7ff328029000-7ff32802a000 r--s 00001000 08:01 698218                     /home/pingeso/.m2/repository/xmlpull/xmlpull/1.1.3.1/xmlpull-1.1.3.1.jar
7ff32802a000-7ff328036000 r--s 0006a000 08:01 795073                     /home/pingeso/.m2/repository/com/thoughtworks/xstream/xstream/1.4.3/xstream-1.4.3.jar
7ff328036000-7ff328038000 r--s 0000d000 08:01 698216                     /home/pingeso/.m2/repository/org/codehaus/plexus/plexus-interpolation/1.15/plexus-interpolation-1.15.jar
7ff328038000-7ff32803b000 r--s 0000c000 08:01 925341                     /home/pingeso/.m2/repository/org/codehaus/plexus/plexus-io/2.0.5/plexus-io-2.0.5.jar
7ff32803b000-7ff32803d000 r--s 00004000 08:01 698110                     /home/pingeso/.m2/repository/org/apache/maven/maven-archiver/2.5/maven-archiver-2.5.jar
7ff32803d000-7ff32803f000 r--s 00013000 08:01 793956                     /home/pingeso/.m2/repository/org/apache/maven/plugins/maven-war-plugin/2.3/maven-war-plugin-2.3.jar
7ff32803f000-7ff328042000 r--s 0000a000 08:01 925287                     /home/pingeso/.m2/repository/org/codehaus/plexus/plexus-io/1.0/plexus-io-1.0.jar
7ff328042000-7ff328046000 r--s 00028000 08:01 925288                     /home/pingeso/.m2/repository/org/codehaus/plexus/plexus-archiver/1.0/plexus-archiver-1.0.jar
7ff328046000-7ff328048000 r--s 00007000 08:01 417582                     /home/pingeso/.m2/repository/org/apache/maven/shared/maven-filtering/1.0-beta-2/maven-filtering-1.0-beta-2.jar
7ff328048000-7ff328049000 r--s 00004000 08:01 795116                     /home/pingeso/.m2/repository/org/apache/maven/maven-archiver/2.4.1/maven-archiver-2.4.1.jar
7ff328049000-7ff32804a000 r--s 00004000 08:01 706324                     /home/pingeso/.m2/repository/org/apache/maven/plugins/maven-ejb-plugin/2.3/maven-ejb-plugin-2.3.jar
7ff32804a000-7ff32804b000 r--s 00002000 08:01 925263                     /home/pingeso/.m2/repository/org/apache/maven/reporting/maven-reporting-api/2.0.9/maven-reporting-api-2.0.9.jar
7ff32804b000-7ff32804e000 r--s 00034000 08:01 925260                     /home/pingeso/.m2/repository/org/codehaus/plexus/plexus-utils/2.1/plexus-utils-2.1.jar
7ff32804e000-7ff328050000 r--s 00006000 08:01 698112                     /home/pingeso/.m2/repository/org/apache/maven/shared/maven-common-artifact-filters/1.3/maven-common-artifact-filters-1.3.jar
7ff328050000-7ff328052000 r--s 0000d000 08:01 793928                     /home/pingeso/.m2/repository/org/apache/maven/surefire/maven-surefire-common/2.10/maven-surefire-common-2.10.jar
7ff328052000-7ff328057000 r--s 00023000 08:01 793927                     /home/pingeso/.m2/repository/org/apache/maven/surefire/surefire-api/2.10/surefire-api-2.10.jar
7ff328057000-7ff328059000 r--s 00007000 08:01 793747                     /home/pingeso/.m2/repository/org/apache/maven/surefire/surefire-booter/2.10/surefire-booter-2.10.jar
7ff328059000-7ff32805b000 r--s 00006000 08:01 793943                     /home/pingeso/.m2/repository/org/apache/maven/plugins/maven-surefire-plugin/2.10/maven-surefire-plugin-2.10.jar
7ff32805b000-7ff32805e000 r--s 0001b000 08:01 794818                     /home/pingeso/.m2/repository/junit/junit/3.8.2/junit-3.8.2.jar
7ff32805e000-7ff32806c000 r--s 0008f000 08:01 795217                     /home/pingeso/.m2/repository/com/google/collections/google-collections/1.0/google-collections-1.0.jar
7ff32806c000-7ff32806d000 r--s 0000a000 08:01 706663                     /home/pingeso/.m2/repository/commons-logging/commons-logging-api/1.1/commons-logging-api-1.1.jar
7ff32806d000-7ff328074000 r--s 00051000 08:01 706662                     /home/pingeso/.m2/repository/log4j/log4j/1.2.12/log4j-1.2.12.jar
7ff328074000-7ff328078000 r--s 0001d000 08:01 417937                     /home/pingeso/.m2/repository/org/apache/xbean/xbean-reflect/3.4/xbean-reflect-3.4.jar
7ff328078000-7ff328079000 r--s 00004000 08:01 925238                     /home/pingeso/.m2/repository/org/codehaus/plexus/plexus-compiler-javac/2.2/plexus-compiler-javac-2.2.jar
7ff328079000-7ff32807b000 r--s 00000000 08:01 925237                     /home/pingeso/.m2/repository/org/codehaus/plexus/plexus-compiler-manager/2.2/plexus-compiler-manager-2.2.jar
7ff32807b000-7ff32807d000 r--s 00005000 08:01 925235                     /home/pingeso/.m2/repository/org/codehaus/plexus/plexus-compiler-api/2.2/plexus-compiler-api-2.2.jar
7ff32807d000-7ff32807f000 r--s 00002000 08:01 706660                     /home/pingeso/.m2/repository/org/apache/maven/shared/maven-shared-incremental/1.1/maven-shared-incremental-1.1.jar
7ff32807f000-7ff328081000 r--s 00006000 08:01 795214                     /home/pingeso/.m2/repository/com/google/code/findbugs/jsr305/2.0.1/jsr305-2.0.1.jar
7ff328081000-7ff328084000 r--s 00023000 08:01 706659                     /home/pingeso/.m2/repository/org/apache/maven/shared/maven-shared-utils/0.1/maven-shared-utils-0.1.jar
7ff328084000-7ff328088000 r--s 00030000 08:01 925234                     /home/pingeso/.m2/repository/org/codehaus/plexus/plexus-utils/1.5.1/plexus-utils-1.5.1.jar
7ff328088000-7ff32808a000 r--s 00009000 08:01 793930                     /home/pingeso/.m2/repository/org/apache/maven/plugins/maven-compiler-plugin/3.1/maven-compiler-plugin-3.1.jar
7ff32808a000-7ff32808c000 r--s 0000d000 08:01 706640                     /home/pingeso/.m2/repository/org/codehaus/plexus/plexus-interpolation/1.13/plexus-interpolation-1.13.jar
7ff32808c000-7ff32808d000 r--s 00001000 08:01 925204                     /home/pingeso/.m2/repository/org/sonatype/plexus/plexus-build-api/0.0.4/plexus-build-api-0.0.4.jar
7ff32808d000-7ff32808f000 r--s 00009000 08:01 417935                     /home/pingeso/.m2/repository/org/apache/maven/shared/maven-filtering/1.0/maven-filtering-1.0.jar
7ff32808f000-7ff328090000 r--s 00001000 08:01 706639                     /home/pingeso/.m2/repository/org/apache/maven/doxia/doxia-sink-api/1.0-alpha-7/doxia-sink-api-1.0-alpha-7.jar
7ff328090000-7ff328091000 r--s 00002000 08:01 706638                     /home/pingeso/.m2/repository/org/apache/maven/reporting/maven-reporting-api/2.0.6/maven-reporting-api-2.0.6.jar
7ff328091000-7ff328093000 r--s 00005000 08:01 793890                     /home/pingeso/.m2/repository/org/apache/maven/plugins/maven-resources-plugin/2.5/maven-resources-plugin-2.5.jar
7ff328093000-7ff3280a1000 r--s 0007f000 08:01 706617                     /home/pingeso/.m2/repository/commons-collections/commons-collections/3.2.1/commons-collections-3.2.1.jar
7ff3280a1000-7ff3280a6000 r--s 00041000 08:01 706615                     /home/pingeso/.m2/repository/commons-lang/commons-lang/2.6/commons-lang-2.6.jar
7ff3280a6000-7ff3280a8000 r--s 00006000 08:01 706614                     /home/pingeso/.m2/repository/org/apache/maven/shared/maven-invoker/2.0.11/maven-invoker-2.0.11.jar
7ff3280a8000-7ff3280aa000 r--s 00006000 08:01 706611                     /home/pingeso/.m2/repository/org/apache/maven/shared/maven-common-artifact-filters/1.4/maven-common-artifact-filters-1.4.jar
7ff3280aa000-7ff3280ac000 r--s 0000c000 08:01 706610                     /home/pingeso/.m2/repository/org/apache/maven/shared/maven-dependency-tree/2.0/maven-dependency-tree-2.0.jar
7ff3280ac000-7ff3280ae000 r--s 00000000 08:01 925189                     /home/pingeso/.m2/repository/org/codehaus/plexus/plexus-component-annotations/1.5.5/plexus-component-annotations-1.5.5.jar
7ff3280ae000-7ff3280af000 r--s 0000a000 08:01 706608                     /home/pingeso/.m2/repository/asm/asm/3.3.1/asm-3.3.1.jar
7ff3280af000-7ff3280b1000 r--s 00005000 08:01 706607                     /home/pingeso/.m2/repository/org/apache/maven/shared/maven-dependency-analyzer/1.3/maven-dependency-analyzer-1.3.jar
7ff3280b1000-7ff3280b4000 r--s 0000c000 08:01 925186                     /home/pingeso/.m2/repository/org/codehaus/plexus/plexus-io/2.0.6/plexus-io-2.0.6.jar
7ff3280b4000-7ff3280b6000 r--s 00008000 08:01 795207                     /home/pingeso/.m2/repository/org/apache/maven/shared/maven-shared-io/1.1/maven-shared-io-1.1.jar
7ff3280b6000-7ff3280b8000 r--s 00008000 08:01 706603                     /home/pingeso/.m2/repository/org/apache/maven/shared/file-management/1.2.1/file-management-1.2.1.jar
7ff3280b8000-7ff3280bc000 r--s 00035000 08:01 925184                     /home/pingeso/.m2/repository/org/codehaus/plexus/plexus-utils/3.0.9/plexus-utils-3.0.9.jar
7ff3280bc000-7ff3280c1000 r--s 00029000 08:01 925183                     /home/pingeso/.m2/repository/org/codehaus/plexus/plexus-archiver/2.2/plexus-archiver-2.2.jar
7ff3280c1000-7ff3280c3000 r--s 00004000 08:01 698133                     /home/pingeso/.m2/repository/org/apache/maven/doxia/doxia-module-xhtml/1.0/doxia-module-xhtml-1.0.jar
7ff3280c3000-7ff3280c4000 r--s 00006000 08:01 698132                     /home/pingeso/.m2/repository/org/apache/maven/doxia/doxia-module-xdoc/1.0/doxia-module-xdoc-1.0.jar
7ff3280c4000-7ff3280c5000 r--s 00004000 08:01 698131                     /home/pingeso/.m2/repository/org/apache/maven/doxia/doxia-module-fml/1.0/doxia-module-fml-1.0.jar
7ff3280c5000-7ff3280c7000 r--s 0000a000 08:01 698127                     /home/pingeso/.m2/repository/org/apache/maven/doxia/doxia-module-apt/1.0/doxia-module-apt-1.0.jar
7ff3280c7000-7ff3280c8000 r--s 0000b000 08:01 698125                     /home/pingeso/.m2/repository/org/apache/maven/doxia/doxia-decoration-model/1.0/doxia-decoration-model-1.0.jar
7ff3280c8000-7ff3280d0000 r--s 00058000 08:01 698122                     /home/pingeso/.m2/repository/org/apache/velocity/velocity/1.5/velocity-1.5.jar
7ff3280d0000-7ff3280d1000 r--s 00001000 08:01 925069                     /home/pingeso/.m2/repository/org/codehaus/plexus/plexus-velocity/1.1.7/plexus-velocity-1.1.7.jar
7ff3280d1000-7ff3280d2000 r--s 00002000 08:01 925068                     /home/pingeso/.m2/repository/org/codehaus/plexus/plexus-i18n/1.0-beta-7/plexus-i18n-1.0-beta-7.jar
7ff3280d2000-7ff3280d4000 r--s 0000a000 08:01 698118                     /home/pingeso/.m2/repository/org/apache/maven/doxia/doxia-site-renderer/1.0/doxia-site-renderer-1.0.jar
7ff3280d4000-7ff3280d5000 r--s 00002000 08:01 698117                     /home/pingeso/.m2/repository/org/apache/maven/doxia/doxia-sink-api/1.0/doxia-sink-api-1.0.jar
7ff3280d5000-7ff3280da000 r--s 00016000 08:01 706599                     /home/pingeso/.m2/repository/xml-apis/xml-apis/1.0.b2/xml-apis-1.0.b2.jar
7ff3280da000-7ff3280dc000 r--s 0000e000 08:01 698124                     /home/pingeso/.m2/repository/oro/oro/2.0.8/oro-2.0.8.jar
7ff3280dc000-7ff3280de000 r--s 00008000 08:01 706598                     /home/pingeso/.m2/repository/commons-logging/commons-logging/1.0.4/commons-logging-1.0.4.jar
7ff3280de000-7ff3280e2000 r--s 00026000 08:01 706596                     /home/pingeso/.m2/repository/commons-digester/commons-digester/1.6/commons-digester-1.6.jar
7ff3280e2000-7ff3280e7000 r--s 0002a000 08:01 706591                     /home/pingeso/.m2/repository/commons-beanutils/commons-beanutils/1.7.0/commons-beanutils-1.7.0.jar
7ff3280e7000-7ff3280ea000 r--s 00014000 08:01 706592                     /home/pingeso/.m2/repository/commons-validator/commons-validator/1.2.0/commons-validator-1.2.0.jar
7ff3280ea000-7ff3280ed000 r--s 00018000 08:01 706594                     /home/pingeso/.m2/repository/commons-io/commons-io/1.4/commons-io-1.4.jar
7ff3280ed000-7ff3280ef000 r--s 00009000 08:01 706593                     /home/pingeso/.m2/repository/org/apache/maven/shared/maven-doxia-tools/1.0.2/maven-doxia-tools-1.0.2.jar
7ff3280ef000-7ff3280f2000 r--s 0000b000 08:01 698119                     /home/pingeso/.m2/repository/org/apache/maven/doxia/doxia-core/1.0/doxia-core-1.0.jar
7ff3280f2000-7ff3280f4000 r--s 00004000 08:01 417928                     /home/pingeso/.m2/repository/org/apache/maven/reporting/maven-reporting-impl/2.0.5/maven-reporting-impl-2.0.5.jar
7ff3280f4000-7ff3280f5000 r--s 00002000 08:01 698106                     /home/pingeso/.m2/repository/org/apache/maven/reporting/maven-reporting-api/3.0/maven-reporting-api-3.0.jar
7ff3280f5000-7ff3280f7000 r--s 00002000 08:01 924290                     /home/pingeso/.m2/repository/org/codehaus/plexus/plexus-interactivity-api/1.0-alpha-4/plexus-interactivity-api-1.0-alpha-4.jar
7ff3280f7000-7ff3280f9000 r--s 00006000 08:01 706589                     /home/pingeso/.m2/repository/commons-cli/commons-cli/1.0/commons-cli-1.0.jar
7ff3280f9000-7ff3280fc000 r--s 00021000 08:01 793861                     /home/pingeso/.m2/repository/org/apache/maven/plugins/maven-dependency-plugin/2.6/maven-dependency-plugin-2.6.jar
7ff3280fc000-7ff3280fd000 r--s 00002000 08:01 925300                     /home/pingeso/.m2/repository/org/codehaus/plexus/plexus-digest/1.0/plexus-digest-1.0.jar
7ff3280fd000-7ff328101000 r--s 00033000 08:01 925129                     /home/pingeso/.m2/repository/org/codehaus/plexus/plexus-utils/2.0.5/plexus-utils-2.0.5.jar
7ff328101000-7ff328104000 r--s 0001b000 08:01 795209                     /home/pingeso/.m2/repository/junit/junit/3.8.1/junit-3.8.1.jar
7ff328104000-7ff328105000 r--s 00005000 08:01 793992                     /home/pingeso/.m2/repository/org/apache/maven/plugins/maven-install-plugin/2.3.1/maven-install-plugin-2.3.1.jar
7ff328105000-7ff328305000 rw-p 00000000 00:00 0 
7ff328305000-7ff328308000 ---p 00000000 00:00 0 
7ff328308000-7ff32833e000 rw-p 00000000 00:00 0                          [stack:18840]
7ff32833e000-7ff32833f000 r--p 00000000 00:00 0 
7ff32833f000-7ff328344000 r--s 00092000 08:01 418249                     /usr/lib/jvm/java-8-oracle/jre/lib/jsse.jar
7ff328344000-7ff328544000 rw-p 00000000 00:00 0 
7ff328544000-7ff328546000 r--s 0000c000 08:01 927990                     /home/pingeso/netbeans-8.0/java/maven-nblib/netbeans-eventspy.jar
7ff328546000-7ff328562000 r--s 00393000 08:01 418517                     /usr/lib/jvm/java-8-oracle/jre/lib/ext/cldrdata.jar
7ff328562000-7ff32856d000 r--s 0021a000 08:01 418516                     /usr/lib/jvm/java-8-oracle/jre/lib/ext/localedata.jar
7ff32856d000-7ff32856f000 r--s 00009000 08:01 927982                     /home/pingeso/netbeans-8.0/java/maven/lib/maven-embedder-3.0.5.jar
7ff32856f000-7ff328573000 r--s 00012000 08:01 928001                     /home/pingeso/netbeans-8.0/java/maven/lib/aether-api-1.13.1.jar
7ff328573000-7ff328576000 r--s 0001d000 08:01 927994                     /home/pingeso/netbeans-8.0/java/maven/lib/aether-impl-1.13.1.jar
7ff328576000-7ff328578000 r--s 0000b000 08:01 927981                     /home/pingeso/netbeans-8.0/java/maven/lib/maven-artifact-3.0.5.jar
7ff328578000-7ff32857f000 r--s 0003e000 08:01 927970                     /home/pingeso/netbeans-8.0/java/maven/lib/sisu-inject-bean-2.3.0.jar
7ff32857f000-7ff328580000 r--s 00009000 08:01 928010                     /home/pingeso/netbeans-8.0/java/maven/lib/commons-cli-1.2.jar
7ff328580000-7ff328585000 r--s 00020000 08:01 927920                     /home/pingeso/netbeans-8.0/java/maven/lib/maven-model-builder-3.0.5.jar
7ff328585000-7ff328586000 r--s 00003000 08:01 928002                     /home/pingeso/netbeans-8.0/java/maven/lib/aether-spi-1.13.1.jar
7ff328586000-7ff32858a000 r--s 0001c000 08:01 927995                     /home/pingeso/netbeans-8.0/java/maven/lib/aether-util-1.13.1.jar
7ff32858a000-7ff32858c000 r--s 00006000 08:01 927848                     /home/pingeso/netbeans-8.0/java/maven/lib/aether-connector-wagon-1.13.1.jar
7ff32858c000-7ff328594000 r--s 0004e000 08:01 927953                     /home/pingeso/netbeans-8.0/java/maven/lib/sisu-guice-3.1.0-no_aop.jar
7ff328594000-7ff3285b2000 r--s 0014f000 08:01 928008                     /home/pingeso/netbeans-8.0/java/maven/lib/sisu-guava-0.9.9.jar
7ff3285b2000-7ff3285be000 r--s 0007b000 08:01 928007                     /home/pingeso/netbeans-8.0/java/maven/lib/maven-core-3.0.5.jar
7ff3285be000-7ff3285c4000 r--s 0003e000 08:01 927996                     /home/pingeso/netbeans-8.0/java/maven/lib/maven-compat-3.0.5.jar
7ff3285c4000-7ff3285df000 r--s 000e0000 08:01 927978                     /home/pingeso/netbeans-8.0/java/maven/lib/wagon-http-2.4-shaded.jar
7ff3285df000-7ff3285e0000 ---p 00000000 00:00 0 
7ff3285e0000-7ff3286e0000 rw-p 00000000 00:00 0                          [stack:18837]
7ff3286e0000-7ff3286e3000 ---p 00000000 00:00 0 
7ff3286e3000-7ff3287e1000 rw-p 00000000 00:00 0                          [stack:18836]
7ff3287e1000-7ff3287e4000 ---p 00000000 00:00 0 
7ff3287e4000-7ff3288e2000 rw-p 00000000 00:00 0                          [stack:18835]
7ff3288e2000-7ff3288e5000 ---p 00000000 00:00 0 
7ff3288e5000-7ff3289e3000 rw-p 00000000 00:00 0                          [stack:18834]
7ff3289e3000-7ff3289e6000 ---p 00000000 00:00 0 
7ff3289e6000-7ff328ae4000 rw-p 00000000 00:00 0                          [stack:18833]
7ff328ae4000-7ff3291c6000 r--p 00000000 08:01 6941                       /usr/lib/locale/locale-archive
7ff3291c6000-7ff3291c9000 ---p 00000000 00:00 0 
7ff3291c9000-7ff3292c7000 rw-p 00000000 00:00 0                          [stack:18831]
7ff3292c7000-7ff3292ca000 ---p 00000000 00:00 0 
7ff3292ca000-7ff3293c8000 rw-p 00000000 00:00 0                          [stack:18830]
7ff3293c8000-7ff3293c9000 ---p 00000000 00:00 0 
7ff3293c9000-7ff329e63000 rw-p 00000000 00:00 0                          [stack:18829]
7ff329e63000-7ff32a038000 r--s 03c4d000 08:01 418246                     /usr/lib/jvm/java-8-oracle/jre/lib/rt.jar
7ff32a038000-7ff32b9a3000 rw-p 00000000 00:00 0 
7ff32b9a3000-7ff32b9a4000 ---p 00000000 00:00 0 
7ff32b9a4000-7ff32baa4000 rw-p 00000000 00:00 0                          [stack:18828]
7ff32baa4000-7ff32baa5000 ---p 00000000 00:00 0 
7ff32baa5000-7ff32bbd1000 rw-p 00000000 00:00 0                          [stack:18827]
7ff32bbd1000-7ff32bf65000 ---p 00000000 00:00 0 
7ff32bf65000-7ff32ca35000 rwxp 00000000 00:00 0 
7ff32ca35000-7ff33af65000 ---p 00000000 00:00 0 
7ff33af65000-7ff33af81000 r-xp 00000000 08:01 418399                     /usr/lib/jvm/java-8-oracle/jre/lib/amd64/libzip.so
7ff33af81000-7ff33b180000 ---p 0001c000 08:01 418399                     /usr/lib/jvm/java-8-oracle/jre/lib/amd64/libzip.so
7ff33b180000-7ff33b181000 rw-p 0001b000 08:01 418399                     /usr/lib/jvm/java-8-oracle/jre/lib/amd64/libzip.so
7ff33b181000-7ff33b18c000 r-xp 00000000 08:01 921993                     /lib/x86_64-linux-gnu/libnss_files-2.19.so
7ff33b18c000-7ff33b38b000 ---p 0000b000 08:01 921993                     /lib/x86_64-linux-gnu/libnss_files-2.19.so
7ff33b38b000-7ff33b38c000 r--p 0000a000 08:01 921993                     /lib/x86_64-linux-gnu/libnss_files-2.19.so
7ff33b38c000-7ff33b38d000 rw-p 0000b000 08:01 921993                     /lib/x86_64-linux-gnu/libnss_files-2.19.so
7ff33b38d000-7ff33b398000 r-xp 00000000 08:01 922003                     /lib/x86_64-linux-gnu/libnss_nis-2.19.so
7ff33b398000-7ff33b597000 ---p 0000b000 08:01 922003                     /lib/x86_64-linux-gnu/libnss_nis-2.19.so
7ff33b597000-7ff33b598000 r--p 0000a000 08:01 922003                     /lib/x86_64-linux-gnu/libnss_nis-2.19.so
7ff33b598000-7ff33b599000 rw-p 0000b000 08:01 922003                     /lib/x86_64-linux-gnu/libnss_nis-2.19.so
7ff33b599000-7ff33b5b0000 r-xp 00000000 08:01 921987                     /lib/x86_64-linux-gnu/libnsl-2.19.so
7ff33b5b0000-7ff33b7af000 ---p 00017000 08:01 921987                     /lib/x86_64-linux-gnu/libnsl-2.19.so
7ff33b7af000-7ff33b7b0000 r--p 00016000 08:01 921987                     /lib/x86_64-linux-gnu/libnsl-2.19.so
7ff33b7b0000-7ff33b7b1000 rw-p 00017000 08:01 921987                     /lib/x86_64-linux-gnu/libnsl-2.19.so
7ff33b7b1000-7ff33b7b3000 rw-p 00000000 00:00 0 
7ff33b7b3000-7ff33b7bc000 r-xp 00000000 08:01 921989                     /lib/x86_64-linux-gnu/libnss_compat-2.19.so
7ff33b7bc000-7ff33b9bb000 ---p 00009000 08:01 921989                     /lib/x86_64-linux-gnu/libnss_compat-2.19.so
7ff33b9bb000-7ff33b9bc000 r--p 00008000 08:01 921989                     /lib/x86_64-linux-gnu/libnss_compat-2.19.so
7ff33b9bc000-7ff33b9bd000 rw-p 00009000 08:01 921989                     /lib/x86_64-linux-gnu/libnss_compat-2.19.so
7ff33b9bd000-7ff33b9e7000 r-xp 00000000 08:01 418394                     /usr/lib/jvm/java-8-oracle/jre/lib/amd64/libjava.so
7ff33b9e7000-7ff33bbe7000 ---p 0002a000 08:01 418394                     /usr/lib/jvm/java-8-oracle/jre/lib/amd64/libjava.so
7ff33bbe7000-7ff33bbe9000 rw-p 0002a000 08:01 418394                     /usr/lib/jvm/java-8-oracle/jre/lib/amd64/libjava.so
7ff33bbe9000-7ff33bbf6000 r-xp 00000000 08:01 418385                     /usr/lib/jvm/java-8-oracle/jre/lib/amd64/libverify.so
7ff33bbf6000-7ff33bdf6000 ---p 0000d000 08:01 418385                     /usr/lib/jvm/java-8-oracle/jre/lib/amd64/libverify.so
7ff33bdf6000-7ff33bdf8000 rw-p 0000d000 08:01 418385                     /usr/lib/jvm/java-8-oracle/jre/lib/amd64/libverify.so
7ff33bdf8000-7ff33bdff000 r-xp 00000000 08:01 922046                     /lib/x86_64-linux-gnu/librt-2.19.so
7ff33bdff000-7ff33bffe000 ---p 00007000 08:01 922046                     /lib/x86_64-linux-gnu/librt-2.19.so
7ff33bffe000-7ff33bfff000 r--p 00006000 08:01 922046                     /lib/x86_64-linux-gnu/librt-2.19.so
7ff33bfff000-7ff33c000000 rw-p 00007000 08:01 922046                     /lib/x86_64-linux-gnu/librt-2.19.so
7ff33c000000-7ff33c97e000 rw-p 00000000 00:00 0 
7ff33c97e000-7ff340000000 ---p 00000000 00:00 0 
7ff340000000-7ff340002000 r--s 00002000 08:01 928000                     /home/pingeso/netbeans-8.0/java/maven/lib/plexus-cipher-1.7.jar
7ff340002000-7ff340004000 r--s 00000000 08:01 927683                     /home/pingeso/netbeans-8.0/java/maven/lib/plexus-component-annotations-1.5.5.jar
7ff340004000-7ff340006000 r--s 0000b000 08:01 927967                     /home/pingeso/netbeans-8.0/java/maven/lib/wagon-provider-api-2.4.jar
7ff340006000-7ff340007000 r--s 00006000 08:01 927921                     /home/pingeso/netbeans-8.0/java/maven/lib/plexus-sec-dispatcher-1.3.jar
7ff340007000-7ff340009000 r--s 0000d000 08:01 927922                     /home/pingeso/netbeans-8.0/java/maven/lib/plexus-interpolation-1.14.jar
7ff340009000-7ff34000b000 r--s 0000c000 08:01 927889                     /home/pingeso/netbeans-8.0/java/maven/lib/maven-aether-provider-3.0.5.jar
7ff34000b000-7ff34000e000 r--s 00008000 08:01 927873                     /home/pingeso/netbeans-8.0/java/maven/lib/maven-settings-builder-3.0.5.jar
7ff34000e000-7ff34003f000 rw-p 00000000 00:00 0 
7ff34003f000-7ff3400d5000 ---p 00000000 00:00 0 
7ff3400d5000-7ff3400f4000 rw-p 00000000 00:00 0 
7ff3400f4000-7ff340129000 ---p 00000000 00:00 0 
7ff340129000-7ff34012a000 rw-p 00000000 00:00 0 
7ff34012a000-7ff34022f000 r-xp 00000000 08:01 921968                     /lib/x86_64-linux-gnu/libm-2.19.so
7ff34022f000-7ff34042e000 ---p 00105000 08:01 921968                     /lib/x86_64-linux-gnu/libm-2.19.so
7ff34042e000-7ff34042f000 r--p 00104000 08:01 921968                     /lib/x86_64-linux-gnu/libm-2.19.so
7ff34042f000-7ff340430000 rw-p 00105000 08:01 921968                     /lib/x86_64-linux-gnu/libm-2.19.so
7ff340430000-7ff34104a000 r-xp 00000000 08:01 418372                     /usr/lib/jvm/java-8-oracle/jre/lib/amd64/server/libjvm.so
7ff34104a000-7ff341249000 ---p 00c1a000 08:01 418372                     /usr/lib/jvm/java-8-oracle/jre/lib/amd64/server/libjvm.so
7ff341249000-7ff341312000 rw-p 00c19000 08:01 418372                     /usr/lib/jvm/java-8-oracle/jre/lib/amd64/server/libjvm.so
7ff341312000-7ff341353000 rw-p 00000000 00:00 0 
7ff341353000-7ff34150f000 r-xp 00000000 08:01 921918                     /lib/x86_64-linux-gnu/libc-2.19.so
7ff34150f000-7ff34170e000 ---p 001bc000 08:01 921918                     /lib/x86_64-linux-gnu/libc-2.19.so
7ff34170e000-7ff341712000 r--p 001bb000 08:01 921918                     /lib/x86_64-linux-gnu/libc-2.19.so
7ff341712000-7ff341714000 rw-p 001bf000 08:01 921918                     /lib/x86_64-linux-gnu/libc-2.19.so
7ff341714000-7ff341719000 rw-p 00000000 00:00 0 
7ff341719000-7ff34171c000 r-xp 00000000 08:01 921935                     /lib/x86_64-linux-gnu/libdl-2.19.so
7ff34171c000-7ff34191b000 ---p 00003000 08:01 921935                     /lib/x86_64-linux-gnu/libdl-2.19.so
7ff34191b000-7ff34191c000 r--p 00002000 08:01 921935                     /lib/x86_64-linux-gnu/libdl-2.19.so
7ff34191c000-7ff34191d000 rw-p 00003000 08:01 921935                     /lib/x86_64-linux-gnu/libdl-2.19.so
7ff34191d000-7ff341934000 r-xp 00000000 08:01 288793                     /usr/lib/jvm/java-8-oracle/lib/amd64/jli/libjli.so
7ff341934000-7ff341b33000 ---p 00017000 08:01 288793                     /usr/lib/jvm/java-8-oracle/lib/amd64/jli/libjli.so
7ff341b33000-7ff341b34000 rw-p 00016000 08:01 288793                     /usr/lib/jvm/java-8-oracle/lib/amd64/jli/libjli.so
7ff341b34000-7ff341b4d000 r-xp 00000000 08:01 922038                     /lib/x86_64-linux-gnu/libpthread-2.19.so
7ff341b4d000-7ff341d4c000 ---p 00019000 08:01 922038                     /lib/x86_64-linux-gnu/libpthread-2.19.so
7ff341d4c000-7ff341d4d000 r--p 00018000 08:01 922038                     /lib/x86_64-linux-gnu/libpthread-2.19.so
7ff341d4d000-7ff341d4e000 rw-p 00019000 08:01 922038                     /lib/x86_64-linux-gnu/libpthread-2.19.so
7ff341d4e000-7ff341d52000 rw-p 00000000 00:00 0 
7ff341d52000-7ff341d75000 r-xp 00000000 08:01 921894                     /lib/x86_64-linux-gnu/ld-2.19.so
7ff341d75000-7ff341d7b000 r--s 0002b000 08:01 927941                     /home/pingeso/netbeans-8.0/java/maven/lib/sisu-inject-plexus-2.3.0.jar
7ff341d7b000-7ff341d7d000 r--s 0000a000 08:01 927969                     /home/pingeso/netbeans-8.0/java/maven/lib/maven-plugin-api-3.0.5.jar
7ff341d7d000-7ff341d80000 r--s 00033000 08:01 927993                     /home/pingeso/netbeans-8.0/java/maven/lib/plexus-utils-2.0.6.jar
7ff341d80000-7ff341d82000 r--s 0000a000 08:01 927983                     /home/pingeso/netbeans-8.0/java/maven/lib/maven-settings-3.0.5.jar
7ff341d82000-7ff341d84000 r--s 00006000 08:01 927785                     /home/pingeso/netbeans-8.0/java/maven/lib/maven-repository-metadata-3.0.5.jar
7ff341d84000-7ff341d87000 r--s 00025000 08:01 927999                     /home/pingeso/netbeans-8.0/java/maven/lib/maven-model-3.0.5.jar
7ff341d87000-7ff341d89000 r--s 0000a000 08:01 927955                     /home/pingeso/netbeans-8.0/java/maven/boot/plexus-classworlds-2.4.jar
7ff341d89000-7ff341dc1000 rw-p 00000000 00:00 0 
7ff341dc1000-7ff341e58000 ---p 00000000 00:00 0 
7ff341e58000-7ff341e5b000 ---p 00000000 00:00 0 
7ff341e5b000-7ff341f5d000 rw-p 00000000 00:00 0                          [stack:18826]
7ff341f5d000-7ff341f5e000 r--s 00002000 08:01 928012                     /home/pingeso/netbeans-8.0/java/maven/lib/wagon-file-2.4.jar
7ff341f5e000-7ff341f68000 rw-p 00000000 00:00 0 
7ff341f68000-7ff341f70000 rw-s 00000000 08:01 282973                     /tmp/hsperfdata_pingeso/18823
7ff341f70000-7ff341f71000 rw-p 00000000 00:00 0 
7ff341f71000-7ff341f72000 ---p 00000000 00:00 0 
7ff341f72000-7ff341f74000 rw-p 00000000 00:00 0 
7ff341f74000-7ff341f75000 r--p 00022000 08:01 921894                     /lib/x86_64-linux-gnu/ld-2.19.so
7ff341f75000-7ff341f76000 rw-p 00023000 08:01 921894                     /lib/x86_64-linux-gnu/ld-2.19.so
7ff341f76000-7ff341f77000 rw-p 00000000 00:00 0 
7fff2ed3a000-7fff2ed5b000 rw-p 00000000 00:00 0                          [stack]
7fff2edfe000-7fff2ee00000 r-xp 00000000 00:00 0                          [vdso]
ffffffffff600000-ffffffffff601000 r-xp 00000000 00:00 0                  [vsyscall]

VM Arguments:
jvm_args: -Dclassworlds.conf=/home/pingeso/netbeans-8.0/java/maven/bin/m2.conf -Dmaven.home=/home/pingeso/netbeans-8.0/java/maven 
java_command: org.codehaus.plexus.classworlds.launcher.Launcher -Dmaven.ext.class.path=/home/pingeso/netbeans-8.0/java/maven-nblib/netbeans-eventspy.jar --also-make --projects newborns-ear install
java_class_path (initial): /home/pingeso/netbeans-8.0/java/maven/boot/plexus-classworlds-2.4.jar
Launcher Type: SUN_STANDARD

Environment Variables:
JAVA_HOME=/usr/lib/jvm/java-8-oracle
PATH=/usr/local/sbin:/usr/local/bin:/usr/sbin:/usr/bin:/sbin:/bin:/usr/games:/usr/local/games
LD_LIBRARY_PATH=/usr/lib/jvm/java-8-oracle/jre/lib/amd64:/usr/lib/jvm/java-8-oracle/jre/lib/i386:
SHELL=/bin/bash
DISPLAY=:0

Signal Handlers:
SIGSEGV: [libjvm.so+0xa2fc90], sa_mask[0]=0x7ffbfeff, sa_flags=0x10000004
SIGBUS: [libjvm.so+0xa2fc90], sa_mask[0]=0x7ffbfeff, sa_flags=0x10000004
SIGFPE: [libjvm.so+0x89b4b0], sa_mask[0]=0x7ffbfeff, sa_flags=0x10000004
SIGPIPE: [libjvm.so+0x89b4b0], sa_mask[0]=0x7ffbfeff, sa_flags=0x10000004
SIGXFSZ: [libjvm.so+0x89b4b0], sa_mask[0]=0x7ffbfeff, sa_flags=0x10000004
SIGILL: [libjvm.so+0x89b4b0], sa_mask[0]=0x7ffbfeff, sa_flags=0x10000004
SIGUSR1: SIG_DFL, sa_mask[0]=0x00000000, sa_flags=0x00000000
SIGUSR2: [libjvm.so+0x89cc50], sa_mask[0]=0x00000004, sa_flags=0x10000004
SIGHUP: [libjvm.so+0x89df00], sa_mask[0]=0x7ffbfeff, sa_flags=0x10000004
SIGINT: SIG_IGN, sa_mask[0]=0x00000000, sa_flags=0x00000000
SIGTERM: [libjvm.so+0x89df00], sa_mask[0]=0x7ffbfeff, sa_flags=0x10000004
SIGQUIT: [libjvm.so+0x89df00], sa_mask[0]=0x7ffbfeff, sa_flags=0x10000004


---------------  S Y S T E M  ---------------

OS:DISTRIB_ID=Ubuntu
DISTRIB_RELEASE=14.04
DISTRIB_CODENAME=trusty
DISTRIB_DESCRIPTION="Ubuntu 14.04 LTS"

uname:Linux 3.13.0-29-generic #53-Ubuntu SMP Wed Jun 4 21:00:20 UTC 2014 x86_64
libc:glibc 2.19 NPTL 2.19 
rlimit: STACK 8192k, CORE 0k, NPROC 15790, NOFILE 4096, AS infinity
load average:1.06 0.83 0.89

/proc/meminfo:
MemTotal:        2042696 kB
MemFree:           58712 kB
Buffers:             300 kB
Cached:            15128 kB
SwapCached:         1284 kB
Active:          1319528 kB
Inactive:         439884 kB
Active(anon):    1316740 kB
Inactive(anon):   432060 kB
Active(file):       2788 kB
Inactive(file):     7824 kB
Unevictable:          48 kB
Mlocked:              48 kB
SwapTotal:       1046524 kB
SwapFree:              0 kB
Dirty:                72 kB
Writeback:             0 kB
AnonPages:       1742832 kB
Mapped:             7276 kB
Shmem:              4712 kB
Slab:              62416 kB
SReclaimable:      24752 kB
SUnreclaim:        37664 kB
KernelStack:        6464 kB
PageTables:        35944 kB
NFS_Unstable:          0 kB
Bounce:                0 kB
WritebackTmp:          0 kB
CommitLimit:     2067872 kB
Committed_AS:    5293300 kB
VmallocTotal:   34359738367 kB
VmallocUsed:      165976 kB
VmallocChunk:   34359506380 kB
HardwareCorrupted:     0 kB
AnonHugePages:    468992 kB
HugePages_Total:       0
HugePages_Free:        0
HugePages_Rsvd:        0
HugePages_Surp:        0
Hugepagesize:       2048 kB
DirectMap4k:       51072 kB
DirectMap2M:     2045952 kB
DirectMap1G:           0 kB


CPU:total 2 (1 cores per cpu, 1 threads per core) family 6 model 69 stepping 1, cmov, cx8, fxsr, mmx, sse, sse2, sse3, ssse3, sse4.1, sse4.2, popcnt, avx, aes, clmul, erms, tsc, tscinvbit

/proc/cpuinfo:
processor	: 0
vendor_id	: GenuineIntel
cpu family	: 6
model		: 69
model name	: Intel(R) Core(TM) i5-4258U CPU @ 2.40GHz
stepping	: 1
microcode	: 0x17
cpu MHz		: 2399.595
cache size	: 3072 KB
physical id	: 0
siblings	: 1
core id		: 0
cpu cores	: 1
apicid		: 0
initial apicid	: 0
fpu		: yes
fpu_exception	: yes
cpuid level	: 13
wp		: yes
flags		: fpu vme de pse tsc msr pae mce cx8 apic sep mtrr pge mca cmov pat pse36 clflush dts mmx fxsr sse sse2 ss syscall nx pdpe1gb rdtscp lm constant_tsc arch_perfmon pebs bts nopl xtopology tsc_reliable nonstop_tsc aperfmperf eagerfpu pni pclmulqdq ssse3 fma cx16 pcid sse4_1 sse4_2 x2apic movbe popcnt aes xsave avx f16c rdrand hypervisor lahf_lm ida arat epb xsaveopt pln pts dtherm fsgsbase smep
bogomips	: 4799.19
clflush size	: 64
cache_alignment	: 64
address sizes	: 40 bits physical, 48 bits virtual
power management:

processor	: 1
vendor_id	: GenuineIntel
cpu family	: 6
model		: 69
model name	: Intel(R) Core(TM) i5-4258U CPU @ 2.40GHz
stepping	: 1
microcode	: 0x17
cpu MHz		: 2399.595
cache size	: 3072 KB
physical id	: 2
siblings	: 1
core id		: 0
cpu cores	: 1
apicid		: 2
initial apicid	: 2
fpu		: yes
fpu_exception	: yes
cpuid level	: 13
wp		: yes
flags		: fpu vme de pse tsc msr pae mce cx8 apic sep mtrr pge mca cmov pat pse36 clflush dts mmx fxsr sse sse2 ss syscall nx pdpe1gb rdtscp lm constant_tsc arch_perfmon pebs bts nopl xtopology tsc_reliable nonstop_tsc aperfmperf eagerfpu pni pclmulqdq ssse3 fma cx16 pcid sse4_1 sse4_2 x2apic movbe popcnt aes xsave avx f16c rdrand hypervisor lahf_lm ida arat epb xsaveopt pln pts dtherm fsgsbase smep
bogomips	: 4799.19
clflush size	: 64
cache_alignment	: 64
address sizes	: 40 bits physical, 48 bits virtual
power management:



Memory: 4k page, physical 2042696k(58712k free), swap 1046524k(0k free)

vm_info: Java HotSpot(TM) 64-Bit Server VM (25.5-b02) for linux-amd64 JRE (1.8.0_05-b13), built on Mar 18 2014 00:29:27 by "java_re" with gcc 4.3.0 20080428 (Red Hat 4.3.0-8)

time: Sun Jun 22 03:34:46 2014
elapsed time: 8 seconds

