#
# There is insufficient memory for the Java Runtime Environment to continue.
# Native memory allocation (mmap) failed to map 94896128 bytes for committing reserved memory.
# Possible reasons:
#   The system is out of physical RAM or swap space
#   In 32 bit mode, the process size limit was hit
# Possible solutions:
#   Reduce memory load on the system
#   Increase physical memory or swap space
#   Check if swap backing store is full
#   Use 64 bit Java on a 64 bit OS
#   Decrease Java heap size (-Xmx/-Xms)
#   Decrease number of Java threads
#   Decrease Java thread stack sizes (-Xss)
#   Set larger code cache with -XX:ReservedCodeCacheSize=
# This output file may be truncated or incomplete.
#
#  Out of Memory Error (os_linux.cpp:2718), pid=16635, tid=140042182473472
#
# JRE version:  (8.0_05-b13) (build )
# Java VM: Java HotSpot(TM) 64-Bit Server VM (25.5-b02 mixed mode linux-amd64 compressed oops)
# Failed to write core dump. Core dumps have been disabled. To enable core dumping, try "ulimit -c unlimited" before starting Java again
#

---------------  T H R E A D  ---------------

Current thread (0x00007f5e1400a000):  JavaThread "Unknown thread" [_thread_in_vm, id=16636, stack(0x00007f5e1c7a3000,0x00007f5e1c8a4000)]

Stack: [0x00007f5e1c7a3000,0x00007f5e1c8a4000],  sp=0x00007f5e1c8a23f0,  free space=1020k
Native frames: (J=compiled Java code, j=interpreted, Vv=VM code, C=native code)
V  [libjvm.so+0xa2f43a]  VMError::report_and_die()+0x2ca
V  [libjvm.so+0x4b2d5b]  report_vm_out_of_memory(char const*, int, unsigned long, VMErrorType, char const*)+0x8b
V  [libjvm.so+0x89e443]  os::Linux::commit_memory_impl(char*, unsigned long, bool)+0x103
V  [libjvm.so+0x89e999]  os::pd_commit_memory(char*, unsigned long, unsigned long, bool)+0x29
V  [libjvm.so+0x89863a]  os::commit_memory(char*, unsigned long, unsigned long, bool)+0x2a
V  [libjvm.so+0x909243]  PSVirtualSpace::expand_by(unsigned long)+0x53
V  [libjvm.so+0x8f9819]  PSOldGen::initialize(ReservedSpace, unsigned long, char const*, int)+0xb9
V  [libjvm.so+0x2a5016]  AdjoiningGenerations::AdjoiningGenerations(ReservedSpace, GenerationSizer*, unsigned long)+0x3a6
V  [libjvm.so+0x8bf5ce]  ParallelScavengeHeap::initialize()+0x1ae
V  [libjvm.so+0x9fd783]  Universe::initialize_heap()+0xe3
V  [libjvm.so+0x9fdbc4]  universe_init()+0x64
V  [libjvm.so+0x5d45c5]  init_globals()+0x65
V  [libjvm.so+0x9e44ad]  Threads::create_vm(JavaVMInitArgs*, bool*)+0x24d
V  [libjvm.so+0x6659f4]  JNI_CreateJavaVM+0x74
C  [libjli.so+0x703e]  JavaMain+0x9e


---------------  P R O C E S S  ---------------

Java Threads: ( => current thread )

Other Threads:

=>0x00007f5e1400a000 (exited) JavaThread "Unknown thread" [_thread_in_vm, id=16636, stack(0x00007f5e1c7a3000,0x00007f5e1c8a4000)]

VM state:not at safepoint (not fully initialized)

VM Mutex/Monitor currently owned by a thread: None

GC Heap History (0 events):
No events

Deoptimization events (0 events):
No events

Internal exceptions (0 events):
No events

Events (0 events):
No events


Dynamic libraries:
00400000-00401000 r-xp 00000000 08:01 802546                             /usr/lib/jvm/java-8-oracle/jre/bin/java
00600000-00601000 rw-p 00000000 08:01 802546                             /usr/lib/jvm/java-8-oracle/jre/bin/java
018f8000-01919000 rw-p 00000000 00:00 0                                  [heap]
a9a80000-e1580000 ---p 00000000 00:00 0 
e1580000-e1700000 rw-p 00000000 00:00 0 
e1700000-100000000 ---p 00000000 00:00 0 
7f5e05000000-7f5e05270000 rwxp 00000000 00:00 0 
7f5e05270000-7f5e14000000 ---p 00000000 00:00 0 
7f5e14000000-7f5e14025000 rw-p 00000000 00:00 0 
7f5e14025000-7f5e18000000 ---p 00000000 00:00 0 
7f5e190d9000-7f5e19341000 rw-p 00000000 00:00 0 
7f5e19341000-7f5e1952b000 ---p 00000000 00:00 0 
7f5e1952b000-7f5e1952d000 rw-p 00000000 00:00 0 
7f5e1952d000-7f5e19621000 ---p 00000000 00:00 0 
7f5e19621000-7f5e1962c000 rw-p 00000000 00:00 0 
7f5e1962c000-7f5e199e2000 ---p 00000000 00:00 0 
7f5e199e2000-7f5e199fe000 r-xp 00000000 08:01 802486                     /usr/lib/jvm/java-8-oracle/jre/lib/amd64/libzip.so
7f5e199fe000-7f5e19bfd000 ---p 0001c000 08:01 802486                     /usr/lib/jvm/java-8-oracle/jre/lib/amd64/libzip.so
7f5e19bfd000-7f5e19bfe000 rw-p 0001b000 08:01 802486                     /usr/lib/jvm/java-8-oracle/jre/lib/amd64/libzip.so
7f5e19bfe000-7f5e19c09000 r-xp 00000000 08:01 13635515                   /lib/x86_64-linux-gnu/libnss_files-2.19.so
7f5e19c09000-7f5e19e08000 ---p 0000b000 08:01 13635515                   /lib/x86_64-linux-gnu/libnss_files-2.19.so
7f5e19e08000-7f5e19e09000 r--p 0000a000 08:01 13635515                   /lib/x86_64-linux-gnu/libnss_files-2.19.so
7f5e19e09000-7f5e19e0a000 rw-p 0000b000 08:01 13635515                   /lib/x86_64-linux-gnu/libnss_files-2.19.so
7f5e19e0a000-7f5e19e15000 r-xp 00000000 08:01 13635525                   /lib/x86_64-linux-gnu/libnss_nis-2.19.so
7f5e19e15000-7f5e1a014000 ---p 0000b000 08:01 13635525                   /lib/x86_64-linux-gnu/libnss_nis-2.19.so
7f5e1a014000-7f5e1a015000 r--p 0000a000 08:01 13635525                   /lib/x86_64-linux-gnu/libnss_nis-2.19.so
7f5e1a015000-7f5e1a016000 rw-p 0000b000 08:01 13635525                   /lib/x86_64-linux-gnu/libnss_nis-2.19.so
7f5e1a016000-7f5e1a02d000 r-xp 00000000 08:01 13635509                   /lib/x86_64-linux-gnu/libnsl-2.19.so
7f5e1a02d000-7f5e1a22c000 ---p 00017000 08:01 13635509                   /lib/x86_64-linux-gnu/libnsl-2.19.so
7f5e1a22c000-7f5e1a22d000 r--p 00016000 08:01 13635509                   /lib/x86_64-linux-gnu/libnsl-2.19.so
7f5e1a22d000-7f5e1a22e000 rw-p 00017000 08:01 13635509                   /lib/x86_64-linux-gnu/libnsl-2.19.so
7f5e1a22e000-7f5e1a230000 rw-p 00000000 00:00 0 
7f5e1a230000-7f5e1a239000 r-xp 00000000 08:01 13635511                   /lib/x86_64-linux-gnu/libnss_compat-2.19.so
7f5e1a239000-7f5e1a438000 ---p 00009000 08:01 13635511                   /lib/x86_64-linux-gnu/libnss_compat-2.19.so
7f5e1a438000-7f5e1a439000 r--p 00008000 08:01 13635511                   /lib/x86_64-linux-gnu/libnss_compat-2.19.so
7f5e1a439000-7f5e1a43a000 rw-p 00009000 08:01 13635511                   /lib/x86_64-linux-gnu/libnss_compat-2.19.so
7f5e1a43a000-7f5e1a464000 r-xp 00000000 08:01 802449                     /usr/lib/jvm/java-8-oracle/jre/lib/amd64/libjava.so
7f5e1a464000-7f5e1a664000 ---p 0002a000 08:01 802449                     /usr/lib/jvm/java-8-oracle/jre/lib/amd64/libjava.so
7f5e1a664000-7f5e1a666000 rw-p 0002a000 08:01 802449                     /usr/lib/jvm/java-8-oracle/jre/lib/amd64/libjava.so
7f5e1a666000-7f5e1a673000 r-xp 00000000 08:01 802447                     /usr/lib/jvm/java-8-oracle/jre/lib/amd64/libverify.so
7f5e1a673000-7f5e1a873000 ---p 0000d000 08:01 802447                     /usr/lib/jvm/java-8-oracle/jre/lib/amd64/libverify.so
7f5e1a873000-7f5e1a875000 rw-p 0000d000 08:01 802447                     /usr/lib/jvm/java-8-oracle/jre/lib/amd64/libverify.so
7f5e1a875000-7f5e1a87c000 r-xp 00000000 08:01 13635568                   /lib/x86_64-linux-gnu/librt-2.19.so
7f5e1a87c000-7f5e1aa7b000 ---p 00007000 08:01 13635568                   /lib/x86_64-linux-gnu/librt-2.19.so
7f5e1aa7b000-7f5e1aa7c000 r--p 00006000 08:01 13635568                   /lib/x86_64-linux-gnu/librt-2.19.so
7f5e1aa7c000-7f5e1aa7d000 rw-p 00007000 08:01 13635568                   /lib/x86_64-linux-gnu/librt-2.19.so
7f5e1aa7d000-7f5e1ab82000 r-xp 00000000 08:01 13635490                   /lib/x86_64-linux-gnu/libm-2.19.so
7f5e1ab82000-7f5e1ad81000 ---p 00105000 08:01 13635490                   /lib/x86_64-linux-gnu/libm-2.19.so
7f5e1ad81000-7f5e1ad82000 r--p 00104000 08:01 13635490                   /lib/x86_64-linux-gnu/libm-2.19.so
7f5e1ad82000-7f5e1ad83000 rw-p 00105000 08:01 13635490                   /lib/x86_64-linux-gnu/libm-2.19.so
7f5e1ad83000-7f5e1b99d000 r-xp 00000000 08:01 802457                     /usr/lib/jvm/java-8-oracle/jre/lib/amd64/server/libjvm.so
7f5e1b99d000-7f5e1bb9c000 ---p 00c1a000 08:01 802457                     /usr/lib/jvm/java-8-oracle/jre/lib/amd64/server/libjvm.so
7f5e1bb9c000-7f5e1bc65000 rw-p 00c19000 08:01 802457                     /usr/lib/jvm/java-8-oracle/jre/lib/amd64/server/libjvm.so
7f5e1bc65000-7f5e1bca6000 rw-p 00000000 00:00 0 
7f5e1bca6000-7f5e1be62000 r-xp 00000000 08:01 13635440                   /lib/x86_64-linux-gnu/libc-2.19.so
7f5e1be62000-7f5e1c061000 ---p 001bc000 08:01 13635440                   /lib/x86_64-linux-gnu/libc-2.19.so
7f5e1c061000-7f5e1c065000 r--p 001bb000 08:01 13635440                   /lib/x86_64-linux-gnu/libc-2.19.so
7f5e1c065000-7f5e1c067000 rw-p 001bf000 08:01 13635440                   /lib/x86_64-linux-gnu/libc-2.19.so
7f5e1c067000-7f5e1c06c000 rw-p 00000000 00:00 0 
7f5e1c06c000-7f5e1c06f000 r-xp 00000000 08:01 13635457                   /lib/x86_64-linux-gnu/libdl-2.19.so
7f5e1c06f000-7f5e1c26e000 ---p 00003000 08:01 13635457                   /lib/x86_64-linux-gnu/libdl-2.19.so
7f5e1c26e000-7f5e1c26f000 r--p 00002000 08:01 13635457                   /lib/x86_64-linux-gnu/libdl-2.19.so
7f5e1c26f000-7f5e1c270000 rw-p 00003000 08:01 13635457                   /lib/x86_64-linux-gnu/libdl-2.19.so
7f5e1c270000-7f5e1c287000 r-xp 00000000 08:01 802483                     /usr/lib/jvm/java-8-oracle/jre/lib/amd64/jli/libjli.so
7f5e1c287000-7f5e1c486000 ---p 00017000 08:01 802483                     /usr/lib/jvm/java-8-oracle/jre/lib/amd64/jli/libjli.so
7f5e1c486000-7f5e1c487000 rw-p 00016000 08:01 802483                     /usr/lib/jvm/java-8-oracle/jre/lib/amd64/jli/libjli.so
7f5e1c487000-7f5e1c4a0000 r-xp 00000000 08:01 13635560                   /lib/x86_64-linux-gnu/libpthread-2.19.so
7f5e1c4a0000-7f5e1c69f000 ---p 00019000 08:01 13635560                   /lib/x86_64-linux-gnu/libpthread-2.19.so
7f5e1c69f000-7f5e1c6a0000 r--p 00018000 08:01 13635560                   /lib/x86_64-linux-gnu/libpthread-2.19.so
7f5e1c6a0000-7f5e1c6a1000 rw-p 00019000 08:01 13635560                   /lib/x86_64-linux-gnu/libpthread-2.19.so
7f5e1c6a1000-7f5e1c6a5000 rw-p 00000000 00:00 0 
7f5e1c6a5000-7f5e1c6c8000 r-xp 00000000 08:01 13635416                   /lib/x86_64-linux-gnu/ld-2.19.so
7f5e1c7a3000-7f5e1c7a6000 ---p 00000000 00:00 0 
7f5e1c7a6000-7f5e1c8a8000 rw-p 00000000 00:00 0                          [stack:16636]
7f5e1c8b9000-7f5e1c8bb000 rw-p 00000000 00:00 0 
7f5e1c8bb000-7f5e1c8c3000 rw-s 00000000 08:01 6422537                    /tmp/hsperfdata_sylar/16635
7f5e1c8c3000-7f5e1c8c4000 rw-p 00000000 00:00 0 
7f5e1c8c4000-7f5e1c8c5000 r--p 00000000 00:00 0 
7f5e1c8c5000-7f5e1c8c7000 rw-p 00000000 00:00 0 
7f5e1c8c7000-7f5e1c8c8000 r--p 00022000 08:01 13635416                   /lib/x86_64-linux-gnu/ld-2.19.so
7f5e1c8c8000-7f5e1c8c9000 rw-p 00023000 08:01 13635416                   /lib/x86_64-linux-gnu/ld-2.19.so
7f5e1c8c9000-7f5e1c8ca000 rw-p 00000000 00:00 0 
7fff50225000-7fff50246000 rw-p 00000000 00:00 0                          [stack]
7fff5026d000-7fff5026f000 r-xp 00000000 00:00 0                          [vdso]
ffffffffff600000-ffffffffff601000 r-xp 00000000 00:00 0                  [vsyscall]

VM Arguments:
java_command: /home/sylar/proyectos/pingeso/newborns/newborns-web/target/surefire/surefirebooter6183602100770983038.jar /home/sylar/proyectos/pingeso/newborns/newborns-web/target/surefire/surefire176745220946333132tmp /home/sylar/proyectos/pingeso/newborns/newborns-web/target/surefire/surefire7380131645358087918tmp
java_class_path (initial): /home/sylar/proyectos/pingeso/newborns/newborns-web/target/surefire/surefirebooter6183602100770983038.jar
Launcher Type: SUN_STANDARD

Environment Variables:
JAVA_HOME=/usr/lib/jvm/java-8-oracle
PATH=/usr/local/sbin:/usr/local/bin:/usr/sbin:/usr/bin:/sbin:/bin:/usr/games:/usr/local/games:/home/sylar/.rvm/bin
LD_LIBRARY_PATH=/usr/lib/jvm/java-8-oracle/jre/lib/amd64:/usr/lib/jvm/java-8-oracle/jre/lib/i386:
SHELL=/bin/bash
DISPLAY=:0

Signal Handlers:
SIGSEGV: [libjvm.so+0xa2fc90], sa_mask[0]=0x7ffbfeff, sa_flags=0x10000004
SIGBUS: [libjvm.so+0xa2fc90], sa_mask[0]=0x7ffbfeff, sa_flags=0x10000004
SIGFPE: [libjvm.so+0x89b4b0], sa_mask[0]=0x7ffbfeff, sa_flags=0x10000004
SIGPIPE: [libjvm.so+0x89b4b0], sa_mask[0]=0x7ffbfeff, sa_flags=0x10000004
SIGXFSZ: [libjvm.so+0x89b4b0], sa_mask[0]=0x7ffbfeff, sa_flags=0x10000004
SIGILL: [libjvm.so+0x89b4b0], sa_mask[0]=0x7ffbfeff, sa_flags=0x10000004
SIGUSR1: SIG_DFL, sa_mask[0]=0x00000000, sa_flags=0x00000000
SIGUSR2: [libjvm.so+0x89cc50], sa_mask[0]=0x00000004, sa_flags=0x10000004
SIGHUP: SIG_DFL, sa_mask[0]=0x00000000, sa_flags=0x00000000
SIGINT: SIG_IGN, sa_mask[0]=0x00000000, sa_flags=0x00000000
SIGTERM: SIG_DFL, sa_mask[0]=0x00000000, sa_flags=0x00000000
SIGQUIT: SIG_DFL, sa_mask[0]=0x00000000, sa_flags=0x00000000


---------------  S Y S T E M  ---------------

OS:DISTRIB_ID=Ubuntu
DISTRIB_RELEASE=14.04
DISTRIB_CODENAME=trusty
DISTRIB_DESCRIPTION="Ubuntu 14.04 LTS"

uname:Linux 3.13.0-24-generic #47-Ubuntu SMP Fri May 2 23:30:00 UTC 2014 x86_64
libc:glibc 2.19 NPTL 2.19 
rlimit: STACK 8192k, CORE 0k, NPROC 46889, NOFILE 4096, AS infinity
load average:2.56 2.08 1.89

/proc/meminfo:
MemTotal:        6023352 kB
MemFree:          141084 kB
Buffers:            1036 kB
Cached:           501168 kB
SwapCached:            0 kB
Active:          5181128 kB
Inactive:         469684 kB
Active(anon):    5157492 kB
Inactive(anon):   450056 kB
Active(file):      23636 kB
Inactive(file):    19628 kB
Unevictable:          80 kB
Mlocked:              80 kB
SwapTotal:             0 kB
SwapFree:              0 kB
Dirty:               304 kB
Writeback:             0 kB
AnonPages:       5149180 kB
Mapped:           250468 kB
Shmem:            458448 kB
Slab:              79704 kB
SReclaimable:      37712 kB
SUnreclaim:        41992 kB
KernelStack:        7552 kB
PageTables:        68644 kB
NFS_Unstable:          0 kB
Bounce:                0 kB
WritebackTmp:          0 kB
CommitLimit:     3011676 kB
Committed_AS:   10911492 kB
VmallocTotal:   34359738367 kB
VmallocUsed:      354988 kB
VmallocChunk:   34359374012 kB
HardwareCorrupted:     0 kB
AnonHugePages:   1101824 kB
HugePages_Total:       0
HugePages_Free:        0
HugePages_Rsvd:        0
HugePages_Surp:        0
Hugepagesize:       2048 kB
DirectMap4k:       65472 kB
DirectMap2M:     6137856 kB


CPU:total 4 (2 cores per cpu, 2 threads per core) family 6 model 42 stepping 7, cmov, cx8, fxsr, mmx, sse, sse2, sse3, ssse3, sse4.1, sse4.2, popcnt, avx, clmul, ht, tsc, tscinvbit

/proc/cpuinfo:
processor	: 0
vendor_id	: GenuineIntel
cpu family	: 6
model		: 42
model name	: Intel(R) Core(TM) i3-2350M CPU @ 2.30GHz
stepping	: 7
microcode	: 0x23
cpu MHz		: 800.000
cache size	: 3072 KB
physical id	: 0
siblings	: 4
core id		: 0
cpu cores	: 2
apicid		: 0
initial apicid	: 0
fpu		: yes
fpu_exception	: yes
cpuid level	: 13
wp		: yes
flags		: fpu vme de pse tsc msr pae mce cx8 apic sep mtrr pge mca cmov pat pse36 clflush dts acpi mmx fxsr sse sse2 ss ht tm pbe syscall nx rdtscp lm constant_tsc arch_perfmon pebs bts nopl xtopology nonstop_tsc aperfmperf eagerfpu pni pclmulqdq dtes64 monitor ds_cpl vmx est tm2 ssse3 cx16 xtpr pdcm pcid sse4_1 sse4_2 x2apic popcnt tsc_deadline_timer xsave avx lahf_lm arat epb xsaveopt pln pts dtherm tpr_shadow vnmi flexpriority ept vpid
bogomips	: 4589.78
clflush size	: 64
cache_alignment	: 64
address sizes	: 36 bits physical, 48 bits virtual
power management:

processor	: 1
vendor_id	: GenuineIntel
cpu family	: 6
model		: 42
model name	: Intel(R) Core(TM) i3-2350M CPU @ 2.30GHz
stepping	: 7
microcode	: 0x23
cpu MHz		: 2300.000
cache size	: 3072 KB
physical id	: 0
siblings	: 4
core id		: 0
cpu cores	: 2
apicid		: 1
initial apicid	: 1
fpu		: yes
fpu_exception	: yes
cpuid level	: 13
wp		: yes
flags		: fpu vme de pse tsc msr pae mce cx8 apic sep mtrr pge mca cmov pat pse36 clflush dts acpi mmx fxsr sse sse2 ss ht tm pbe syscall nx rdtscp lm constant_tsc arch_perfmon pebs bts nopl xtopology nonstop_tsc aperfmperf eagerfpu pni pclmulqdq dtes64 monitor ds_cpl vmx est tm2 ssse3 cx16 xtpr pdcm pcid sse4_1 sse4_2 x2apic popcnt tsc_deadline_timer xsave avx lahf_lm arat epb xsaveopt pln pts dtherm tpr_shadow vnmi flexpriority ept vpid
bogomips	: 4589.78
clflush size	: 64
cache_alignment	: 64
address sizes	: 36 bits physical, 48 bits virtual
power management:

processor	: 2
vendor_id	: GenuineIntel
cpu family	: 6
model		: 42
model name	: Intel(R) Core(TM) i3-2350M CPU @ 2.30GHz
stepping	: 7
microcode	: 0x23
cpu MHz		: 2300.000
cache size	: 3072 KB
physical id	: 0
siblings	: 4
core id		: 1
cpu cores	: 2
apicid		: 2
initial apicid	: 2
fpu		: yes
fpu_exception	: yes
cpuid level	: 13
wp		: yes
flags		: fpu vme de pse tsc msr pae mce cx8 apic sep mtrr pge mca cmov pat pse36 clflush dts acpi mmx fxsr sse sse2 ss ht tm pbe syscall nx rdtscp lm constant_tsc arch_perfmon pebs bts nopl xtopology nonstop_tsc aperfmperf eagerfpu pni pclmulqdq dtes64 monitor ds_cpl vmx est tm2 ssse3 cx16 xtpr pdcm pcid sse4_1 sse4_2 x2apic popcnt tsc_deadline_timer xsave avx lahf_lm arat epb xsaveopt pln pts dtherm tpr_shadow vnmi flexpriority ept vpid
bogomips	: 4589.78
clflush size	: 64
cache_alignment	: 64
address sizes	: 36 bits physical, 48 bits virtual
power management:

processor	: 3
vendor_id	: GenuineIntel
cpu family	: 6
model		: 42
model name	: Intel(R) Core(TM) i3-2350M CPU @ 2.30GHz
stepping	: 7
microcode	: 0x23
cpu MHz		: 800.000
cache size	: 3072 KB
physical id	: 0
siblings	: 4
core id		: 1
cpu cores	: 2
apicid		: 3
initial apicid	: 3
fpu		: yes
fpu_exception	: yes
cpuid level	: 13
wp		: yes
flags		: fpu vme de pse tsc msr pae mce cx8 apic sep mtrr pge mca cmov pat pse36 clflush dts acpi mmx fxsr sse sse2 ss ht tm pbe syscall nx rdtscp lm constant_tsc arch_perfmon pebs bts nopl xtopology nonstop_tsc aperfmperf eagerfpu pni pclmulqdq dtes64 monitor ds_cpl vmx est tm2 ssse3 cx16 xtpr pdcm pcid sse4_1 sse4_2 x2apic popcnt tsc_deadline_timer xsave avx lahf_lm arat epb xsaveopt pln pts dtherm tpr_shadow vnmi flexpriority ept vpid
bogomips	: 4589.78
clflush size	: 64
cache_alignment	: 64
address sizes	: 36 bits physical, 48 bits virtual
power management:



Memory: 4k page, physical 6023352k(141084k free), swap 0k(0k free)

vm_info: Java HotSpot(TM) 64-Bit Server VM (25.5-b02) for linux-amd64 JRE (1.8.0_05-b13), built on Mar 18 2014 00:29:27 by "java_re" with gcc 4.3.0 20080428 (Red Hat 4.3.0-8)

time: Sun Jun 22 23:44:48 2014
elapsed time: 1 seconds

