#
# There is insufficient memory for the Java Runtime Environment to continue.
# Native memory allocation (mmap) failed to map 31981568 bytes for committing reserved memory.
# Possible reasons:
#   The system is out of physical RAM or swap space
#   In 32 bit mode, the process size limit was hit
# Possible solutions:
#   Reduce memory load on the system
#   Increase physical memory or swap space
#   Check if swap backing store is full
#   Use 64 bit Java on a 64 bit OS
#   Decrease Java heap size (-Xmx/-Xms)
#   Decrease number of Java threads
#   Decrease Java thread stack sizes (-Xss)
#   Set larger code cache with -XX:ReservedCodeCacheSize=
# This output file may be truncated or incomplete.
#
#  Out of Memory Error (os_linux.cpp:2718), pid=18891, tid=139717321123584
#
# JRE version:  (8.0_05-b13) (build )
# Java VM: Java HotSpot(TM) 64-Bit Server VM (25.5-b02 mixed mode linux-amd64 compressed oops)
# Failed to write core dump. Core dumps have been disabled. To enable core dumping, try "ulimit -c unlimited" before starting Java again
#

---------------  T H R E A D  ---------------

Current thread (0x00007f127000a000):  JavaThread "Unknown thread" [_thread_in_vm, id=18892, stack(0x00007f12793b6000,0x00007f12794b7000)]

Stack: [0x00007f12793b6000,0x00007f12794b7000],  sp=0x00007f12794b53f0,  free space=1020k
Native frames: (J=compiled Java code, j=interpreted, Vv=VM code, C=native code)
V  [libjvm.so+0xa2f43a]  VMError::report_and_die()+0x2ca
V  [libjvm.so+0x4b2d5b]  report_vm_out_of_memory(char const*, int, unsigned long, VMErrorType, char const*)+0x8b
V  [libjvm.so+0x89e443]  os::Linux::commit_memory_impl(char*, unsigned long, bool)+0x103
V  [libjvm.so+0x89e999]  os::pd_commit_memory(char*, unsigned long, unsigned long, bool)+0x29
V  [libjvm.so+0x89863a]  os::commit_memory(char*, unsigned long, unsigned long, bool)+0x2a
V  [libjvm.so+0x909243]  PSVirtualSpace::expand_by(unsigned long)+0x53
V  [libjvm.so+0x8f9819]  PSOldGen::initialize(ReservedSpace, unsigned long, char const*, int)+0xb9
V  [libjvm.so+0x2a5016]  AdjoiningGenerations::AdjoiningGenerations(ReservedSpace, GenerationSizer*, unsigned long)+0x3a6
V  [libjvm.so+0x8bf5ce]  ParallelScavengeHeap::initialize()+0x1ae
V  [libjvm.so+0x9fd783]  Universe::initialize_heap()+0xe3
V  [libjvm.so+0x9fdbc4]  universe_init()+0x64
V  [libjvm.so+0x5d45c5]  init_globals()+0x65
V  [libjvm.so+0x9e44ad]  Threads::create_vm(JavaVMInitArgs*, bool*)+0x24d
V  [libjvm.so+0x6659f4]  JNI_CreateJavaVM+0x74
C  [libjli.so+0x703e]  JavaMain+0x9e


---------------  P R O C E S S  ---------------

Java Threads: ( => current thread )

Other Threads:

=>0x00007f127000a000 (exited) JavaThread "Unknown thread" [_thread_in_vm, id=18892, stack(0x00007f12793b6000,0x00007f12794b7000)]

VM state:not at safepoint (not fully initialized)

VM Mutex/Monitor currently owned by a thread: None

GC Heap History (0 events):
No events

Deoptimization events (0 events):
No events

Internal exceptions (0 events):
No events

Events (0 events):
No events


Dynamic libraries:
00400000-00401000 r-xp 00000000 08:01 418542                             /usr/lib/jvm/java-8-oracle/jre/bin/java
00600000-00601000 rw-p 00000000 08:01 418542                             /usr/lib/jvm/java-8-oracle/jre/bin/java
00afe000-00b1f000 rw-p 00000000 00:00 0                                  [heap]
e2a80000-f5980000 ---p 00000000 00:00 0 
f5980000-f5b00000 rw-p 00000000 00:00 0 
f5b00000-100000000 ---p 00000000 00:00 0 
7f1261000000-7f1261270000 rwxp 00000000 00:00 0 
7f1261270000-7f1270000000 ---p 00000000 00:00 0 
7f1270000000-7f1270025000 rw-p 00000000 00:00 0 
7f1270025000-7f1274000000 ---p 00000000 00:00 0 
7f1275eca000-7f1276132000 rw-p 00000000 00:00 0 
7f1276132000-7f12761d8000 ---p 00000000 00:00 0 
7f12761d8000-7f12761da000 rw-p 00000000 00:00 0 
7f12761da000-7f127622c000 ---p 00000000 00:00 0 
7f127622c000-7f1276237000 rw-p 00000000 00:00 0 
7f1276237000-7f12765ed000 ---p 00000000 00:00 0 
7f12765ed000-7f1276609000 r-xp 00000000 08:01 418399                     /usr/lib/jvm/java-8-oracle/jre/lib/amd64/libzip.so
7f1276609000-7f1276808000 ---p 0001c000 08:01 418399                     /usr/lib/jvm/java-8-oracle/jre/lib/amd64/libzip.so
7f1276808000-7f1276809000 rw-p 0001b000 08:01 418399                     /usr/lib/jvm/java-8-oracle/jre/lib/amd64/libzip.so
7f1276809000-7f1276814000 r-xp 00000000 08:01 921993                     /lib/x86_64-linux-gnu/libnss_files-2.19.so
7f1276814000-7f1276a13000 ---p 0000b000 08:01 921993                     /lib/x86_64-linux-gnu/libnss_files-2.19.so
7f1276a13000-7f1276a14000 r--p 0000a000 08:01 921993                     /lib/x86_64-linux-gnu/libnss_files-2.19.so
7f1276a14000-7f1276a15000 rw-p 0000b000 08:01 921993                     /lib/x86_64-linux-gnu/libnss_files-2.19.so
7f1276a15000-7f1276a20000 r-xp 00000000 08:01 922003                     /lib/x86_64-linux-gnu/libnss_nis-2.19.so
7f1276a20000-7f1276c1f000 ---p 0000b000 08:01 922003                     /lib/x86_64-linux-gnu/libnss_nis-2.19.so
7f1276c1f000-7f1276c20000 r--p 0000a000 08:01 922003                     /lib/x86_64-linux-gnu/libnss_nis-2.19.so
7f1276c20000-7f1276c21000 rw-p 0000b000 08:01 922003                     /lib/x86_64-linux-gnu/libnss_nis-2.19.so
7f1276c21000-7f1276c38000 r-xp 00000000 08:01 921987                     /lib/x86_64-linux-gnu/libnsl-2.19.so
7f1276c38000-7f1276e37000 ---p 00017000 08:01 921987                     /lib/x86_64-linux-gnu/libnsl-2.19.so
7f1276e37000-7f1276e38000 r--p 00016000 08:01 921987                     /lib/x86_64-linux-gnu/libnsl-2.19.so
7f1276e38000-7f1276e39000 rw-p 00017000 08:01 921987                     /lib/x86_64-linux-gnu/libnsl-2.19.so
7f1276e39000-7f1276e3b000 rw-p 00000000 00:00 0 
7f1276e3b000-7f1276e44000 r-xp 00000000 08:01 921989                     /lib/x86_64-linux-gnu/libnss_compat-2.19.so
7f1276e44000-7f1277043000 ---p 00009000 08:01 921989                     /lib/x86_64-linux-gnu/libnss_compat-2.19.so
7f1277043000-7f1277044000 r--p 00008000 08:01 921989                     /lib/x86_64-linux-gnu/libnss_compat-2.19.so
7f1277044000-7f1277045000 rw-p 00009000 08:01 921989                     /lib/x86_64-linux-gnu/libnss_compat-2.19.so
7f1277045000-7f127706f000 r-xp 00000000 08:01 418394                     /usr/lib/jvm/java-8-oracle/jre/lib/amd64/libjava.so
7f127706f000-7f127726f000 ---p 0002a000 08:01 418394                     /usr/lib/jvm/java-8-oracle/jre/lib/amd64/libjava.so
7f127726f000-7f1277271000 rw-p 0002a000 08:01 418394                     /usr/lib/jvm/java-8-oracle/jre/lib/amd64/libjava.so
7f1277271000-7f127727e000 r-xp 00000000 08:01 418385                     /usr/lib/jvm/java-8-oracle/jre/lib/amd64/libverify.so
7f127727e000-7f127747e000 ---p 0000d000 08:01 418385                     /usr/lib/jvm/java-8-oracle/jre/lib/amd64/libverify.so
7f127747e000-7f1277480000 rw-p 0000d000 08:01 418385                     /usr/lib/jvm/java-8-oracle/jre/lib/amd64/libverify.so
7f1277480000-7f1277487000 r-xp 00000000 08:01 922046                     /lib/x86_64-linux-gnu/librt-2.19.so
7f1277487000-7f1277686000 ---p 00007000 08:01 922046                     /lib/x86_64-linux-gnu/librt-2.19.so
7f1277686000-7f1277687000 r--p 00006000 08:01 922046                     /lib/x86_64-linux-gnu/librt-2.19.so
7f1277687000-7f1277688000 rw-p 00007000 08:01 922046                     /lib/x86_64-linux-gnu/librt-2.19.so
7f1277688000-7f127778d000 r-xp 00000000 08:01 921968                     /lib/x86_64-linux-gnu/libm-2.19.so
7f127778d000-7f127798c000 ---p 00105000 08:01 921968                     /lib/x86_64-linux-gnu/libm-2.19.so
7f127798c000-7f127798d000 r--p 00104000 08:01 921968                     /lib/x86_64-linux-gnu/libm-2.19.so
7f127798d000-7f127798e000 rw-p 00105000 08:01 921968                     /lib/x86_64-linux-gnu/libm-2.19.so
7f127798e000-7f12785a8000 r-xp 00000000 08:01 418372                     /usr/lib/jvm/java-8-oracle/jre/lib/amd64/server/libjvm.so
7f12785a8000-7f12787a7000 ---p 00c1a000 08:01 418372                     /usr/lib/jvm/java-8-oracle/jre/lib/amd64/server/libjvm.so
7f12787a7000-7f1278870000 rw-p 00c19000 08:01 418372                     /usr/lib/jvm/java-8-oracle/jre/lib/amd64/server/libjvm.so
7f1278870000-7f12788b1000 rw-p 00000000 00:00 0 
7f12788b1000-7f1278a6d000 r-xp 00000000 08:01 921918                     /lib/x86_64-linux-gnu/libc-2.19.so
7f1278a6d000-7f1278c6c000 ---p 001bc000 08:01 921918                     /lib/x86_64-linux-gnu/libc-2.19.so
7f1278c6c000-7f1278c70000 r--p 001bb000 08:01 921918                     /lib/x86_64-linux-gnu/libc-2.19.so
7f1278c70000-7f1278c72000 rw-p 001bf000 08:01 921918                     /lib/x86_64-linux-gnu/libc-2.19.so
7f1278c72000-7f1278c77000 rw-p 00000000 00:00 0 
7f1278c77000-7f1278c7a000 r-xp 00000000 08:01 921935                     /lib/x86_64-linux-gnu/libdl-2.19.so
7f1278c7a000-7f1278e79000 ---p 00003000 08:01 921935                     /lib/x86_64-linux-gnu/libdl-2.19.so
7f1278e79000-7f1278e7a000 r--p 00002000 08:01 921935                     /lib/x86_64-linux-gnu/libdl-2.19.so
7f1278e7a000-7f1278e7b000 rw-p 00003000 08:01 921935                     /lib/x86_64-linux-gnu/libdl-2.19.so
7f1278e7b000-7f1278e92000 r-xp 00000000 08:01 418392                     /usr/lib/jvm/java-8-oracle/jre/lib/amd64/jli/libjli.so
7f1278e92000-7f1279091000 ---p 00017000 08:01 418392                     /usr/lib/jvm/java-8-oracle/jre/lib/amd64/jli/libjli.so
7f1279091000-7f1279092000 rw-p 00016000 08:01 418392                     /usr/lib/jvm/java-8-oracle/jre/lib/amd64/jli/libjli.so
7f1279092000-7f12790ab000 r-xp 00000000 08:01 922038                     /lib/x86_64-linux-gnu/libpthread-2.19.so
7f12790ab000-7f12792aa000 ---p 00019000 08:01 922038                     /lib/x86_64-linux-gnu/libpthread-2.19.so
7f12792aa000-7f12792ab000 r--p 00018000 08:01 922038                     /lib/x86_64-linux-gnu/libpthread-2.19.so
7f12792ab000-7f12792ac000 rw-p 00019000 08:01 922038                     /lib/x86_64-linux-gnu/libpthread-2.19.so
7f12792ac000-7f12792b0000 rw-p 00000000 00:00 0 
7f12792b0000-7f12792d3000 r-xp 00000000 08:01 921894                     /lib/x86_64-linux-gnu/ld-2.19.so
7f12793b6000-7f12793b9000 ---p 00000000 00:00 0 
7f12793b9000-7f12794bb000 rw-p 00000000 00:00 0                          [stack:18892]
7f12794c4000-7f12794c6000 rw-p 00000000 00:00 0 
7f12794c6000-7f12794ce000 rw-s 00000000 08:01 282977                     /tmp/hsperfdata_pingeso/18891
7f12794ce000-7f12794cf000 rw-p 00000000 00:00 0 
7f12794cf000-7f12794d0000 r--p 00000000 00:00 0 
7f12794d0000-7f12794d2000 rw-p 00000000 00:00 0 
7f12794d2000-7f12794d3000 r--p 00022000 08:01 921894                     /lib/x86_64-linux-gnu/ld-2.19.so
7f12794d3000-7f12794d4000 rw-p 00023000 08:01 921894                     /lib/x86_64-linux-gnu/ld-2.19.so
7f12794d4000-7f12794d5000 rw-p 00000000 00:00 0 
7ffff3e2e000-7ffff3e4f000 rw-p 00000000 00:00 0                          [stack]
7ffff3f0c000-7ffff3f0e000 r-xp 00000000 00:00 0                          [vdso]
ffffffffff600000-ffffffffff601000 r-xp 00000000 00:00 0                  [vsyscall]

VM Arguments:
java_command: /home/pingeso/NetBeansProjects/newborns/newborns-web/target/surefire/surefirebooter8188135126605657316.jar /home/pingeso/NetBeansProjects/newborns/newborns-web/target/surefire/surefire8267064605269480352tmp /home/pingeso/NetBeansProjects/newborns/newborns-web/target/surefire/surefire7605199561756993326tmp
java_class_path (initial): /home/pingeso/NetBeansProjects/newborns/newborns-web/target/surefire/surefirebooter8188135126605657316.jar
Launcher Type: SUN_STANDARD

Environment Variables:
JAVA_HOME=/usr/lib/jvm/java-8-oracle
PATH=/usr/local/sbin:/usr/local/bin:/usr/sbin:/usr/bin:/sbin:/bin:/usr/games:/usr/local/games
LD_LIBRARY_PATH=/usr/lib/jvm/java-8-oracle/jre/lib/amd64:/usr/lib/jvm/java-8-oracle/jre/lib/i386:
SHELL=/bin/bash
DISPLAY=:0

Signal Handlers:
SIGSEGV: [libjvm.so+0xa2fc90], sa_mask[0]=0x7ffbfeff, sa_flags=0x10000004
SIGBUS: [libjvm.so+0xa2fc90], sa_mask[0]=0x7ffbfeff, sa_flags=0x10000004
SIGFPE: [libjvm.so+0x89b4b0], sa_mask[0]=0x7ffbfeff, sa_flags=0x10000004
SIGPIPE: [libjvm.so+0x89b4b0], sa_mask[0]=0x7ffbfeff, sa_flags=0x10000004
SIGXFSZ: [libjvm.so+0x89b4b0], sa_mask[0]=0x7ffbfeff, sa_flags=0x10000004
SIGILL: [libjvm.so+0x89b4b0], sa_mask[0]=0x7ffbfeff, sa_flags=0x10000004
SIGUSR1: SIG_DFL, sa_mask[0]=0x00000000, sa_flags=0x00000000
SIGUSR2: [libjvm.so+0x89cc50], sa_mask[0]=0x00000004, sa_flags=0x10000004
SIGHUP: SIG_DFL, sa_mask[0]=0x00000000, sa_flags=0x00000000
SIGINT: SIG_IGN, sa_mask[0]=0x00000000, sa_flags=0x00000000
SIGTERM: SIG_DFL, sa_mask[0]=0x00000000, sa_flags=0x00000000
SIGQUIT: SIG_DFL, sa_mask[0]=0x00000000, sa_flags=0x00000000


---------------  S Y S T E M  ---------------

OS:DISTRIB_ID=Ubuntu
DISTRIB_RELEASE=14.04
DISTRIB_CODENAME=trusty
DISTRIB_DESCRIPTION="Ubuntu 14.04 LTS"

uname:Linux 3.13.0-29-generic #53-Ubuntu SMP Wed Jun 4 21:00:20 UTC 2014 x86_64
libc:glibc 2.19 NPTL 2.19 
rlimit: STACK 8192k, CORE 0k, NPROC 15790, NOFILE 4096, AS infinity
load average:1.06 0.83 0.89

/proc/meminfo:
MemTotal:        2042696 kB
MemFree:           75332 kB
Buffers:             444 kB
Cached:            14048 kB
SwapCached:         1536 kB
Active:          1302512 kB
Inactive:         439332 kB
Active(anon):    1297840 kB
Inactive(anon):   434472 kB
Active(file):       4672 kB
Inactive(file):     4860 kB
Unevictable:          48 kB
Mlocked:              48 kB
SwapTotal:       1046524 kB
SwapFree:              0 kB
Dirty:                72 kB
Writeback:             0 kB
AnonPages:       1726192 kB
Mapped:            10940 kB
Shmem:              4712 kB
Slab:              62416 kB
SReclaimable:      24752 kB
SUnreclaim:        37664 kB
KernelStack:        6464 kB
PageTables:        36068 kB
NFS_Unstable:          0 kB
Bounce:                0 kB
WritebackTmp:          0 kB
CommitLimit:     2067872 kB
Committed_AS:    5299128 kB
VmallocTotal:   34359738367 kB
VmallocUsed:      165976 kB
VmallocChunk:   34359506380 kB
HardwareCorrupted:     0 kB
AnonHugePages:    468992 kB
HugePages_Total:       0
HugePages_Free:        0
HugePages_Rsvd:        0
HugePages_Surp:        0
Hugepagesize:       2048 kB
DirectMap4k:       51072 kB
DirectMap2M:     2045952 kB
DirectMap1G:           0 kB


CPU:total 2 (1 cores per cpu, 1 threads per core) family 6 model 69 stepping 1, cmov, cx8, fxsr, mmx, sse, sse2, sse3, ssse3, sse4.1, sse4.2, popcnt, avx, aes, clmul, erms, tsc, tscinvbit

/proc/cpuinfo:
processor	: 0
vendor_id	: GenuineIntel
cpu family	: 6
model		: 69
model name	: Intel(R) Core(TM) i5-4258U CPU @ 2.40GHz
stepping	: 1
microcode	: 0x17
cpu MHz		: 2399.595
cache size	: 3072 KB
physical id	: 0
siblings	: 1
core id		: 0
cpu cores	: 1
apicid		: 0
initial apicid	: 0
fpu		: yes
fpu_exception	: yes
cpuid level	: 13
wp		: yes
flags		: fpu vme de pse tsc msr pae mce cx8 apic sep mtrr pge mca cmov pat pse36 clflush dts mmx fxsr sse sse2 ss syscall nx pdpe1gb rdtscp lm constant_tsc arch_perfmon pebs bts nopl xtopology tsc_reliable nonstop_tsc aperfmperf eagerfpu pni pclmulqdq ssse3 fma cx16 pcid sse4_1 sse4_2 x2apic movbe popcnt aes xsave avx f16c rdrand hypervisor lahf_lm ida arat epb xsaveopt pln pts dtherm fsgsbase smep
bogomips	: 4799.19
clflush size	: 64
cache_alignment	: 64
address sizes	: 40 bits physical, 48 bits virtual
power management:

processor	: 1
vendor_id	: GenuineIntel
cpu family	: 6
model		: 69
model name	: Intel(R) Core(TM) i5-4258U CPU @ 2.40GHz
stepping	: 1
microcode	: 0x17
cpu MHz		: 2399.595
cache size	: 3072 KB
physical id	: 2
siblings	: 1
core id		: 0
cpu cores	: 1
apicid		: 2
initial apicid	: 2
fpu		: yes
fpu_exception	: yes
cpuid level	: 13
wp		: yes
flags		: fpu vme de pse tsc msr pae mce cx8 apic sep mtrr pge mca cmov pat pse36 clflush dts mmx fxsr sse sse2 ss syscall nx pdpe1gb rdtscp lm constant_tsc arch_perfmon pebs bts nopl xtopology tsc_reliable nonstop_tsc aperfmperf eagerfpu pni pclmulqdq ssse3 fma cx16 pcid sse4_1 sse4_2 x2apic movbe popcnt aes xsave avx f16c rdrand hypervisor lahf_lm ida arat epb xsaveopt pln pts dtherm fsgsbase smep
bogomips	: 4799.19
clflush size	: 64
cache_alignment	: 64
address sizes	: 40 bits physical, 48 bits virtual
power management:



Memory: 4k page, physical 2042696k(75332k free), swap 1046524k(0k free)

vm_info: Java HotSpot(TM) 64-Bit Server VM (25.5-b02) for linux-amd64 JRE (1.8.0_05-b13), built on Mar 18 2014 00:29:27 by "java_re" with gcc 4.3.0 20080428 (Red Hat 4.3.0-8)

time: Sun Jun 22 03:34:45 2014
elapsed time: 0 seconds

